[2.207s] Invoking command in '/home/robousr/Desktop/Robotica_Semestre-2026-1/Proyecto_Final_ws/build/robot2_control': PYTHONPATH=/home/robousr/Desktop/Robotica_Semestre-2026-1/Proyecto_Final_ws/build/robot2_control/prefix_override:/usr/lib/python3/dist-packages/colcon_core/task/python/colcon_distutils_commands:/home/robousr/Desktop/Robotica_Semestre-2026-1/Proyecto_Final_ws/install/robot2_control/lib/python3.10/site-packages:${PYTHONPATH} /usr/bin/python3 -W ignore:setup.py install is deprecated -W ignore:easy_install command is deprecated setup.py develop --editable --build-directory /home/robousr/Desktop/Robotica_Semestre-2026-1/Proyecto_Final_ws/build/robot2_control/build --no-deps symlink_data
[2.795s] running develop
[3.030s] running egg_info
[3.030s] creating robot2_control.egg-info
[3.031s] writing robot2_control.egg-info/PKG-INFO
[3.032s] writing dependency_links to robot2_control.egg-info/dependency_links.txt
[3.032s] writing entry points to robot2_control.egg-info/entry_points.txt
[3.032s] writing requirements to robot2_control.egg-info/requires.txt
[3.032s] writing top-level names to robot2_control.egg-info/top_level.txt
[3.033s] writing manifest file 'robot2_control.egg-info/SOURCES.txt'
[3.034s] reading manifest file 'robot2_control.egg-info/SOURCES.txt'
[3.035s] writing manifest file 'robot2_control.egg-info/SOURCES.txt'
[3.037s] running build_ext
[3.037s] Creating /home/robousr/Desktop/Robotica_Semestre-2026-1/Proyecto_Final_ws/install/robot2_control/lib/python3.10/site-packages/robot2-control.egg-link (link to .)
[3.038s] Installing controller_manager script to /home/robousr/Desktop/Robotica_Semestre-2026-1/Proyecto_Final_ws/install/robot2_control/lib/robot2_control
[3.038s] Installing hardware_interface script to /home/robousr/Desktop/Robotica_Semestre-2026-1/Proyecto_Final_ws/install/robot2_control/lib/robot2_control
[3.038s] Installing manipulator_controller script to /home/robousr/Desktop/Robotica_Semestre-2026-1/Proyecto_Final_ws/install/robot2_control/lib/robot2_control
[3.040s] 
[3.040s] Installed /home/robousr/Desktop/Robotica_Semestre-2026-1/Proyecto_Final_ws/build/robot2_control
[3.040s] running symlink_data
[3.042s] creating /home/robousr/Desktop/Robotica_Semestre-2026-1/Proyecto_Final_ws/install/robot2_control/share/ament_index
[3.042s] creating /home/robousr/Desktop/Robotica_Semestre-2026-1/Proyecto_Final_ws/install/robot2_control/share/ament_index/resource_index
[3.042s] creating /home/robousr/Desktop/Robotica_Semestre-2026-1/Proyecto_Final_ws/install/robot2_control/share/ament_index/resource_index/packages
[3.042s] symbolically linking /home/robousr/Desktop/Robotica_Semestre-2026-1/Proyecto_Final_ws/build/robot2_control/resource/robot2_control -> /home/robousr/Desktop/Robotica_Semestre-2026-1/Proyecto_Final_ws/install/robot2_control/share/ament_index/resource_index/packages
[3.042s] symbolically linking /home/robousr/Desktop/Robotica_Semestre-2026-1/Proyecto_Final_ws/build/robot2_control/package.xml -> /home/robousr/Desktop/Robotica_Semestre-2026-1/Proyecto_Final_ws/install/robot2_control/share/robot2_control
[3.223s] Invoked command in '/home/robousr/Desktop/Robotica_Semestre-2026-1/Proyecto_Final_ws/build/robot2_control' returned '0': PYTHONPATH=/home/robousr/Desktop/Robotica_Semestre-2026-1/Proyecto_Final_ws/build/robot2_control/prefix_override:/usr/lib/python3/dist-packages/colcon_core/task/python/colcon_distutils_commands:/home/robousr/Desktop/Robotica_Semestre-2026-1/Proyecto_Final_ws/install/robot2_control/lib/python3.10/site-packages:${PYTHONPATH} /usr/bin/python3 -W ignore:setup.py install is deprecated -W ignore:easy_install command is deprecated setup.py develop --editable --build-directory /home/robousr/Desktop/Robotica_Semestre-2026-1/Proyecto_Final_ws/build/robot2_control/build --no-deps symlink_data
