[1.695s] Invoking command in '/home/robousr/Robotica-2026-1/Proyecto_Final_ws/src/robot1_description': PYTHONPATH=/home/robousr/Robotica-2026-1/Proyecto_Final_ws/build/robot1_description/prefix_override:/usr/lib/python3/dist-packages/colcon_core/task/python/colcon_distutils_commands:/home/robousr/Robotica-2026-1/Proyecto_Final_ws/install/robot1_description/lib/python3.10/site-packages:${PYTHONPATH} /usr/bin/python3 -W ignore:setup.py install is deprecated -W ignore:easy_install command is deprecated setup.py egg_info --egg-base ../../build/robot1_description build --build-base /home/robousr/Robotica-2026-1/Proyecto_Final_ws/build/robot1_description/build install --record /home/robousr/Robotica-2026-1/Proyecto_Final_ws/build/robot1_description/install.log --single-version-externally-managed install_data
[1.999s] running egg_info
[2.000s] writing ../../build/robot1_description/robot1_description.egg-info/PKG-INFO
[2.000s] writing dependency_links to ../../build/robot1_description/robot1_description.egg-info/dependency_links.txt
[2.000s] writing entry points to ../../build/robot1_description/robot1_description.egg-info/entry_points.txt
[2.000s] writing requirements to ../../build/robot1_description/robot1_description.egg-info/requires.txt
[2.000s] writing top-level names to ../../build/robot1_description/robot1_description.egg-info/top_level.txt
[2.001s] reading manifest file '../../build/robot1_description/robot1_description.egg-info/SOURCES.txt'
[2.002s] writing manifest file '../../build/robot1_description/robot1_description.egg-info/SOURCES.txt'
[2.005s] running build
[2.005s] running build_py
[2.005s] running install
[2.005s] running install_lib
[2.005s] running install_data
[2.005s] running install_egg_info
[2.006s] removing '/home/robousr/Robotica-2026-1/Proyecto_Final_ws/install/robot1_description/lib/python3.10/site-packages/robot1_description-0.0.0-py3.10.egg-info' (and everything under it)
[2.007s] Copying ../../build/robot1_description/robot1_description.egg-info to /home/robousr/Robotica-2026-1/Proyecto_Final_ws/install/robot1_description/lib/python3.10/site-packages/robot1_description-0.0.0-py3.10.egg-info
[2.013s] running install_scripts
[2.031s] writing list of installed files to '/home/robousr/Robotica-2026-1/Proyecto_Final_ws/build/robot1_description/install.log'
[2.117s] Invoked command in '/home/robousr/Robotica-2026-1/Proyecto_Final_ws/src/robot1_description' returned '0': PYTHONPATH=/home/robousr/Robotica-2026-1/Proyecto_Final_ws/build/robot1_description/prefix_override:/usr/lib/python3/dist-packages/colcon_core/task/python/colcon_distutils_commands:/home/robousr/Robotica-2026-1/Proyecto_Final_ws/install/robot1_description/lib/python3.10/site-packages:${PYTHONPATH} /usr/bin/python3 -W ignore:setup.py install is deprecated -W ignore:easy_install command is deprecated setup.py egg_info --egg-base ../../build/robot1_description build --build-base /home/robousr/Robotica-2026-1/Proyecto_Final_ws/build/robot1_description/build install --record /home/robousr/Robotica-2026-1/Proyecto_Final_ws/build/robot1_description/install.log --single-version-externally-managed install_data
