[1.696s] Invoking command in '/home/robousr/Robotica-2026-1/Proyecto_Final_ws/src/robot2_control': PYTHONPATH=/home/robousr/Robotica-2026-1/Proyecto_Final_ws/build/robot2_control/prefix_override:/usr/lib/python3/dist-packages/colcon_core/task/python/colcon_distutils_commands:/home/robousr/Robotica-2026-1/Proyecto_Final_ws/install/robot2_control/lib/python3.10/site-packages:${PYTHONPATH} /usr/bin/python3 -W ignore:setup.py install is deprecated -W ignore:easy_install command is deprecated setup.py egg_info --egg-base ../../build/robot2_control build --build-base /home/robousr/Robotica-2026-1/Proyecto_Final_ws/build/robot2_control/build install --record /home/robousr/Robotica-2026-1/Proyecto_Final_ws/build/robot2_control/install.log --single-version-externally-managed install_data
[1.972s] running egg_info
[1.972s] writing ../../build/robot2_control/robot2_control.egg-info/PKG-INFO
[1.973s] writing dependency_links to ../../build/robot2_control/robot2_control.egg-info/dependency_links.txt
[1.973s] writing entry points to ../../build/robot2_control/robot2_control.egg-info/entry_points.txt
[1.974s] writing requirements to ../../build/robot2_control/robot2_control.egg-info/requires.txt
[1.974s] writing top-level names to ../../build/robot2_control/robot2_control.egg-info/top_level.txt
[1.977s] reading manifest file '../../build/robot2_control/robot2_control.egg-info/SOURCES.txt'
[1.978s] writing manifest file '../../build/robot2_control/robot2_control.egg-info/SOURCES.txt'
[1.978s] running build
[1.978s] running build_py
[1.979s] running install
[1.979s] running install_lib
[1.982s] running install_data
[1.982s] running install_egg_info
[1.983s] removing '/home/robousr/Robotica-2026-1/Proyecto_Final_ws/install/robot2_control/lib/python3.10/site-packages/robot2_control-0.0.0-py3.10.egg-info' (and everything under it)
[1.989s] Copying ../../build/robot2_control/robot2_control.egg-info to /home/robousr/Robotica-2026-1/Proyecto_Final_ws/install/robot2_control/lib/python3.10/site-packages/robot2_control-0.0.0-py3.10.egg-info
[1.989s] running install_scripts
[2.019s] Installing controller_manager script to /home/robousr/Robotica-2026-1/Proyecto_Final_ws/install/robot2_control/lib/robot2_control
[2.019s] Installing hardware_interface script to /home/robousr/Robotica-2026-1/Proyecto_Final_ws/install/robot2_control/lib/robot2_control
[2.019s] Installing manipulator_controller script to /home/robousr/Robotica-2026-1/Proyecto_Final_ws/install/robot2_control/lib/robot2_control
[2.019s] writing list of installed files to '/home/robousr/Robotica-2026-1/Proyecto_Final_ws/build/robot2_control/install.log'
[2.097s] Invoked command in '/home/robousr/Robotica-2026-1/Proyecto_Final_ws/src/robot2_control' returned '0': PYTHONPATH=/home/robousr/Robotica-2026-1/Proyecto_Final_ws/build/robot2_control/prefix_override:/usr/lib/python3/dist-packages/colcon_core/task/python/colcon_distutils_commands:/home/robousr/Robotica-2026-1/Proyecto_Final_ws/install/robot2_control/lib/python3.10/site-packages:${PYTHONPATH} /usr/bin/python3 -W ignore:setup.py install is deprecated -W ignore:easy_install command is deprecated setup.py egg_info --egg-base ../../build/robot2_control build --build-base /home/robousr/Robotica-2026-1/Proyecto_Final_ws/build/robot2_control/build install --record /home/robousr/Robotica-2026-1/Proyecto_Final_ws/build/robot2_control/install.log --single-version-externally-managed install_data
