running develop
running egg_info
creating robot2_description.egg-info
writing robot2_description.egg-info/PKG-INFO
writing dependency_links to robot2_description.egg-info/dependency_links.txt
writing entry points to robot2_description.egg-info/entry_points.txt
writing requirements to robot2_description.egg-info/requires.txt
writing top-level names to robot2_description.egg-info/top_level.txt
writing manifest file 'robot2_description.egg-info/SOURCES.txt'
reading manifest file 'robot2_description.egg-info/SOURCES.txt'
writing manifest file 'robot2_description.egg-info/SOURCES.txt'
running build_ext
Creating /home/robousr/Desktop/Robotica_Semestre-2026-1/Proyecto_Final_ws/install/robot2_description/lib/python3.10/site-packages/robot2-description.egg-link (link to .)

Installed /home/robousr/Desktop/Robotica_Semestre-2026-1/Proyecto_Final_ws/build/robot2_description
running symlink_data
creating /home/robousr/Desktop/Robotica_Semestre-2026-1/Proyecto_Final_ws/install/robot2_description/share/ament_index
creating /home/robousr/Desktop/Robotica_Semestre-2026-1/Proyecto_Final_ws/install/robot2_description/share/ament_index/resource_index
creating /home/robousr/Desktop/Robotica_Semestre-2026-1/Proyecto_Final_ws/install/robot2_description/share/ament_index/resource_index/packages
symbolically linking /home/robousr/Desktop/Robotica_Semestre-2026-1/Proyecto_Final_ws/build/robot2_description/resource/robot2_description -> /home/robousr/Desktop/Robotica_Semestre-2026-1/Proyecto_Final_ws/install/robot2_description/share/ament_index/resource_index/packages
symbolically linking /home/robousr/Desktop/Robotica_Semestre-2026-1/Proyecto_Final_ws/build/robot2_description/package.xml -> /home/robousr/Desktop/Robotica_Semestre-2026-1/Proyecto_Final_ws/install/robot2_description/share/robot2_description
creating /home/robousr/Desktop/Robotica_Semestre-2026-1/Proyecto_Final_ws/install/robot2_description/share/robot2_description/urdf
symbolically linking /home/robousr/Desktop/Robotica_Semestre-2026-1/Proyecto_Final_ws/build/robot2_description/urdf/robot2.urdf -> /home/robousr/Desktop/Robotica_Semestre-2026-1/Proyecto_Final_ws/install/robot2_description/share/robot2_description/urdf
creating /home/robousr/Desktop/Robotica_Semestre-2026-1/Proyecto_Final_ws/install/robot2_description/share/robot2_description/rviz
symbolically linking /home/robousr/Desktop/Robotica_Semestre-2026-1/Proyecto_Final_ws/build/robot2_description/rviz/robot2_config.rviz -> /home/robousr/Desktop/Robotica_Semestre-2026-1/Proyecto_Final_ws/install/robot2_description/share/robot2_description/rviz
