[1.663s] Invoking command in '/home/robousr/Desktop/Robotica_Semestre-2026-1/Proyecto_Final_ws/build/robot2_description': PYTHONPATH=/home/robousr/Desktop/Robotica_Semestre-2026-1/Proyecto_Final_ws/build/robot2_description/prefix_override:/usr/lib/python3/dist-packages/colcon_core/task/python/colcon_distutils_commands:/home/robousr/Desktop/Robotica_Semestre-2026-1/Proyecto_Final_ws/install/robot2_description/lib/python3.10/site-packages:${PYTHONPATH} /usr/bin/python3 -W ignore:setup.py install is deprecated -W ignore:easy_install command is deprecated setup.py develop --editable --build-directory /home/robousr/Desktop/Robotica_Semestre-2026-1/Proyecto_Final_ws/build/robot2_description/build --no-deps symlink_data
[2.049s] running develop
[2.238s] running egg_info
[2.239s] creating robot2_description.egg-info
[2.240s] writing robot2_description.egg-info/PKG-INFO
[2.242s] writing dependency_links to robot2_description.egg-info/dependency_links.txt
[2.242s] writing entry points to robot2_description.egg-info/entry_points.txt
[2.243s] writing requirements to robot2_description.egg-info/requires.txt
[2.243s] writing top-level names to robot2_description.egg-info/top_level.txt
[2.244s] writing manifest file 'robot2_description.egg-info/SOURCES.txt'
[2.245s] reading manifest file 'robot2_description.egg-info/SOURCES.txt'
[2.246s] writing manifest file 'robot2_description.egg-info/SOURCES.txt'
[2.248s] running build_ext
[2.248s] Creating /home/robousr/Desktop/Robotica_Semestre-2026-1/Proyecto_Final_ws/install/robot2_description/lib/python3.10/site-packages/robot2-description.egg-link (link to .)
[2.249s] 
[2.249s] Installed /home/robousr/Desktop/Robotica_Semestre-2026-1/Proyecto_Final_ws/build/robot2_description
[2.249s] running symlink_data
[2.249s] creating /home/robousr/Desktop/Robotica_Semestre-2026-1/Proyecto_Final_ws/install/robot2_description/share/ament_index
[2.250s] creating /home/robousr/Desktop/Robotica_Semestre-2026-1/Proyecto_Final_ws/install/robot2_description/share/ament_index/resource_index
[2.250s] creating /home/robousr/Desktop/Robotica_Semestre-2026-1/Proyecto_Final_ws/install/robot2_description/share/ament_index/resource_index/packages
[2.250s] symbolically linking /home/robousr/Desktop/Robotica_Semestre-2026-1/Proyecto_Final_ws/build/robot2_description/resource/robot2_description -> /home/robousr/Desktop/Robotica_Semestre-2026-1/Proyecto_Final_ws/install/robot2_description/share/ament_index/resource_index/packages
[2.250s] symbolically linking /home/robousr/Desktop/Robotica_Semestre-2026-1/Proyecto_Final_ws/build/robot2_description/package.xml -> /home/robousr/Desktop/Robotica_Semestre-2026-1/Proyecto_Final_ws/install/robot2_description/share/robot2_description
[2.250s] creating /home/robousr/Desktop/Robotica_Semestre-2026-1/Proyecto_Final_ws/install/robot2_description/share/robot2_description/urdf
[2.250s] symbolically linking /home/robousr/Desktop/Robotica_Semestre-2026-1/Proyecto_Final_ws/build/robot2_description/urdf/robot2.urdf -> /home/robousr/Desktop/Robotica_Semestre-2026-1/Proyecto_Final_ws/install/robot2_description/share/robot2_description/urdf
[2.250s] creating /home/robousr/Desktop/Robotica_Semestre-2026-1/Proyecto_Final_ws/install/robot2_description/share/robot2_description/rviz
[2.251s] symbolically linking /home/robousr/Desktop/Robotica_Semestre-2026-1/Proyecto_Final_ws/build/robot2_description/rviz/robot2_config.rviz -> /home/robousr/Desktop/Robotica_Semestre-2026-1/Proyecto_Final_ws/install/robot2_description/share/robot2_description/rviz
[2.288s] Invoked command in '/home/robousr/Desktop/Robotica_Semestre-2026-1/Proyecto_Final_ws/build/robot2_description' returned '0': PYTHONPATH=/home/robousr/Desktop/Robotica_Semestre-2026-1/Proyecto_Final_ws/build/robot2_description/prefix_override:/usr/lib/python3/dist-packages/colcon_core/task/python/colcon_distutils_commands:/home/robousr/Desktop/Robotica_Semestre-2026-1/Proyecto_Final_ws/install/robot2_description/lib/python3.10/site-packages:${PYTHONPATH} /usr/bin/python3 -W ignore:setup.py install is deprecated -W ignore:easy_install command is deprecated setup.py develop --editable --build-directory /home/robousr/Desktop/Robotica_Semestre-2026-1/Proyecto_Final_ws/build/robot2_description/build --no-deps symlink_data
