running egg_info
creating ../../build/robot_bringup/project_robot_bringup.egg-info
writing ../../build/robot_bringup/project_robot_bringup.egg-info/PKG-INFO
writing dependency_links to ../../build/robot_bringup/project_robot_bringup.egg-info/dependency_links.txt
writing entry points to ../../build/robot_bringup/project_robot_bringup.egg-info/entry_points.txt
writing requirements to ../../build/robot_bringup/project_robot_bringup.egg-info/requires.txt
writing top-level names to ../../build/robot_bringup/project_robot_bringup.egg-info/top_level.txt
writing manifest file '../../build/robot_bringup/project_robot_bringup.egg-info/SOURCES.txt'
reading manifest file '../../build/robot_bringup/project_robot_bringup.egg-info/SOURCES.txt'
writing manifest file '../../build/robot_bringup/project_robot_bringup.egg-info/SOURCES.txt'
running build
running build_py
creating /home/robousr/Robotica-2026-1/Proyecto_Final_ws/build/robot_bringup/build
creating /home/robousr/Robotica-2026-1/Proyecto_Final_ws/build/robot_bringup/build/lib
creating /home/robousr/Robotica-2026-1/Proyecto_Final_ws/build/robot_bringup/build/lib/robot_bringup
copying robot_bringup/__init__.py -> /home/robousr/Robotica-2026-1/Proyecto_Final_ws/build/robot_bringup/build/lib/robot_bringup
running install
running install_lib
creating /home/robousr/Robotica-2026-1/Proyecto_Final_ws/install/robot_bringup/lib/python3.10/site-packages/robot_bringup
copying /home/robousr/Robotica-2026-1/Proyecto_Final_ws/build/robot_bringup/build/lib/robot_bringup/__init__.py -> /home/robousr/Robotica-2026-1/Proyecto_Final_ws/install/robot_bringup/lib/python3.10/site-packages/robot_bringup
byte-compiling /home/robousr/Robotica-2026-1/Proyecto_Final_ws/install/robot_bringup/lib/python3.10/site-packages/robot_bringup/__init__.py to __init__.cpython-310.pyc
running install_data
