[0.698s] Invoking command in '/home/robousr/Robotica-2026-1/Proyecto_Final_ws/src/robot_bringup': PYTHONPATH=/home/robousr/Robotica-2026-1/Proyecto_Final_ws/build/robot_bringup/prefix_override:/usr/lib/python3/dist-packages/colcon_core/task/python/colcon_distutils_commands:/home/robousr/Robotica-2026-1/Proyecto_Final_ws/install/robot_bringup/lib/python3.10/site-packages:${PYTHONPATH} /usr/bin/python3 -W ignore:setup.py install is deprecated -W ignore:easy_install command is deprecated setup.py egg_info --egg-base ../../build/robot_bringup build --build-base /home/robousr/Robotica-2026-1/Proyecto_Final_ws/build/robot_bringup/build install --record /home/robousr/Robotica-2026-1/Proyecto_Final_ws/build/robot_bringup/install.log --single-version-externally-managed install_data
[0.956s] running egg_info
[0.956s] creating ../../build/robot_bringup/project_robot_bringup.egg-info
[0.957s] writing ../../build/robot_bringup/project_robot_bringup.egg-info/PKG-INFO
[0.957s] writing dependency_links to ../../build/robot_bringup/project_robot_bringup.egg-info/dependency_links.txt
[0.957s] writing entry points to ../../build/robot_bringup/project_robot_bringup.egg-info/entry_points.txt
[0.957s] writing requirements to ../../build/robot_bringup/project_robot_bringup.egg-info/requires.txt
[0.957s] writing top-level names to ../../build/robot_bringup/project_robot_bringup.egg-info/top_level.txt
[0.957s] writing manifest file '../../build/robot_bringup/project_robot_bringup.egg-info/SOURCES.txt'
[0.959s] reading manifest file '../../build/robot_bringup/project_robot_bringup.egg-info/SOURCES.txt'
[0.960s] writing manifest file '../../build/robot_bringup/project_robot_bringup.egg-info/SOURCES.txt'
[0.960s] running build
[0.960s] running build_py
[0.960s] creating /home/robousr/Robotica-2026-1/Proyecto_Final_ws/build/robot_bringup/build
[0.961s] creating /home/robousr/Robotica-2026-1/Proyecto_Final_ws/build/robot_bringup/build/lib
[0.961s] creating /home/robousr/Robotica-2026-1/Proyecto_Final_ws/build/robot_bringup/build/lib/robot_bringup
[0.961s] copying robot_bringup/__init__.py -> /home/robousr/Robotica-2026-1/Proyecto_Final_ws/build/robot_bringup/build/lib/robot_bringup
[0.961s] running install
[0.961s] running install_lib
[0.962s] creating /home/robousr/Robotica-2026-1/Proyecto_Final_ws/install/robot_bringup/lib/python3.10/site-packages/robot_bringup
[0.962s] copying /home/robousr/Robotica-2026-1/Proyecto_Final_ws/build/robot_bringup/build/lib/robot_bringup/__init__.py -> /home/robousr/Robotica-2026-1/Proyecto_Final_ws/install/robot_bringup/lib/python3.10/site-packages/robot_bringup
[0.962s] byte-compiling /home/robousr/Robotica-2026-1/Proyecto_Final_ws/install/robot_bringup/lib/python3.10/site-packages/robot_bringup/__init__.py to __init__.cpython-310.pyc
[0.963s] running install_data
[0.963s] error: can't copy 'resource/project_robot_bringup': doesn't exist or not a regular file
[0.992s] Invoked command in '/home/robousr/Robotica-2026-1/Proyecto_Final_ws/src/robot_bringup' returned '1': PYTHONPATH=/home/robousr/Robotica-2026-1/Proyecto_Final_ws/build/robot_bringup/prefix_override:/usr/lib/python3/dist-packages/colcon_core/task/python/colcon_distutils_commands:/home/robousr/Robotica-2026-1/Proyecto_Final_ws/install/robot_bringup/lib/python3.10/site-packages:${PYTHONPATH} /usr/bin/python3 -W ignore:setup.py install is deprecated -W ignore:easy_install command is deprecated setup.py egg_info --egg-base ../../build/robot_bringup build --build-base /home/robousr/Robotica-2026-1/Proyecto_Final_ws/build/robot_bringup/build install --record /home/robousr/Robotica-2026-1/Proyecto_Final_ws/build/robot_bringup/install.log --single-version-externally-managed install_data
