[0.105s] DEBUG:colcon:Command line arguments: ['/usr/bin/colcon', 'build']
[0.105s] DEBUG:colcon:Parsed command line arguments: Namespace(log_base=None, log_level=None, verb_name='build', build_base='build', install_base='install', merge_install=False, symlink_install=False, test_result_base=None, continue_on_error=False, executor='parallel', parallel_workers=4, event_handlers=None, ignore_user_meta=False, metas=['./colcon.meta'], base_paths=['.'], packages_ignore=None, packages_ignore_regex=None, paths=None, packages_up_to=None, packages_up_to_regex=None, packages_above=None, packages_above_and_dependencies=None, packages_above_depth=None, packages_select_by_dep=None, packages_skip_by_dep=None, packages_skip_up_to=None, packages_select_build_failed=False, packages_skip_build_finished=False, packages_select_test_failures=False, packages_skip_test_passed=False, packages_select=None, packages_skip=None, packages_select_regex=None, packages_skip_regex=None, packages_start=None, packages_end=None, allow_overriding=[], cmake_args=None, cmake_target=None, cmake_target_skip_unavailable=False, cmake_clean_cache=False, cmake_clean_first=False, cmake_force_configure=False, ament_cmake_args=None, catkin_cmake_args=None, catkin_skip_building_tests=False, mixin_files=None, mixin=None, verb_parser=<colcon_mixin.mixin.mixin_argument.MixinArgumentDecorator object at 0x719db9257df0>, verb_extension=<colcon_core.verb.build.BuildVerb object at 0x719db9257880>, main=<bound method BuildVerb.main of <colcon_core.verb.build.BuildVerb object at 0x719db9257880>>, mixin_verb=('build',))
[0.285s] Level 1:colcon.colcon_core.package_discovery:discover_packages(colcon_meta) check parameters
[0.286s] Level 1:colcon.colcon_core.package_discovery:discover_packages(recursive) check parameters
[0.286s] Level 1:colcon.colcon_core.package_discovery:discover_packages(ignore) check parameters
[0.286s] Level 1:colcon.colcon_core.package_discovery:discover_packages(path) check parameters
[0.286s] Level 1:colcon.colcon_core.package_discovery:discover_packages(colcon_meta) discover
[0.286s] Level 1:colcon.colcon_core.package_discovery:discover_packages(recursive) discover
[0.286s] INFO:colcon.colcon_core.package_discovery:Crawling recursively for packages in '/home/robousr/Robotica-2026-1/Proyecto_Final_ws'
[0.286s] Level 1:colcon.colcon_core.package_identification:_identify(.) by extensions ['ignore', 'ignore_ament_install']
[0.286s] Level 1:colcon.colcon_core.package_identification:_identify(.) by extension 'ignore'
[0.286s] Level 1:colcon.colcon_core.package_identification:_identify(.) by extension 'ignore_ament_install'
[0.286s] Level 1:colcon.colcon_core.package_identification:_identify(.) by extensions ['colcon_pkg']
[0.286s] Level 1:colcon.colcon_core.package_identification:_identify(.) by extension 'colcon_pkg'
[0.286s] Level 1:colcon.colcon_core.package_identification:_identify(.) by extensions ['colcon_meta']
[0.286s] Level 1:colcon.colcon_core.package_identification:_identify(.) by extension 'colcon_meta'
[0.286s] Level 1:colcon.colcon_core.package_identification:_identify(.) by extensions ['ros']
[0.286s] Level 1:colcon.colcon_core.package_identification:_identify(.) by extension 'ros'
[0.318s] Level 1:colcon.colcon_core.package_identification:_identify(.) by extensions ['cmake', 'python']
[0.318s] Level 1:colcon.colcon_core.package_identification:_identify(.) by extension 'cmake'
[0.318s] Level 1:colcon.colcon_core.package_identification:_identify(.) by extension 'python'
[0.318s] Level 1:colcon.colcon_core.package_identification:_identify(.) by extensions ['python_setup_py']
[0.318s] Level 1:colcon.colcon_core.package_identification:_identify(.) by extension 'python_setup_py'
[0.318s] Level 1:colcon.colcon_core.package_identification:_identify(build) by extensions ['ignore', 'ignore_ament_install']
[0.318s] Level 1:colcon.colcon_core.package_identification:_identify(build) by extension 'ignore'
[0.318s] Level 1:colcon.colcon_core.package_identification:_identify(build) ignored
[0.318s] Level 1:colcon.colcon_core.package_identification:_identify(install) by extensions ['ignore', 'ignore_ament_install']
[0.319s] Level 1:colcon.colcon_core.package_identification:_identify(install) by extension 'ignore'
[0.319s] Level 1:colcon.colcon_core.package_identification:_identify(install) ignored
[0.319s] Level 1:colcon.colcon_core.package_identification:_identify(log) by extensions ['ignore', 'ignore_ament_install']
[0.319s] Level 1:colcon.colcon_core.package_identification:_identify(log) by extension 'ignore'
[0.319s] Level 1:colcon.colcon_core.package_identification:_identify(log) ignored
[0.319s] Level 1:colcon.colcon_core.package_identification:_identify(src) by extensions ['ignore', 'ignore_ament_install']
[0.319s] Level 1:colcon.colcon_core.package_identification:_identify(src) by extension 'ignore'
[0.319s] Level 1:colcon.colcon_core.package_identification:_identify(src) by extension 'ignore_ament_install'
[0.319s] Level 1:colcon.colcon_core.package_identification:_identify(src) by extensions ['colcon_pkg']
[0.319s] Level 1:colcon.colcon_core.package_identification:_identify(src) by extension 'colcon_pkg'
[0.319s] Level 1:colcon.colcon_core.package_identification:_identify(src) by extensions ['colcon_meta']
[0.319s] Level 1:colcon.colcon_core.package_identification:_identify(src) by extension 'colcon_meta'
[0.319s] Level 1:colcon.colcon_core.package_identification:_identify(src) by extensions ['ros']
[0.319s] Level 1:colcon.colcon_core.package_identification:_identify(src) by extension 'ros'
[0.319s] Level 1:colcon.colcon_core.package_identification:_identify(src) by extensions ['cmake', 'python']
[0.319s] Level 1:colcon.colcon_core.package_identification:_identify(src) by extension 'cmake'
[0.319s] Level 1:colcon.colcon_core.package_identification:_identify(src) by extension 'python'
[0.319s] Level 1:colcon.colcon_core.package_identification:_identify(src) by extensions ['python_setup_py']
[0.319s] Level 1:colcon.colcon_core.package_identification:_identify(src) by extension 'python_setup_py'
[0.319s] Level 1:colcon.colcon_core.package_identification:_identify(src/robot1_control) by extensions ['ignore', 'ignore_ament_install']
[0.320s] Level 1:colcon.colcon_core.package_identification:_identify(src/robot1_control) by extension 'ignore'
[0.320s] Level 1:colcon.colcon_core.package_identification:_identify(src/robot1_control) by extension 'ignore_ament_install'
[0.320s] Level 1:colcon.colcon_core.package_identification:_identify(src/robot1_control) by extensions ['colcon_pkg']
[0.320s] Level 1:colcon.colcon_core.package_identification:_identify(src/robot1_control) by extension 'colcon_pkg'
[0.320s] Level 1:colcon.colcon_core.package_identification:_identify(src/robot1_control) by extensions ['colcon_meta']
[0.320s] Level 1:colcon.colcon_core.package_identification:_identify(src/robot1_control) by extension 'colcon_meta'
[0.320s] Level 1:colcon.colcon_core.package_identification:_identify(src/robot1_control) by extensions ['ros']
[0.320s] Level 1:colcon.colcon_core.package_identification:_identify(src/robot1_control) by extension 'ros'
[0.323s] DEBUG:colcon.colcon_core.package_identification:Package 'src/robot1_control' with type 'ros.ament_python' and name 'robot1_control'
[0.323s] Level 1:colcon.colcon_core.package_identification:_identify(src/robot1_description) by extensions ['ignore', 'ignore_ament_install']
[0.324s] Level 1:colcon.colcon_core.package_identification:_identify(src/robot1_description) by extension 'ignore'
[0.324s] Level 1:colcon.colcon_core.package_identification:_identify(src/robot1_description) by extension 'ignore_ament_install'
[0.324s] Level 1:colcon.colcon_core.package_identification:_identify(src/robot1_description) by extensions ['colcon_pkg']
[0.324s] Level 1:colcon.colcon_core.package_identification:_identify(src/robot1_description) by extension 'colcon_pkg'
[0.324s] Level 1:colcon.colcon_core.package_identification:_identify(src/robot1_description) by extensions ['colcon_meta']
[0.324s] Level 1:colcon.colcon_core.package_identification:_identify(src/robot1_description) by extension 'colcon_meta'
[0.324s] Level 1:colcon.colcon_core.package_identification:_identify(src/robot1_description) by extensions ['ros']
[0.324s] Level 1:colcon.colcon_core.package_identification:_identify(src/robot1_description) by extension 'ros'
[0.324s] DEBUG:colcon.colcon_core.package_identification:Package 'src/robot1_description' with type 'ros.ament_python' and name 'robot1_description'
[0.324s] Level 1:colcon.colcon_core.package_identification:_identify(src/robot2_control) by extensions ['ignore', 'ignore_ament_install']
[0.325s] Level 1:colcon.colcon_core.package_identification:_identify(src/robot2_control) by extension 'ignore'
[0.325s] Level 1:colcon.colcon_core.package_identification:_identify(src/robot2_control) by extension 'ignore_ament_install'
[0.325s] Level 1:colcon.colcon_core.package_identification:_identify(src/robot2_control) by extensions ['colcon_pkg']
[0.325s] Level 1:colcon.colcon_core.package_identification:_identify(src/robot2_control) by extension 'colcon_pkg'
[0.325s] Level 1:colcon.colcon_core.package_identification:_identify(src/robot2_control) by extensions ['colcon_meta']
[0.325s] Level 1:colcon.colcon_core.package_identification:_identify(src/robot2_control) by extension 'colcon_meta'
[0.325s] Level 1:colcon.colcon_core.package_identification:_identify(src/robot2_control) by extensions ['ros']
[0.325s] Level 1:colcon.colcon_core.package_identification:_identify(src/robot2_control) by extension 'ros'
[0.325s] DEBUG:colcon.colcon_core.package_identification:Package 'src/robot2_control' with type 'ros.ament_python' and name 'robot2_control'
[0.325s] Level 1:colcon.colcon_core.package_identification:_identify(src/robot2_description) by extensions ['ignore', 'ignore_ament_install']
[0.325s] Level 1:colcon.colcon_core.package_identification:_identify(src/robot2_description) by extension 'ignore'
[0.325s] Level 1:colcon.colcon_core.package_identification:_identify(src/robot2_description) by extension 'ignore_ament_install'
[0.325s] Level 1:colcon.colcon_core.package_identification:_identify(src/robot2_description) by extensions ['colcon_pkg']
[0.325s] Level 1:colcon.colcon_core.package_identification:_identify(src/robot2_description) by extension 'colcon_pkg'
[0.325s] Level 1:colcon.colcon_core.package_identification:_identify(src/robot2_description) by extensions ['colcon_meta']
[0.326s] Level 1:colcon.colcon_core.package_identification:_identify(src/robot2_description) by extension 'colcon_meta'
[0.326s] Level 1:colcon.colcon_core.package_identification:_identify(src/robot2_description) by extensions ['ros']
[0.326s] Level 1:colcon.colcon_core.package_identification:_identify(src/robot2_description) by extension 'ros'
[0.326s] DEBUG:colcon.colcon_core.package_identification:Package 'src/robot2_description' with type 'ros.ament_python' and name 'robot2_description'
[0.326s] Level 1:colcon.colcon_core.package_identification:_identify(src/robot_bringup) by extensions ['ignore', 'ignore_ament_install']
[0.326s] Level 1:colcon.colcon_core.package_identification:_identify(src/robot_bringup) by extension 'ignore'
[0.326s] Level 1:colcon.colcon_core.package_identification:_identify(src/robot_bringup) by extension 'ignore_ament_install'
[0.326s] Level 1:colcon.colcon_core.package_identification:_identify(src/robot_bringup) by extensions ['colcon_pkg']
[0.326s] Level 1:colcon.colcon_core.package_identification:_identify(src/robot_bringup) by extension 'colcon_pkg'
[0.326s] Level 1:colcon.colcon_core.package_identification:_identify(src/robot_bringup) by extensions ['colcon_meta']
[0.326s] Level 1:colcon.colcon_core.package_identification:_identify(src/robot_bringup) by extension 'colcon_meta'
[0.327s] Level 1:colcon.colcon_core.package_identification:_identify(src/robot_bringup) by extensions ['ros']
[0.327s] Level 1:colcon.colcon_core.package_identification:_identify(src/robot_bringup) by extension 'ros'
[0.327s] DEBUG:colcon.colcon_core.package_identification:Package 'src/robot_bringup' with type 'ros.ament_python' and name 'robot_bringup'
[0.327s] Level 1:colcon.colcon_core.package_discovery:discover_packages(recursive) using defaults
[0.328s] Level 1:colcon.colcon_core.package_discovery:discover_packages(ignore) discover
[0.328s] Level 1:colcon.colcon_core.package_discovery:discover_packages(ignore) using defaults
[0.328s] Level 1:colcon.colcon_core.package_discovery:discover_packages(path) discover
[0.328s] Level 1:colcon.colcon_core.package_discovery:discover_packages(path) using defaults
[0.345s] Level 1:colcon.colcon_core.package_discovery:discover_packages(prefix_path) check parameters
[0.345s] Level 1:colcon.colcon_core.package_discovery:discover_packages(prefix_path) discover
[0.348s] DEBUG:colcon.colcon_installed_package_information.package_discovery:Found 429 installed packages in /opt/ros/humble
[0.350s] Level 1:colcon.colcon_core.package_discovery:discover_packages(prefix_path) using defaults
[0.395s] Level 5:colcon.colcon_core.verb:set package 'robot1_control' build argument 'cmake_args' from command line to 'None'
[0.395s] Level 5:colcon.colcon_core.verb:set package 'robot1_control' build argument 'cmake_target' from command line to 'None'
[0.395s] Level 5:colcon.colcon_core.verb:set package 'robot1_control' build argument 'cmake_target_skip_unavailable' from command line to 'False'
[0.395s] Level 5:colcon.colcon_core.verb:set package 'robot1_control' build argument 'cmake_clean_cache' from command line to 'False'
[0.395s] Level 5:colcon.colcon_core.verb:set package 'robot1_control' build argument 'cmake_clean_first' from command line to 'False'
[0.395s] Level 5:colcon.colcon_core.verb:set package 'robot1_control' build argument 'cmake_force_configure' from command line to 'False'
[0.395s] Level 5:colcon.colcon_core.verb:set package 'robot1_control' build argument 'ament_cmake_args' from command line to 'None'
[0.395s] Level 5:colcon.colcon_core.verb:set package 'robot1_control' build argument 'catkin_cmake_args' from command line to 'None'
[0.395s] Level 5:colcon.colcon_core.verb:set package 'robot1_control' build argument 'catkin_skip_building_tests' from command line to 'False'
[0.395s] DEBUG:colcon.colcon_core.verb:Building package 'robot1_control' with the following arguments: {'ament_cmake_args': None, 'build_base': '/home/robousr/Robotica-2026-1/Proyecto_Final_ws/build/robot1_control', 'catkin_cmake_args': None, 'catkin_skip_building_tests': False, 'cmake_args': None, 'cmake_clean_cache': False, 'cmake_clean_first': False, 'cmake_force_configure': False, 'cmake_target': None, 'cmake_target_skip_unavailable': False, 'install_base': '/home/robousr/Robotica-2026-1/Proyecto_Final_ws/install/robot1_control', 'merge_install': False, 'path': '/home/robousr/Robotica-2026-1/Proyecto_Final_ws/src/robot1_control', 'symlink_install': False, 'test_result_base': None}
[0.395s] Level 5:colcon.colcon_core.verb:set package 'robot1_description' build argument 'cmake_args' from command line to 'None'
[0.395s] Level 5:colcon.colcon_core.verb:set package 'robot1_description' build argument 'cmake_target' from command line to 'None'
[0.395s] Level 5:colcon.colcon_core.verb:set package 'robot1_description' build argument 'cmake_target_skip_unavailable' from command line to 'False'
[0.395s] Level 5:colcon.colcon_core.verb:set package 'robot1_description' build argument 'cmake_clean_cache' from command line to 'False'
[0.395s] Level 5:colcon.colcon_core.verb:set package 'robot1_description' build argument 'cmake_clean_first' from command line to 'False'
[0.395s] Level 5:colcon.colcon_core.verb:set package 'robot1_description' build argument 'cmake_force_configure' from command line to 'False'
[0.395s] Level 5:colcon.colcon_core.verb:set package 'robot1_description' build argument 'ament_cmake_args' from command line to 'None'
[0.395s] Level 5:colcon.colcon_core.verb:set package 'robot1_description' build argument 'catkin_cmake_args' from command line to 'None'
[0.395s] Level 5:colcon.colcon_core.verb:set package 'robot1_description' build argument 'catkin_skip_building_tests' from command line to 'False'
[0.396s] DEBUG:colcon.colcon_core.verb:Building package 'robot1_description' with the following arguments: {'ament_cmake_args': None, 'build_base': '/home/robousr/Robotica-2026-1/Proyecto_Final_ws/build/robot1_description', 'catkin_cmake_args': None, 'catkin_skip_building_tests': False, 'cmake_args': None, 'cmake_clean_cache': False, 'cmake_clean_first': False, 'cmake_force_configure': False, 'cmake_target': None, 'cmake_target_skip_unavailable': False, 'install_base': '/home/robousr/Robotica-2026-1/Proyecto_Final_ws/install/robot1_description', 'merge_install': False, 'path': '/home/robousr/Robotica-2026-1/Proyecto_Final_ws/src/robot1_description', 'symlink_install': False, 'test_result_base': None}
[0.396s] Level 5:colcon.colcon_core.verb:set package 'robot2_control' build argument 'cmake_args' from command line to 'None'
[0.396s] Level 5:colcon.colcon_core.verb:set package 'robot2_control' build argument 'cmake_target' from command line to 'None'
[0.396s] Level 5:colcon.colcon_core.verb:set package 'robot2_control' build argument 'cmake_target_skip_unavailable' from command line to 'False'
[0.396s] Level 5:colcon.colcon_core.verb:set package 'robot2_control' build argument 'cmake_clean_cache' from command line to 'False'
[0.396s] Level 5:colcon.colcon_core.verb:set package 'robot2_control' build argument 'cmake_clean_first' from command line to 'False'
[0.396s] Level 5:colcon.colcon_core.verb:set package 'robot2_control' build argument 'cmake_force_configure' from command line to 'False'
[0.396s] Level 5:colcon.colcon_core.verb:set package 'robot2_control' build argument 'ament_cmake_args' from command line to 'None'
[0.396s] Level 5:colcon.colcon_core.verb:set package 'robot2_control' build argument 'catkin_cmake_args' from command line to 'None'
[0.396s] Level 5:colcon.colcon_core.verb:set package 'robot2_control' build argument 'catkin_skip_building_tests' from command line to 'False'
[0.396s] DEBUG:colcon.colcon_core.verb:Building package 'robot2_control' with the following arguments: {'ament_cmake_args': None, 'build_base': '/home/robousr/Robotica-2026-1/Proyecto_Final_ws/build/robot2_control', 'catkin_cmake_args': None, 'catkin_skip_building_tests': False, 'cmake_args': None, 'cmake_clean_cache': False, 'cmake_clean_first': False, 'cmake_force_configure': False, 'cmake_target': None, 'cmake_target_skip_unavailable': False, 'install_base': '/home/robousr/Robotica-2026-1/Proyecto_Final_ws/install/robot2_control', 'merge_install': False, 'path': '/home/robousr/Robotica-2026-1/Proyecto_Final_ws/src/robot2_control', 'symlink_install': False, 'test_result_base': None}
[0.396s] Level 5:colcon.colcon_core.verb:set package 'robot2_description' build argument 'cmake_args' from command line to 'None'
[0.396s] Level 5:colcon.colcon_core.verb:set package 'robot2_description' build argument 'cmake_target' from command line to 'None'
[0.396s] Level 5:colcon.colcon_core.verb:set package 'robot2_description' build argument 'cmake_target_skip_unavailable' from command line to 'False'
[0.396s] Level 5:colcon.colcon_core.verb:set package 'robot2_description' build argument 'cmake_clean_cache' from command line to 'False'
[0.396s] Level 5:colcon.colcon_core.verb:set package 'robot2_description' build argument 'cmake_clean_first' from command line to 'False'
[0.396s] Level 5:colcon.colcon_core.verb:set package 'robot2_description' build argument 'cmake_force_configure' from command line to 'False'
[0.396s] Level 5:colcon.colcon_core.verb:set package 'robot2_description' build argument 'ament_cmake_args' from command line to 'None'
[0.396s] Level 5:colcon.colcon_core.verb:set package 'robot2_description' build argument 'catkin_cmake_args' from command line to 'None'
[0.396s] Level 5:colcon.colcon_core.verb:set package 'robot2_description' build argument 'catkin_skip_building_tests' from command line to 'False'
[0.396s] DEBUG:colcon.colcon_core.verb:Building package 'robot2_description' with the following arguments: {'ament_cmake_args': None, 'build_base': '/home/robousr/Robotica-2026-1/Proyecto_Final_ws/build/robot2_description', 'catkin_cmake_args': None, 'catkin_skip_building_tests': False, 'cmake_args': None, 'cmake_clean_cache': False, 'cmake_clean_first': False, 'cmake_force_configure': False, 'cmake_target': None, 'cmake_target_skip_unavailable': False, 'install_base': '/home/robousr/Robotica-2026-1/Proyecto_Final_ws/install/robot2_description', 'merge_install': False, 'path': '/home/robousr/Robotica-2026-1/Proyecto_Final_ws/src/robot2_description', 'symlink_install': False, 'test_result_base': None}
[0.397s] Level 5:colcon.colcon_core.verb:set package 'robot_bringup' build argument 'cmake_args' from command line to 'None'
[0.397s] Level 5:colcon.colcon_core.verb:set package 'robot_bringup' build argument 'cmake_target' from command line to 'None'
[0.397s] Level 5:colcon.colcon_core.verb:set package 'robot_bringup' build argument 'cmake_target_skip_unavailable' from command line to 'False'
[0.397s] Level 5:colcon.colcon_core.verb:set package 'robot_bringup' build argument 'cmake_clean_cache' from command line to 'False'
[0.397s] Level 5:colcon.colcon_core.verb:set package 'robot_bringup' build argument 'cmake_clean_first' from command line to 'False'
[0.397s] Level 5:colcon.colcon_core.verb:set package 'robot_bringup' build argument 'cmake_force_configure' from command line to 'False'
[0.397s] Level 5:colcon.colcon_core.verb:set package 'robot_bringup' build argument 'ament_cmake_args' from command line to 'None'
[0.397s] Level 5:colcon.colcon_core.verb:set package 'robot_bringup' build argument 'catkin_cmake_args' from command line to 'None'
[0.397s] Level 5:colcon.colcon_core.verb:set package 'robot_bringup' build argument 'catkin_skip_building_tests' from command line to 'False'
[0.397s] DEBUG:colcon.colcon_core.verb:Building package 'robot_bringup' with the following arguments: {'ament_cmake_args': None, 'build_base': '/home/robousr/Robotica-2026-1/Proyecto_Final_ws/build/robot_bringup', 'catkin_cmake_args': None, 'catkin_skip_building_tests': False, 'cmake_args': None, 'cmake_clean_cache': False, 'cmake_clean_first': False, 'cmake_force_configure': False, 'cmake_target': None, 'cmake_target_skip_unavailable': False, 'install_base': '/home/robousr/Robotica-2026-1/Proyecto_Final_ws/install/robot_bringup', 'merge_install': False, 'path': '/home/robousr/Robotica-2026-1/Proyecto_Final_ws/src/robot_bringup', 'symlink_install': False, 'test_result_base': None}
[0.397s] INFO:colcon.colcon_core.executor:Executing jobs using 'parallel' executor
[0.398s] DEBUG:colcon.colcon_parallel_executor.executor.parallel:run_until_complete
[0.398s] INFO:colcon.colcon_ros.task.ament_python.build:Building ROS package in '/home/robousr/Robotica-2026-1/Proyecto_Final_ws/src/robot1_control' with build type 'ament_python'
[0.399s] Level 1:colcon.colcon_core.shell:create_environment_hook('robot1_control', 'ament_prefix_path')
[0.401s] INFO:colcon.colcon_core.plugin_system:Skipping extension 'colcon_core.shell.bat': Not used on non-Windows systems
[0.401s] INFO:colcon.colcon_core.shell:Creating environment hook '/home/robousr/Robotica-2026-1/Proyecto_Final_ws/install/robot1_control/share/robot1_control/hook/ament_prefix_path.ps1'
[0.402s] INFO:colcon.colcon_core.shell:Creating environment descriptor '/home/robousr/Robotica-2026-1/Proyecto_Final_ws/install/robot1_control/share/robot1_control/hook/ament_prefix_path.dsv'
[0.402s] INFO:colcon.colcon_core.shell:Creating environment hook '/home/robousr/Robotica-2026-1/Proyecto_Final_ws/install/robot1_control/share/robot1_control/hook/ament_prefix_path.sh'
[0.403s] INFO:colcon.colcon_core.shell:Skip shell extension 'powershell' for command environment: Not usable outside of PowerShell
[0.403s] DEBUG:colcon.colcon_core.shell:Skip shell extension 'dsv' for command environment
[0.406s] INFO:colcon.colcon_ros.task.ament_python.build:Building ROS package in '/home/robousr/Robotica-2026-1/Proyecto_Final_ws/src/robot1_description' with build type 'ament_python'
[0.406s] Level 1:colcon.colcon_core.shell:create_environment_hook('robot1_description', 'ament_prefix_path')
[0.407s] INFO:colcon.colcon_core.shell:Creating environment hook '/home/robousr/Robotica-2026-1/Proyecto_Final_ws/install/robot1_description/share/robot1_description/hook/ament_prefix_path.ps1'
[0.408s] INFO:colcon.colcon_core.shell:Creating environment descriptor '/home/robousr/Robotica-2026-1/Proyecto_Final_ws/install/robot1_description/share/robot1_description/hook/ament_prefix_path.dsv'
[0.409s] INFO:colcon.colcon_core.shell:Creating environment hook '/home/robousr/Robotica-2026-1/Proyecto_Final_ws/install/robot1_description/share/robot1_description/hook/ament_prefix_path.sh'
[0.410s] INFO:colcon.colcon_core.shell:Skip shell extension 'powershell' for command environment: Not usable outside of PowerShell
[0.410s] DEBUG:colcon.colcon_core.shell:Skip shell extension 'dsv' for command environment
[0.414s] INFO:colcon.colcon_ros.task.ament_python.build:Building ROS package in '/home/robousr/Robotica-2026-1/Proyecto_Final_ws/src/robot2_control' with build type 'ament_python'
[0.414s] Level 1:colcon.colcon_core.shell:create_environment_hook('robot2_control', 'ament_prefix_path')
[0.415s] INFO:colcon.colcon_core.shell:Creating environment hook '/home/robousr/Robotica-2026-1/Proyecto_Final_ws/install/robot2_control/share/robot2_control/hook/ament_prefix_path.ps1'
[0.416s] INFO:colcon.colcon_core.shell:Creating environment descriptor '/home/robousr/Robotica-2026-1/Proyecto_Final_ws/install/robot2_control/share/robot2_control/hook/ament_prefix_path.dsv'
[0.416s] INFO:colcon.colcon_core.shell:Creating environment hook '/home/robousr/Robotica-2026-1/Proyecto_Final_ws/install/robot2_control/share/robot2_control/hook/ament_prefix_path.sh'
[0.417s] INFO:colcon.colcon_core.shell:Skip shell extension 'powershell' for command environment: Not usable outside of PowerShell
[0.417s] DEBUG:colcon.colcon_core.shell:Skip shell extension 'dsv' for command environment
[0.421s] INFO:colcon.colcon_ros.task.ament_python.build:Building ROS package in '/home/robousr/Robotica-2026-1/Proyecto_Final_ws/src/robot2_description' with build type 'ament_python'
[0.422s] Level 1:colcon.colcon_core.shell:create_environment_hook('robot2_description', 'ament_prefix_path')
[0.422s] INFO:colcon.colcon_core.shell:Creating environment hook '/home/robousr/Robotica-2026-1/Proyecto_Final_ws/install/robot2_description/share/robot2_description/hook/ament_prefix_path.ps1'
[0.423s] INFO:colcon.colcon_core.shell:Creating environment descriptor '/home/robousr/Robotica-2026-1/Proyecto_Final_ws/install/robot2_description/share/robot2_description/hook/ament_prefix_path.dsv'
[0.423s] INFO:colcon.colcon_core.shell:Creating environment hook '/home/robousr/Robotica-2026-1/Proyecto_Final_ws/install/robot2_description/share/robot2_description/hook/ament_prefix_path.sh'
[0.423s] INFO:colcon.colcon_core.shell:Skip shell extension 'powershell' for command environment: Not usable outside of PowerShell
[0.423s] DEBUG:colcon.colcon_core.shell:Skip shell extension 'dsv' for command environment
[0.709s] INFO:colcon.colcon_core.task.python.build:Building Python package in '/home/robousr/Robotica-2026-1/Proyecto_Final_ws/src/robot1_control'
[0.710s] INFO:colcon.colcon_core.shell:Skip shell extension 'powershell' for command environment: Not usable outside of PowerShell
[0.710s] DEBUG:colcon.colcon_core.shell:Skip shell extension 'dsv' for command environment
[1.001s] INFO:colcon.colcon_core.task.python.build:Building Python package in '/home/robousr/Robotica-2026-1/Proyecto_Final_ws/src/robot1_description'
[1.001s] INFO:colcon.colcon_core.shell:Skip shell extension 'powershell' for command environment: Not usable outside of PowerShell
[1.001s] DEBUG:colcon.colcon_core.shell:Skip shell extension 'dsv' for command environment
[1.286s] INFO:colcon.colcon_core.task.python.build:Building Python package in '/home/robousr/Robotica-2026-1/Proyecto_Final_ws/src/robot2_control'
[1.287s] INFO:colcon.colcon_core.shell:Skip shell extension 'powershell' for command environment: Not usable outside of PowerShell
[1.287s] DEBUG:colcon.colcon_core.shell:Skip shell extension 'dsv' for command environment
[1.569s] INFO:colcon.colcon_core.task.python.build:Building Python package in '/home/robousr/Robotica-2026-1/Proyecto_Final_ws/src/robot2_description'
[1.569s] INFO:colcon.colcon_core.shell:Skip shell extension 'powershell' for command environment: Not usable outside of PowerShell
[1.569s] DEBUG:colcon.colcon_core.shell:Skip shell extension 'dsv' for command environment
[2.020s] DEBUG:colcon.colcon_core.event_handler.log_command:Invoking command in '/home/robousr/Robotica-2026-1/Proyecto_Final_ws/src/robot1_control': PYTHONPATH=/home/robousr/Robotica-2026-1/Proyecto_Final_ws/build/robot1_control/prefix_override:/usr/lib/python3/dist-packages/colcon_core/task/python/colcon_distutils_commands:/home/robousr/Robotica-2026-1/Proyecto_Final_ws/install/robot1_control/lib/python3.10/site-packages:${PYTHONPATH} /usr/bin/python3 -W ignore:setup.py install is deprecated -W ignore:easy_install command is deprecated setup.py egg_info --egg-base ../../build/robot1_control build --build-base /home/robousr/Robotica-2026-1/Proyecto_Final_ws/build/robot1_control/build install --record /home/robousr/Robotica-2026-1/Proyecto_Final_ws/build/robot1_control/install.log --single-version-externally-managed install_data
[2.036s] DEBUG:colcon.colcon_core.event_handler.log_command:Invoking command in '/home/robousr/Robotica-2026-1/Proyecto_Final_ws/src/robot2_control': PYTHONPATH=/home/robousr/Robotica-2026-1/Proyecto_Final_ws/build/robot2_control/prefix_override:/usr/lib/python3/dist-packages/colcon_core/task/python/colcon_distutils_commands:/home/robousr/Robotica-2026-1/Proyecto_Final_ws/install/robot2_control/lib/python3.10/site-packages:${PYTHONPATH} /usr/bin/python3 -W ignore:setup.py install is deprecated -W ignore:easy_install command is deprecated setup.py egg_info --egg-base ../../build/robot2_control build --build-base /home/robousr/Robotica-2026-1/Proyecto_Final_ws/build/robot2_control/build install --record /home/robousr/Robotica-2026-1/Proyecto_Final_ws/build/robot2_control/install.log --single-version-externally-managed install_data
[2.045s] DEBUG:colcon.colcon_core.event_handler.log_command:Invoking command in '/home/robousr/Robotica-2026-1/Proyecto_Final_ws/src/robot1_description': PYTHONPATH=/home/robousr/Robotica-2026-1/Proyecto_Final_ws/build/robot1_description/prefix_override:/usr/lib/python3/dist-packages/colcon_core/task/python/colcon_distutils_commands:/home/robousr/Robotica-2026-1/Proyecto_Final_ws/install/robot1_description/lib/python3.10/site-packages:${PYTHONPATH} /usr/bin/python3 -W ignore:setup.py install is deprecated -W ignore:easy_install command is deprecated setup.py egg_info --egg-base ../../build/robot1_description build --build-base /home/robousr/Robotica-2026-1/Proyecto_Final_ws/build/robot1_description/build install --record /home/robousr/Robotica-2026-1/Proyecto_Final_ws/build/robot1_description/install.log --single-version-externally-managed install_data
[2.049s] DEBUG:colcon.colcon_core.event_handler.log_command:Invoking command in '/home/robousr/Robotica-2026-1/Proyecto_Final_ws/src/robot2_description': PYTHONPATH=/home/robousr/Robotica-2026-1/Proyecto_Final_ws/build/robot2_description/prefix_override:/usr/lib/python3/dist-packages/colcon_core/task/python/colcon_distutils_commands:/home/robousr/Robotica-2026-1/Proyecto_Final_ws/install/robot2_description/lib/python3.10/site-packages:${PYTHONPATH} /usr/bin/python3 -W ignore:setup.py install is deprecated -W ignore:easy_install command is deprecated setup.py egg_info --egg-base ../../build/robot2_description build --build-base /home/robousr/Robotica-2026-1/Proyecto_Final_ws/build/robot2_description/build install --record /home/robousr/Robotica-2026-1/Proyecto_Final_ws/build/robot2_description/install.log --single-version-externally-managed install_data
[2.422s] DEBUG:colcon.colcon_core.event_handler.log_command:Invoked command in '/home/robousr/Robotica-2026-1/Proyecto_Final_ws/src/robot1_description' returned '0': PYTHONPATH=/home/robousr/Robotica-2026-1/Proyecto_Final_ws/build/robot1_description/prefix_override:/usr/lib/python3/dist-packages/colcon_core/task/python/colcon_distutils_commands:/home/robousr/Robotica-2026-1/Proyecto_Final_ws/install/robot1_description/lib/python3.10/site-packages:${PYTHONPATH} /usr/bin/python3 -W ignore:setup.py install is deprecated -W ignore:easy_install command is deprecated setup.py egg_info --egg-base ../../build/robot1_description build --build-base /home/robousr/Robotica-2026-1/Proyecto_Final_ws/build/robot1_description/build install --record /home/robousr/Robotica-2026-1/Proyecto_Final_ws/build/robot1_description/install.log --single-version-externally-managed install_data
[2.424s] Level 1:colcon.colcon_core.environment:checking '/home/robousr/Robotica-2026-1/Proyecto_Final_ws/install/robot1_description' for CMake module files
[2.425s] Level 1:colcon.colcon_core.environment:checking '/home/robousr/Robotica-2026-1/Proyecto_Final_ws/install/robot1_description' for CMake config files
[2.426s] Level 1:colcon.colcon_core.environment:checking '/home/robousr/Robotica-2026-1/Proyecto_Final_ws/install/robot1_description/lib'
[2.426s] Level 1:colcon.colcon_core.environment:checking '/home/robousr/Robotica-2026-1/Proyecto_Final_ws/install/robot1_description/bin'
[2.426s] Level 1:colcon.colcon_core.environment:checking '/home/robousr/Robotica-2026-1/Proyecto_Final_ws/install/robot1_description/lib/pkgconfig/robot1_description.pc'
[2.426s] Level 1:colcon.colcon_core.environment:checking '/home/robousr/Robotica-2026-1/Proyecto_Final_ws/install/robot1_description/lib/python3.10/site-packages'
[2.426s] Level 1:colcon.colcon_core.shell:create_environment_hook('robot1_description', 'pythonpath')
[2.427s] INFO:colcon.colcon_core.shell:Creating environment hook '/home/robousr/Robotica-2026-1/Proyecto_Final_ws/install/robot1_description/share/robot1_description/hook/pythonpath.ps1'
[2.427s] INFO:colcon.colcon_core.shell:Creating environment descriptor '/home/robousr/Robotica-2026-1/Proyecto_Final_ws/install/robot1_description/share/robot1_description/hook/pythonpath.dsv'
[2.427s] INFO:colcon.colcon_core.shell:Creating environment hook '/home/robousr/Robotica-2026-1/Proyecto_Final_ws/install/robot1_description/share/robot1_description/hook/pythonpath.sh'
[2.430s] Level 1:colcon.colcon_core.environment:checking '/home/robousr/Robotica-2026-1/Proyecto_Final_ws/install/robot1_description/bin'
[2.430s] Level 1:colcon.colcon_core.environment:create_environment_scripts_only(robot1_description)
[2.430s] INFO:colcon.colcon_core.shell:Creating package script '/home/robousr/Robotica-2026-1/Proyecto_Final_ws/install/robot1_description/share/robot1_description/package.ps1'
[2.431s] INFO:colcon.colcon_core.shell:Creating package descriptor '/home/robousr/Robotica-2026-1/Proyecto_Final_ws/install/robot1_description/share/robot1_description/package.dsv'
[2.431s] INFO:colcon.colcon_core.shell:Creating package script '/home/robousr/Robotica-2026-1/Proyecto_Final_ws/install/robot1_description/share/robot1_description/package.sh'
[2.432s] INFO:colcon.colcon_core.shell:Creating package script '/home/robousr/Robotica-2026-1/Proyecto_Final_ws/install/robot1_description/share/robot1_description/package.bash'
[2.433s] INFO:colcon.colcon_core.shell:Creating package script '/home/robousr/Robotica-2026-1/Proyecto_Final_ws/install/robot1_description/share/robot1_description/package.zsh'
[2.434s] Level 1:colcon.colcon_core.environment:create_file_with_runtime_dependencies(/home/robousr/Robotica-2026-1/Proyecto_Final_ws/install/robot1_description/share/colcon-core/packages/robot1_description)
[2.435s] INFO:colcon.colcon_ros.task.ament_python.build:Building ROS package in '/home/robousr/Robotica-2026-1/Proyecto_Final_ws/src/robot_bringup' with build type 'ament_python'
[2.435s] Level 1:colcon.colcon_core.shell:create_environment_hook('robot_bringup', 'ament_prefix_path')
[2.436s] INFO:colcon.colcon_core.shell:Creating environment hook '/home/robousr/Robotica-2026-1/Proyecto_Final_ws/install/robot_bringup/share/robot_bringup/hook/ament_prefix_path.ps1'
[2.437s] INFO:colcon.colcon_core.shell:Creating environment descriptor '/home/robousr/Robotica-2026-1/Proyecto_Final_ws/install/robot_bringup/share/robot_bringup/hook/ament_prefix_path.dsv'
[2.437s] INFO:colcon.colcon_core.shell:Creating environment hook '/home/robousr/Robotica-2026-1/Proyecto_Final_ws/install/robot_bringup/share/robot_bringup/hook/ament_prefix_path.sh'
[2.438s] INFO:colcon.colcon_core.shell:Skip shell extension 'powershell' for command environment: Not usable outside of PowerShell
[2.438s] DEBUG:colcon.colcon_core.shell:Skip shell extension 'dsv' for command environment
[2.447s] Level 1:colcon.colcon_core.environment:checking '/home/robousr/Robotica-2026-1/Proyecto_Final_ws/install/robot1_control' for CMake module files
[2.448s] Level 1:colcon.colcon_core.environment:checking '/home/robousr/Robotica-2026-1/Proyecto_Final_ws/install/robot1_control' for CMake config files
[2.448s] Level 1:colcon.colcon_core.environment:checking '/home/robousr/Robotica-2026-1/Proyecto_Final_ws/install/robot1_control/lib'
[2.448s] Level 1:colcon.colcon_core.environment:checking '/home/robousr/Robotica-2026-1/Proyecto_Final_ws/install/robot1_control/bin'
[2.448s] Level 1:colcon.colcon_core.environment:checking '/home/robousr/Robotica-2026-1/Proyecto_Final_ws/install/robot1_control/lib/pkgconfig/robot1_control.pc'
[2.449s] Level 1:colcon.colcon_core.environment:checking '/home/robousr/Robotica-2026-1/Proyecto_Final_ws/install/robot1_control/lib/python3.10/site-packages'
[2.449s] Level 1:colcon.colcon_core.shell:create_environment_hook('robot1_control', 'pythonpath')
[2.449s] INFO:colcon.colcon_core.shell:Creating environment hook '/home/robousr/Robotica-2026-1/Proyecto_Final_ws/install/robot1_control/share/robot1_control/hook/pythonpath.ps1'
[2.450s] DEBUG:colcon.colcon_core.event_handler.log_command:Invoked command in '/home/robousr/Robotica-2026-1/Proyecto_Final_ws/src/robot1_control' returned '0': PYTHONPATH=/home/robousr/Robotica-2026-1/Proyecto_Final_ws/build/robot1_control/prefix_override:/usr/lib/python3/dist-packages/colcon_core/task/python/colcon_distutils_commands:/home/robousr/Robotica-2026-1/Proyecto_Final_ws/install/robot1_control/lib/python3.10/site-packages:${PYTHONPATH} /usr/bin/python3 -W ignore:setup.py install is deprecated -W ignore:easy_install command is deprecated setup.py egg_info --egg-base ../../build/robot1_control build --build-base /home/robousr/Robotica-2026-1/Proyecto_Final_ws/build/robot1_control/build install --record /home/robousr/Robotica-2026-1/Proyecto_Final_ws/build/robot1_control/install.log --single-version-externally-managed install_data
[2.451s] INFO:colcon.colcon_core.shell:Creating environment descriptor '/home/robousr/Robotica-2026-1/Proyecto_Final_ws/install/robot1_control/share/robot1_control/hook/pythonpath.dsv'
[2.452s] INFO:colcon.colcon_core.shell:Creating environment hook '/home/robousr/Robotica-2026-1/Proyecto_Final_ws/install/robot1_control/share/robot1_control/hook/pythonpath.sh'
[2.452s] Level 1:colcon.colcon_core.environment:checking '/home/robousr/Robotica-2026-1/Proyecto_Final_ws/install/robot1_control/bin'
[2.452s] Level 1:colcon.colcon_core.environment:create_environment_scripts_only(robot1_control)
[2.452s] INFO:colcon.colcon_core.shell:Creating package script '/home/robousr/Robotica-2026-1/Proyecto_Final_ws/install/robot1_control/share/robot1_control/package.ps1'
[2.453s] INFO:colcon.colcon_core.shell:Creating package descriptor '/home/robousr/Robotica-2026-1/Proyecto_Final_ws/install/robot1_control/share/robot1_control/package.dsv'
[2.453s] INFO:colcon.colcon_core.shell:Creating package script '/home/robousr/Robotica-2026-1/Proyecto_Final_ws/install/robot1_control/share/robot1_control/package.sh'
[2.454s] INFO:colcon.colcon_core.shell:Creating package script '/home/robousr/Robotica-2026-1/Proyecto_Final_ws/install/robot1_control/share/robot1_control/package.bash'
[2.455s] INFO:colcon.colcon_core.shell:Creating package script '/home/robousr/Robotica-2026-1/Proyecto_Final_ws/install/robot1_control/share/robot1_control/package.zsh'
[2.455s] Level 1:colcon.colcon_core.environment:create_file_with_runtime_dependencies(/home/robousr/Robotica-2026-1/Proyecto_Final_ws/install/robot1_control/share/colcon-core/packages/robot1_control)
[2.737s] WARNING:colcon.colcon_ros.task.ament_python.build:Package 'robot_bringup' doesn't explicitly install a marker in the package index (colcon-ros currently does it implicitly but that fallback will be removed in the future)
[2.738s] WARNING:colcon.colcon_ros.task.ament_python.build:Package 'robot_bringup' doesn't explicitly install the 'package.xml' file (colcon-ros currently does it implicitly but that fallback will be removed in the future)
[2.738s] INFO:colcon.colcon_core.task.python.build:Building Python package in '/home/robousr/Robotica-2026-1/Proyecto_Final_ws/src/robot_bringup'
[2.738s] INFO:colcon.colcon_core.shell:Skip shell extension 'powershell' for command environment: Not usable outside of PowerShell
[2.738s] DEBUG:colcon.colcon_core.shell:Skip shell extension 'dsv' for command environment
[2.743s] Level 1:colcon.colcon_core.environment:checking '/home/robousr/Robotica-2026-1/Proyecto_Final_ws/install/robot2_control' for CMake module files
[2.743s] Level 1:colcon.colcon_core.environment:checking '/home/robousr/Robotica-2026-1/Proyecto_Final_ws/install/robot2_control' for CMake config files
[2.745s] Level 1:colcon.colcon_core.environment:checking '/home/robousr/Robotica-2026-1/Proyecto_Final_ws/install/robot2_control/lib'
[2.746s] DEBUG:colcon.colcon_core.event_handler.log_command:Invoked command in '/home/robousr/Robotica-2026-1/Proyecto_Final_ws/src/robot2_control' returned '0': PYTHONPATH=/home/robousr/Robotica-2026-1/Proyecto_Final_ws/build/robot2_control/prefix_override:/usr/lib/python3/dist-packages/colcon_core/task/python/colcon_distutils_commands:/home/robousr/Robotica-2026-1/Proyecto_Final_ws/install/robot2_control/lib/python3.10/site-packages:${PYTHONPATH} /usr/bin/python3 -W ignore:setup.py install is deprecated -W ignore:easy_install command is deprecated setup.py egg_info --egg-base ../../build/robot2_control build --build-base /home/robousr/Robotica-2026-1/Proyecto_Final_ws/build/robot2_control/build install --record /home/robousr/Robotica-2026-1/Proyecto_Final_ws/build/robot2_control/install.log --single-version-externally-managed install_data
[2.746s] Level 1:colcon.colcon_core.environment:checking '/home/robousr/Robotica-2026-1/Proyecto_Final_ws/install/robot2_control/bin'
[2.746s] Level 1:colcon.colcon_core.environment:checking '/home/robousr/Robotica-2026-1/Proyecto_Final_ws/install/robot2_control/lib/pkgconfig/robot2_control.pc'
[2.746s] Level 1:colcon.colcon_core.environment:checking '/home/robousr/Robotica-2026-1/Proyecto_Final_ws/install/robot2_control/lib/python3.10/site-packages'
[2.746s] Level 1:colcon.colcon_core.shell:create_environment_hook('robot2_control', 'pythonpath')
[2.747s] INFO:colcon.colcon_core.shell:Creating environment hook '/home/robousr/Robotica-2026-1/Proyecto_Final_ws/install/robot2_control/share/robot2_control/hook/pythonpath.ps1'
[2.747s] INFO:colcon.colcon_core.shell:Creating environment descriptor '/home/robousr/Robotica-2026-1/Proyecto_Final_ws/install/robot2_control/share/robot2_control/hook/pythonpath.dsv'
[2.748s] INFO:colcon.colcon_core.shell:Creating environment hook '/home/robousr/Robotica-2026-1/Proyecto_Final_ws/install/robot2_control/share/robot2_control/hook/pythonpath.sh'
[2.748s] Level 1:colcon.colcon_core.environment:checking '/home/robousr/Robotica-2026-1/Proyecto_Final_ws/install/robot2_control/bin'
[2.748s] Level 1:colcon.colcon_core.environment:create_environment_scripts_only(robot2_control)
[2.749s] INFO:colcon.colcon_core.shell:Creating package script '/home/robousr/Robotica-2026-1/Proyecto_Final_ws/install/robot2_control/share/robot2_control/package.ps1'
[2.749s] INFO:colcon.colcon_core.shell:Creating package descriptor '/home/robousr/Robotica-2026-1/Proyecto_Final_ws/install/robot2_control/share/robot2_control/package.dsv'
[2.749s] INFO:colcon.colcon_core.shell:Creating package script '/home/robousr/Robotica-2026-1/Proyecto_Final_ws/install/robot2_control/share/robot2_control/package.sh'
[2.750s] INFO:colcon.colcon_core.shell:Creating package script '/home/robousr/Robotica-2026-1/Proyecto_Final_ws/install/robot2_control/share/robot2_control/package.bash'
[2.750s] INFO:colcon.colcon_core.shell:Creating package script '/home/robousr/Robotica-2026-1/Proyecto_Final_ws/install/robot2_control/share/robot2_control/package.zsh'
[2.750s] Level 1:colcon.colcon_core.environment:create_file_with_runtime_dependencies(/home/robousr/Robotica-2026-1/Proyecto_Final_ws/install/robot2_control/share/colcon-core/packages/robot2_control)
[2.754s] Level 1:colcon.colcon_core.environment:checking '/home/robousr/Robotica-2026-1/Proyecto_Final_ws/install/robot2_description' for CMake module files
[2.755s] DEBUG:colcon.colcon_core.event_handler.log_command:Invoked command in '/home/robousr/Robotica-2026-1/Proyecto_Final_ws/src/robot2_description' returned '0': PYTHONPATH=/home/robousr/Robotica-2026-1/Proyecto_Final_ws/build/robot2_description/prefix_override:/usr/lib/python3/dist-packages/colcon_core/task/python/colcon_distutils_commands:/home/robousr/Robotica-2026-1/Proyecto_Final_ws/install/robot2_description/lib/python3.10/site-packages:${PYTHONPATH} /usr/bin/python3 -W ignore:setup.py install is deprecated -W ignore:easy_install command is deprecated setup.py egg_info --egg-base ../../build/robot2_description build --build-base /home/robousr/Robotica-2026-1/Proyecto_Final_ws/build/robot2_description/build install --record /home/robousr/Robotica-2026-1/Proyecto_Final_ws/build/robot2_description/install.log --single-version-externally-managed install_data
[2.755s] Level 1:colcon.colcon_core.environment:checking '/home/robousr/Robotica-2026-1/Proyecto_Final_ws/install/robot2_description' for CMake config files
[2.755s] Level 1:colcon.colcon_core.environment:checking '/home/robousr/Robotica-2026-1/Proyecto_Final_ws/install/robot2_description/lib'
[2.755s] Level 1:colcon.colcon_core.environment:checking '/home/robousr/Robotica-2026-1/Proyecto_Final_ws/install/robot2_description/bin'
[2.756s] Level 1:colcon.colcon_core.environment:checking '/home/robousr/Robotica-2026-1/Proyecto_Final_ws/install/robot2_description/lib/pkgconfig/robot2_description.pc'
[2.756s] Level 1:colcon.colcon_core.environment:checking '/home/robousr/Robotica-2026-1/Proyecto_Final_ws/install/robot2_description/lib/python3.10/site-packages'
[2.756s] Level 1:colcon.colcon_core.shell:create_environment_hook('robot2_description', 'pythonpath')
[2.756s] INFO:colcon.colcon_core.shell:Creating environment hook '/home/robousr/Robotica-2026-1/Proyecto_Final_ws/install/robot2_description/share/robot2_description/hook/pythonpath.ps1'
[2.756s] INFO:colcon.colcon_core.shell:Creating environment descriptor '/home/robousr/Robotica-2026-1/Proyecto_Final_ws/install/robot2_description/share/robot2_description/hook/pythonpath.dsv'
[2.757s] INFO:colcon.colcon_core.shell:Creating environment hook '/home/robousr/Robotica-2026-1/Proyecto_Final_ws/install/robot2_description/share/robot2_description/hook/pythonpath.sh'
[2.758s] Level 1:colcon.colcon_core.environment:checking '/home/robousr/Robotica-2026-1/Proyecto_Final_ws/install/robot2_description/bin'
[2.758s] Level 1:colcon.colcon_core.environment:create_environment_scripts_only(robot2_description)
[2.758s] INFO:colcon.colcon_core.shell:Creating package script '/home/robousr/Robotica-2026-1/Proyecto_Final_ws/install/robot2_description/share/robot2_description/package.ps1'
[2.759s] INFO:colcon.colcon_core.shell:Creating package descriptor '/home/robousr/Robotica-2026-1/Proyecto_Final_ws/install/robot2_description/share/robot2_description/package.dsv'
[2.759s] INFO:colcon.colcon_core.shell:Creating package script '/home/robousr/Robotica-2026-1/Proyecto_Final_ws/install/robot2_description/share/robot2_description/package.sh'
[2.759s] INFO:colcon.colcon_core.shell:Creating package script '/home/robousr/Robotica-2026-1/Proyecto_Final_ws/install/robot2_description/share/robot2_description/package.bash'
[2.759s] INFO:colcon.colcon_core.shell:Creating package script '/home/robousr/Robotica-2026-1/Proyecto_Final_ws/install/robot2_description/share/robot2_description/package.zsh'
[2.761s] Level 1:colcon.colcon_core.environment:create_file_with_runtime_dependencies(/home/robousr/Robotica-2026-1/Proyecto_Final_ws/install/robot2_description/share/colcon-core/packages/robot2_description)
[3.134s] DEBUG:colcon.colcon_core.event_handler.log_command:Invoking command in '/home/robousr/Robotica-2026-1/Proyecto_Final_ws/src/robot_bringup': PYTHONPATH=/home/robousr/Robotica-2026-1/Proyecto_Final_ws/build/robot_bringup/prefix_override:/usr/lib/python3/dist-packages/colcon_core/task/python/colcon_distutils_commands:/home/robousr/Robotica-2026-1/Proyecto_Final_ws/install/robot_bringup/lib/python3.10/site-packages:${PYTHONPATH} /usr/bin/python3 -W ignore:setup.py install is deprecated -W ignore:easy_install command is deprecated setup.py egg_info --egg-base ../../build/robot_bringup build --build-base /home/robousr/Robotica-2026-1/Proyecto_Final_ws/build/robot_bringup/build install --record /home/robousr/Robotica-2026-1/Proyecto_Final_ws/build/robot_bringup/install.log --single-version-externally-managed install_data
[3.428s] DEBUG:colcon.colcon_core.event_handler.log_command:Invoked command in '/home/robousr/Robotica-2026-1/Proyecto_Final_ws/src/robot_bringup' returned '1': PYTHONPATH=/home/robousr/Robotica-2026-1/Proyecto_Final_ws/build/robot_bringup/prefix_override:/usr/lib/python3/dist-packages/colcon_core/task/python/colcon_distutils_commands:/home/robousr/Robotica-2026-1/Proyecto_Final_ws/install/robot_bringup/lib/python3.10/site-packages:${PYTHONPATH} /usr/bin/python3 -W ignore:setup.py install is deprecated -W ignore:easy_install command is deprecated setup.py egg_info --egg-base ../../build/robot_bringup build --build-base /home/robousr/Robotica-2026-1/Proyecto_Final_ws/build/robot_bringup/build install --record /home/robousr/Robotica-2026-1/Proyecto_Final_ws/build/robot_bringup/install.log --single-version-externally-managed install_data
[3.438s] DEBUG:colcon.colcon_parallel_executor.executor.parallel:closing loop
[3.439s] DEBUG:colcon.colcon_parallel_executor.executor.parallel:loop closed
[3.439s] DEBUG:colcon.colcon_parallel_executor.executor.parallel:run_until_complete finished with '1'
[3.439s] DEBUG:colcon.colcon_core.event_reactor:joining thread
[3.447s] INFO:colcon.colcon_core.plugin_system:Skipping extension 'colcon_notification.desktop_notification.terminal_notifier': Not used on non-Darwin systems
[3.447s] INFO:colcon.colcon_core.plugin_system:Skipping extension 'colcon_notification.desktop_notification.win32': Not used on non-Windows systems
[3.447s] INFO:colcon.colcon_notification.desktop_notification:Sending desktop notification using 'notify2'
[3.463s] DEBUG:colcon.colcon_core.event_reactor:joined thread
[3.463s] INFO:colcon.colcon_core.shell:Creating prefix script '/home/robousr/Robotica-2026-1/Proyecto_Final_ws/install/local_setup.ps1'
[3.466s] INFO:colcon.colcon_core.shell:Creating prefix util module '/home/robousr/Robotica-2026-1/Proyecto_Final_ws/install/_local_setup_util_ps1.py'
[3.468s] INFO:colcon.colcon_core.shell:Creating prefix chain script '/home/robousr/Robotica-2026-1/Proyecto_Final_ws/install/setup.ps1'
[3.469s] INFO:colcon.colcon_core.shell:Creating prefix script '/home/robousr/Robotica-2026-1/Proyecto_Final_ws/install/local_setup.sh'
[3.469s] INFO:colcon.colcon_core.shell:Creating prefix util module '/home/robousr/Robotica-2026-1/Proyecto_Final_ws/install/_local_setup_util_sh.py'
[3.470s] INFO:colcon.colcon_core.shell:Creating prefix chain script '/home/robousr/Robotica-2026-1/Proyecto_Final_ws/install/setup.sh'
[3.471s] INFO:colcon.colcon_core.shell:Creating prefix script '/home/robousr/Robotica-2026-1/Proyecto_Final_ws/install/local_setup.bash'
[3.471s] INFO:colcon.colcon_core.shell:Creating prefix chain script '/home/robousr/Robotica-2026-1/Proyecto_Final_ws/install/setup.bash'
[3.473s] INFO:colcon.colcon_core.shell:Creating prefix script '/home/robousr/Robotica-2026-1/Proyecto_Final_ws/install/local_setup.zsh'
[3.473s] INFO:colcon.colcon_core.shell:Creating prefix chain script '/home/robousr/Robotica-2026-1/Proyecto_Final_ws/install/setup.zsh'
