[1.638s] Invoking command in '/home/robousr/Robotica-2026-1/Proyecto_Final_ws/build/robot1_control': PYTHONPATH=/home/robousr/Robotica-2026-1/Proyecto_Final_ws/build/robot1_control/prefix_override:/usr/lib/python3/dist-packages/colcon_core/task/python/colcon_distutils_commands:/home/robousr/Robotica-2026-1/Proyecto_Final_ws/install/robot1_control/lib/python3.10/site-packages:${PYTHONPATH} /usr/bin/python3 -W ignore:setup.py install is deprecated -W ignore:easy_install command is deprecated setup.py develop --editable --build-directory /home/robousr/Robotica-2026-1/Proyecto_Final_ws/build/robot1_control/build --no-deps symlink_data --force
[1.965s] running develop
[2.204s] running egg_info
[2.205s] writing robot1_control.egg-info/PKG-INFO
[2.206s] writing dependency_links to robot1_control.egg-info/dependency_links.txt
[2.207s] writing entry points to robot1_control.egg-info/entry_points.txt
[2.207s] writing requirements to robot1_control.egg-info/requires.txt
[2.208s] writing top-level names to robot1_control.egg-info/top_level.txt
[2.213s] reading manifest file 'robot1_control.egg-info/SOURCES.txt'
[2.213s] writing manifest file 'robot1_control.egg-info/SOURCES.txt'
[2.216s] running build_ext
[2.216s] Creating /home/robousr/Robotica-2026-1/Proyecto_Final_ws/install/robot1_control/lib/python3.10/site-packages/robot1-control.egg-link (link to .)
[2.217s] Installing controller_manager script to /home/robousr/Robotica-2026-1/Proyecto_Final_ws/install/robot1_control/lib/robot1_control
[2.218s] Installing hardware_interface script to /home/robousr/Robotica-2026-1/Proyecto_Final_ws/install/robot1_control/lib/robot1_control
[2.219s] Installing manipulator_controller script to /home/robousr/Robotica-2026-1/Proyecto_Final_ws/install/robot1_control/lib/robot1_control
[2.219s] 
[2.219s] Installed /home/robousr/Robotica-2026-1/Proyecto_Final_ws/build/robot1_control
[2.220s] running symlink_data
[2.220s] symbolically linking /home/robousr/Robotica-2026-1/Proyecto_Final_ws/build/robot1_control/resource/robot1_control -> /home/robousr/Robotica-2026-1/Proyecto_Final_ws/install/robot1_control/share/ament_index/resource_index/packages
[2.220s] symbolically linking /home/robousr/Robotica-2026-1/Proyecto_Final_ws/build/robot1_control/package.xml -> /home/robousr/Robotica-2026-1/Proyecto_Final_ws/install/robot1_control/share/robot1_control
[2.585s] Invoked command in '/home/robousr/Robotica-2026-1/Proyecto_Final_ws/build/robot1_control' returned '0': PYTHONPATH=/home/robousr/Robotica-2026-1/Proyecto_Final_ws/build/robot1_control/prefix_override:/usr/lib/python3/dist-packages/colcon_core/task/python/colcon_distutils_commands:/home/robousr/Robotica-2026-1/Proyecto_Final_ws/install/robot1_control/lib/python3.10/site-packages:${PYTHONPATH} /usr/bin/python3 -W ignore:setup.py install is deprecated -W ignore:easy_install command is deprecated setup.py develop --editable --build-directory /home/robousr/Robotica-2026-1/Proyecto_Final_ws/build/robot1_control/build --no-deps symlink_data --force
