running develop
running egg_info
creating robot1_control.egg-info
writing robot1_control.egg-info/PKG-INFO
writing dependency_links to robot1_control.egg-info/dependency_links.txt
writing entry points to robot1_control.egg-info/entry_points.txt
writing requirements to robot1_control.egg-info/requires.txt
writing top-level names to robot1_control.egg-info/top_level.txt
writing manifest file 'robot1_control.egg-info/SOURCES.txt'
reading manifest file 'robot1_control.egg-info/SOURCES.txt'
writing manifest file 'robot1_control.egg-info/SOURCES.txt'
running build_ext
Creating /home/robousr/Desktop/Robotica_Semestre-2026-1/Proyecto_Final_ws/install/robot1_control/lib/python3.10/site-packages/robot1-control.egg-link (link to .)
Installing controller_manager script to /home/robousr/Desktop/Robotica_Semestre-2026-1/Proyecto_Final_ws/install/robot1_control/lib/robot1_control
Installing hardware_interface script to /home/robousr/Desktop/Robotica_Semestre-2026-1/Proyecto_Final_ws/install/robot1_control/lib/robot1_control
Installing manipulator_controller script to /home/robousr/Desktop/Robotica_Semestre-2026-1/Proyecto_Final_ws/install/robot1_control/lib/robot1_control

Installed /home/robousr/Desktop/Robotica_Semestre-2026-1/Proyecto_Final_ws/build/robot1_control
running symlink_data
creating /home/robousr/Desktop/Robotica_Semestre-2026-1/Proyecto_Final_ws/install/robot1_control/share/ament_index
creating /home/robousr/Desktop/Robotica_Semestre-2026-1/Proyecto_Final_ws/install/robot1_control/share/ament_index/resource_index
creating /home/robousr/Desktop/Robotica_Semestre-2026-1/Proyecto_Final_ws/install/robot1_control/share/ament_index/resource_index/packages
symbolically linking /home/robousr/Desktop/Robotica_Semestre-2026-1/Proyecto_Final_ws/build/robot1_control/resource/robot1_control -> /home/robousr/Desktop/Robotica_Semestre-2026-1/Proyecto_Final_ws/install/robot1_control/share/ament_index/resource_index/packages
symbolically linking /home/robousr/Desktop/Robotica_Semestre-2026-1/Proyecto_Final_ws/build/robot1_control/package.xml -> /home/robousr/Desktop/Robotica_Semestre-2026-1/Proyecto_Final_ws/install/robot1_control/share/robot1_control
