[1.724s] Invoking command in '/home/robousr/Desktop/Robotica_Semestre-2026-1/Proyecto_Final_ws/build/robot1_control': PYTHONPATH=/home/robousr/Desktop/Robotica_Semestre-2026-1/Proyecto_Final_ws/build/robot1_control/prefix_override:/usr/lib/python3/dist-packages/colcon_core/task/python/colcon_distutils_commands:/home/robousr/Desktop/Robotica_Semestre-2026-1/Proyecto_Final_ws/install/robot1_control/lib/python3.10/site-packages:${PYTHONPATH} /usr/bin/python3 -W ignore:setup.py install is deprecated -W ignore:easy_install command is deprecated setup.py develop --editable --build-directory /home/robousr/Desktop/Robotica_Semestre-2026-1/Proyecto_Final_ws/build/robot1_control/build --no-deps symlink_data
[2.155s] running develop
[2.428s] running egg_info
[2.428s] creating robot1_control.egg-info
[2.428s] writing robot1_control.egg-info/PKG-INFO
[2.429s] writing dependency_links to robot1_control.egg-info/dependency_links.txt
[2.429s] writing entry points to robot1_control.egg-info/entry_points.txt
[2.429s] writing requirements to robot1_control.egg-info/requires.txt
[2.429s] writing top-level names to robot1_control.egg-info/top_level.txt
[2.429s] writing manifest file 'robot1_control.egg-info/SOURCES.txt'
[2.430s] reading manifest file 'robot1_control.egg-info/SOURCES.txt'
[2.431s] writing manifest file 'robot1_control.egg-info/SOURCES.txt'
[2.433s] running build_ext
[2.433s] Creating /home/robousr/Desktop/Robotica_Semestre-2026-1/Proyecto_Final_ws/install/robot1_control/lib/python3.10/site-packages/robot1-control.egg-link (link to .)
[2.438s] Installing controller_manager script to /home/robousr/Desktop/Robotica_Semestre-2026-1/Proyecto_Final_ws/install/robot1_control/lib/robot1_control
[2.438s] Installing hardware_interface script to /home/robousr/Desktop/Robotica_Semestre-2026-1/Proyecto_Final_ws/install/robot1_control/lib/robot1_control
[2.438s] Installing manipulator_controller script to /home/robousr/Desktop/Robotica_Semestre-2026-1/Proyecto_Final_ws/install/robot1_control/lib/robot1_control
[2.438s] 
[2.438s] Installed /home/robousr/Desktop/Robotica_Semestre-2026-1/Proyecto_Final_ws/build/robot1_control
[2.438s] running symlink_data
[2.438s] creating /home/robousr/Desktop/Robotica_Semestre-2026-1/Proyecto_Final_ws/install/robot1_control/share/ament_index
[2.438s] creating /home/robousr/Desktop/Robotica_Semestre-2026-1/Proyecto_Final_ws/install/robot1_control/share/ament_index/resource_index
[2.438s] creating /home/robousr/Desktop/Robotica_Semestre-2026-1/Proyecto_Final_ws/install/robot1_control/share/ament_index/resource_index/packages
[2.438s] symbolically linking /home/robousr/Desktop/Robotica_Semestre-2026-1/Proyecto_Final_ws/build/robot1_control/resource/robot1_control -> /home/robousr/Desktop/Robotica_Semestre-2026-1/Proyecto_Final_ws/install/robot1_control/share/ament_index/resource_index/packages
[2.438s] symbolically linking /home/robousr/Desktop/Robotica_Semestre-2026-1/Proyecto_Final_ws/build/robot1_control/package.xml -> /home/robousr/Desktop/Robotica_Semestre-2026-1/Proyecto_Final_ws/install/robot1_control/share/robot1_control
[2.726s] Invoked command in '/home/robousr/Desktop/Robotica_Semestre-2026-1/Proyecto_Final_ws/build/robot1_control' returned '0': PYTHONPATH=/home/robousr/Desktop/Robotica_Semestre-2026-1/Proyecto_Final_ws/build/robot1_control/prefix_override:/usr/lib/python3/dist-packages/colcon_core/task/python/colcon_distutils_commands:/home/robousr/Desktop/Robotica_Semestre-2026-1/Proyecto_Final_ws/install/robot1_control/lib/python3.10/site-packages:${PYTHONPATH} /usr/bin/python3 -W ignore:setup.py install is deprecated -W ignore:easy_install command is deprecated setup.py develop --editable --build-directory /home/robousr/Desktop/Robotica_Semestre-2026-1/Proyecto_Final_ws/build/robot1_control/build --no-deps symlink_data
