[0.101s] DEBUG:colcon:Command line arguments: ['/usr/bin/colcon', 'build', '--symlink-install']
[0.102s] DEBUG:colcon:Parsed command line arguments: Namespace(log_base=None, log_level=None, verb_name='build', build_base='build', install_base='install', merge_install=False, symlink_install=True, test_result_base=None, continue_on_error=False, executor='parallel', parallel_workers=4, event_handlers=None, ignore_user_meta=False, metas=['./colcon.meta'], base_paths=['.'], packages_ignore=None, packages_ignore_regex=None, paths=None, packages_up_to=None, packages_up_to_regex=None, packages_above=None, packages_above_and_dependencies=None, packages_above_depth=None, packages_select_by_dep=None, packages_skip_by_dep=None, packages_skip_up_to=None, packages_select_build_failed=False, packages_skip_build_finished=False, packages_select_test_failures=False, packages_skip_test_passed=False, packages_select=None, packages_skip=None, packages_select_regex=None, packages_skip_regex=None, packages_start=None, packages_end=None, allow_overriding=[], cmake_args=None, cmake_target=None, cmake_target_skip_unavailable=False, cmake_clean_cache=False, cmake_clean_first=False, cmake_force_configure=False, ament_cmake_args=None, catkin_cmake_args=None, catkin_skip_building_tests=False, mixin_files=None, mixin=None, verb_parser=<colcon_mixin.mixin.mixin_argument.MixinArgumentDecorator object at 0x782faf46fdf0>, verb_extension=<colcon_core.verb.build.BuildVerb object at 0x782faf46f880>, main=<bound method BuildVerb.main of <colcon_core.verb.build.BuildVerb object at 0x782faf46f880>>, mixin_verb=('build',))
[0.284s] Level 1:colcon.colcon_core.package_discovery:discover_packages(colcon_meta) check parameters
[0.284s] Level 1:colcon.colcon_core.package_discovery:discover_packages(recursive) check parameters
[0.284s] Level 1:colcon.colcon_core.package_discovery:discover_packages(ignore) check parameters
[0.284s] Level 1:colcon.colcon_core.package_discovery:discover_packages(path) check parameters
[0.284s] Level 1:colcon.colcon_core.package_discovery:discover_packages(colcon_meta) discover
[0.284s] Level 1:colcon.colcon_core.package_discovery:discover_packages(recursive) discover
[0.284s] INFO:colcon.colcon_core.package_discovery:Crawling recursively for packages in '/home/robousr/Robotica-2026-1/Proyecto_Final_ws'
[0.284s] Level 1:colcon.colcon_core.package_identification:_identify(.) by extensions ['ignore', 'ignore_ament_install']
[0.285s] Level 1:colcon.colcon_core.package_identification:_identify(.) by extension 'ignore'
[0.285s] Level 1:colcon.colcon_core.package_identification:_identify(.) by extension 'ignore_ament_install'
[0.285s] Level 1:colcon.colcon_core.package_identification:_identify(.) by extensions ['colcon_pkg']
[0.285s] Level 1:colcon.colcon_core.package_identification:_identify(.) by extension 'colcon_pkg'
[0.285s] Level 1:colcon.colcon_core.package_identification:_identify(.) by extensions ['colcon_meta']
[0.285s] Level 1:colcon.colcon_core.package_identification:_identify(.) by extension 'colcon_meta'
[0.285s] Level 1:colcon.colcon_core.package_identification:_identify(.) by extensions ['ros']
[0.285s] Level 1:colcon.colcon_core.package_identification:_identify(.) by extension 'ros'
[0.316s] Level 1:colcon.colcon_core.package_identification:_identify(.) by extensions ['cmake', 'python']
[0.316s] Level 1:colcon.colcon_core.package_identification:_identify(.) by extension 'cmake'
[0.316s] Level 1:colcon.colcon_core.package_identification:_identify(.) by extension 'python'
[0.316s] Level 1:colcon.colcon_core.package_identification:_identify(.) by extensions ['python_setup_py']
[0.316s] Level 1:colcon.colcon_core.package_identification:_identify(.) by extension 'python_setup_py'
[0.316s] Level 1:colcon.colcon_core.package_identification:_identify(build) by extensions ['ignore', 'ignore_ament_install']
[0.316s] Level 1:colcon.colcon_core.package_identification:_identify(build) by extension 'ignore'
[0.316s] Level 1:colcon.colcon_core.package_identification:_identify(build) ignored
[0.317s] Level 1:colcon.colcon_core.package_identification:_identify(install) by extensions ['ignore', 'ignore_ament_install']
[0.317s] Level 1:colcon.colcon_core.package_identification:_identify(install) by extension 'ignore'
[0.317s] Level 1:colcon.colcon_core.package_identification:_identify(install) ignored
[0.317s] Level 1:colcon.colcon_core.package_identification:_identify(log) by extensions ['ignore', 'ignore_ament_install']
[0.317s] Level 1:colcon.colcon_core.package_identification:_identify(log) by extension 'ignore'
[0.317s] Level 1:colcon.colcon_core.package_identification:_identify(log) ignored
[0.317s] Level 1:colcon.colcon_core.package_identification:_identify(src) by extensions ['ignore', 'ignore_ament_install']
[0.317s] Level 1:colcon.colcon_core.package_identification:_identify(src) by extension 'ignore'
[0.317s] Level 1:colcon.colcon_core.package_identification:_identify(src) by extension 'ignore_ament_install'
[0.317s] Level 1:colcon.colcon_core.package_identification:_identify(src) by extensions ['colcon_pkg']
[0.317s] Level 1:colcon.colcon_core.package_identification:_identify(src) by extension 'colcon_pkg'
[0.317s] Level 1:colcon.colcon_core.package_identification:_identify(src) by extensions ['colcon_meta']
[0.317s] Level 1:colcon.colcon_core.package_identification:_identify(src) by extension 'colcon_meta'
[0.317s] Level 1:colcon.colcon_core.package_identification:_identify(src) by extensions ['ros']
[0.317s] Level 1:colcon.colcon_core.package_identification:_identify(src) by extension 'ros'
[0.317s] Level 1:colcon.colcon_core.package_identification:_identify(src) by extensions ['cmake', 'python']
[0.318s] Level 1:colcon.colcon_core.package_identification:_identify(src) by extension 'cmake'
[0.318s] Level 1:colcon.colcon_core.package_identification:_identify(src) by extension 'python'
[0.318s] Level 1:colcon.colcon_core.package_identification:_identify(src) by extensions ['python_setup_py']
[0.318s] Level 1:colcon.colcon_core.package_identification:_identify(src) by extension 'python_setup_py'
[0.318s] Level 1:colcon.colcon_core.package_identification:_identify(src/robot1_control) by extensions ['ignore', 'ignore_ament_install']
[0.318s] Level 1:colcon.colcon_core.package_identification:_identify(src/robot1_control) by extension 'ignore'
[0.318s] Level 1:colcon.colcon_core.package_identification:_identify(src/robot1_control) by extension 'ignore_ament_install'
[0.318s] Level 1:colcon.colcon_core.package_identification:_identify(src/robot1_control) by extensions ['colcon_pkg']
[0.318s] Level 1:colcon.colcon_core.package_identification:_identify(src/robot1_control) by extension 'colcon_pkg'
[0.318s] Level 1:colcon.colcon_core.package_identification:_identify(src/robot1_control) by extensions ['colcon_meta']
[0.318s] Level 1:colcon.colcon_core.package_identification:_identify(src/robot1_control) by extension 'colcon_meta'
[0.318s] Level 1:colcon.colcon_core.package_identification:_identify(src/robot1_control) by extensions ['ros']
[0.318s] Level 1:colcon.colcon_core.package_identification:_identify(src/robot1_control) by extension 'ros'
[0.321s] DEBUG:colcon.colcon_core.package_identification:Package 'src/robot1_control' with type 'ros.ament_python' and name 'robot1_control'
[0.321s] Level 1:colcon.colcon_core.package_identification:_identify(src/robot1_description) by extensions ['ignore', 'ignore_ament_install']
[0.321s] Level 1:colcon.colcon_core.package_identification:_identify(src/robot1_description) by extension 'ignore'
[0.321s] Level 1:colcon.colcon_core.package_identification:_identify(src/robot1_description) by extension 'ignore_ament_install'
[0.321s] Level 1:colcon.colcon_core.package_identification:_identify(src/robot1_description) by extensions ['colcon_pkg']
[0.322s] Level 1:colcon.colcon_core.package_identification:_identify(src/robot1_description) by extension 'colcon_pkg'
[0.322s] Level 1:colcon.colcon_core.package_identification:_identify(src/robot1_description) by extensions ['colcon_meta']
[0.322s] Level 1:colcon.colcon_core.package_identification:_identify(src/robot1_description) by extension 'colcon_meta'
[0.322s] Level 1:colcon.colcon_core.package_identification:_identify(src/robot1_description) by extensions ['ros']
[0.322s] Level 1:colcon.colcon_core.package_identification:_identify(src/robot1_description) by extension 'ros'
[0.322s] DEBUG:colcon.colcon_core.package_identification:Package 'src/robot1_description' with type 'ros.ament_python' and name 'robot1_description'
[0.322s] Level 1:colcon.colcon_core.package_identification:_identify(src/robot2_control) by extensions ['ignore', 'ignore_ament_install']
[0.322s] Level 1:colcon.colcon_core.package_identification:_identify(src/robot2_control) by extension 'ignore'
[0.322s] Level 1:colcon.colcon_core.package_identification:_identify(src/robot2_control) by extension 'ignore_ament_install'
[0.322s] Level 1:colcon.colcon_core.package_identification:_identify(src/robot2_control) by extensions ['colcon_pkg']
[0.322s] Level 1:colcon.colcon_core.package_identification:_identify(src/robot2_control) by extension 'colcon_pkg'
[0.323s] Level 1:colcon.colcon_core.package_identification:_identify(src/robot2_control) by extensions ['colcon_meta']
[0.323s] Level 1:colcon.colcon_core.package_identification:_identify(src/robot2_control) by extension 'colcon_meta'
[0.323s] Level 1:colcon.colcon_core.package_identification:_identify(src/robot2_control) by extensions ['ros']
[0.323s] Level 1:colcon.colcon_core.package_identification:_identify(src/robot2_control) by extension 'ros'
[0.323s] DEBUG:colcon.colcon_core.package_identification:Package 'src/robot2_control' with type 'ros.ament_python' and name 'robot2_control'
[0.323s] Level 1:colcon.colcon_core.package_identification:_identify(src/robot2_description) by extensions ['ignore', 'ignore_ament_install']
[0.323s] Level 1:colcon.colcon_core.package_identification:_identify(src/robot2_description) by extension 'ignore'
[0.323s] Level 1:colcon.colcon_core.package_identification:_identify(src/robot2_description) by extension 'ignore_ament_install'
[0.323s] Level 1:colcon.colcon_core.package_identification:_identify(src/robot2_description) by extensions ['colcon_pkg']
[0.323s] Level 1:colcon.colcon_core.package_identification:_identify(src/robot2_description) by extension 'colcon_pkg'
[0.323s] Level 1:colcon.colcon_core.package_identification:_identify(src/robot2_description) by extensions ['colcon_meta']
[0.323s] Level 1:colcon.colcon_core.package_identification:_identify(src/robot2_description) by extension 'colcon_meta'
[0.323s] Level 1:colcon.colcon_core.package_identification:_identify(src/robot2_description) by extensions ['ros']
[0.324s] Level 1:colcon.colcon_core.package_identification:_identify(src/robot2_description) by extension 'ros'
[0.324s] DEBUG:colcon.colcon_core.package_identification:Package 'src/robot2_description' with type 'ros.ament_python' and name 'robot2_description'
[0.324s] Level 1:colcon.colcon_core.package_identification:_identify(src/robot_bringup) by extensions ['ignore', 'ignore_ament_install']
[0.324s] Level 1:colcon.colcon_core.package_identification:_identify(src/robot_bringup) by extension 'ignore'
[0.324s] Level 1:colcon.colcon_core.package_identification:_identify(src/robot_bringup) by extension 'ignore_ament_install'
[0.324s] Level 1:colcon.colcon_core.package_identification:_identify(src/robot_bringup) by extensions ['colcon_pkg']
[0.324s] Level 1:colcon.colcon_core.package_identification:_identify(src/robot_bringup) by extension 'colcon_pkg'
[0.324s] Level 1:colcon.colcon_core.package_identification:_identify(src/robot_bringup) by extensions ['colcon_meta']
[0.324s] Level 1:colcon.colcon_core.package_identification:_identify(src/robot_bringup) by extension 'colcon_meta'
[0.324s] Level 1:colcon.colcon_core.package_identification:_identify(src/robot_bringup) by extensions ['ros']
[0.324s] Level 1:colcon.colcon_core.package_identification:_identify(src/robot_bringup) by extension 'ros'
[0.325s] DEBUG:colcon.colcon_core.package_identification:Package 'src/robot_bringup' with type 'ros.ament_python' and name 'robot_bringup'
[0.325s] Level 1:colcon.colcon_core.package_discovery:discover_packages(recursive) using defaults
[0.325s] Level 1:colcon.colcon_core.package_discovery:discover_packages(ignore) discover
[0.325s] Level 1:colcon.colcon_core.package_discovery:discover_packages(ignore) using defaults
[0.325s] Level 1:colcon.colcon_core.package_discovery:discover_packages(path) discover
[0.325s] Level 1:colcon.colcon_core.package_discovery:discover_packages(path) using defaults
[0.342s] Level 1:colcon.colcon_core.package_discovery:discover_packages(prefix_path) check parameters
[0.342s] Level 1:colcon.colcon_core.package_discovery:discover_packages(prefix_path) discover
[0.345s] DEBUG:colcon.colcon_installed_package_information.package_discovery:Found 429 installed packages in /opt/ros/humble
[0.347s] Level 1:colcon.colcon_core.package_discovery:discover_packages(prefix_path) using defaults
[0.393s] Level 5:colcon.colcon_core.verb:set package 'robot1_control' build argument 'cmake_args' from command line to 'None'
[0.393s] Level 5:colcon.colcon_core.verb:set package 'robot1_control' build argument 'cmake_target' from command line to 'None'
[0.393s] Level 5:colcon.colcon_core.verb:set package 'robot1_control' build argument 'cmake_target_skip_unavailable' from command line to 'False'
[0.393s] Level 5:colcon.colcon_core.verb:set package 'robot1_control' build argument 'cmake_clean_cache' from command line to 'False'
[0.393s] Level 5:colcon.colcon_core.verb:set package 'robot1_control' build argument 'cmake_clean_first' from command line to 'False'
[0.393s] Level 5:colcon.colcon_core.verb:set package 'robot1_control' build argument 'cmake_force_configure' from command line to 'False'
[0.393s] Level 5:colcon.colcon_core.verb:set package 'robot1_control' build argument 'ament_cmake_args' from command line to 'None'
[0.393s] Level 5:colcon.colcon_core.verb:set package 'robot1_control' build argument 'catkin_cmake_args' from command line to 'None'
[0.393s] Level 5:colcon.colcon_core.verb:set package 'robot1_control' build argument 'catkin_skip_building_tests' from command line to 'False'
[0.393s] DEBUG:colcon.colcon_core.verb:Building package 'robot1_control' with the following arguments: {'ament_cmake_args': None, 'build_base': '/home/robousr/Robotica-2026-1/Proyecto_Final_ws/build/robot1_control', 'catkin_cmake_args': None, 'catkin_skip_building_tests': False, 'cmake_args': None, 'cmake_clean_cache': False, 'cmake_clean_first': False, 'cmake_force_configure': False, 'cmake_target': None, 'cmake_target_skip_unavailable': False, 'install_base': '/home/robousr/Robotica-2026-1/Proyecto_Final_ws/install/robot1_control', 'merge_install': False, 'path': '/home/robousr/Robotica-2026-1/Proyecto_Final_ws/src/robot1_control', 'symlink_install': True, 'test_result_base': None}
[0.394s] Level 5:colcon.colcon_core.verb:set package 'robot1_description' build argument 'cmake_args' from command line to 'None'
[0.394s] Level 5:colcon.colcon_core.verb:set package 'robot1_description' build argument 'cmake_target' from command line to 'None'
[0.394s] Level 5:colcon.colcon_core.verb:set package 'robot1_description' build argument 'cmake_target_skip_unavailable' from command line to 'False'
[0.394s] Level 5:colcon.colcon_core.verb:set package 'robot1_description' build argument 'cmake_clean_cache' from command line to 'False'
[0.394s] Level 5:colcon.colcon_core.verb:set package 'robot1_description' build argument 'cmake_clean_first' from command line to 'False'
[0.394s] Level 5:colcon.colcon_core.verb:set package 'robot1_description' build argument 'cmake_force_configure' from command line to 'False'
[0.394s] Level 5:colcon.colcon_core.verb:set package 'robot1_description' build argument 'ament_cmake_args' from command line to 'None'
[0.394s] Level 5:colcon.colcon_core.verb:set package 'robot1_description' build argument 'catkin_cmake_args' from command line to 'None'
[0.394s] Level 5:colcon.colcon_core.verb:set package 'robot1_description' build argument 'catkin_skip_building_tests' from command line to 'False'
[0.394s] DEBUG:colcon.colcon_core.verb:Building package 'robot1_description' with the following arguments: {'ament_cmake_args': None, 'build_base': '/home/robousr/Robotica-2026-1/Proyecto_Final_ws/build/robot1_description', 'catkin_cmake_args': None, 'catkin_skip_building_tests': False, 'cmake_args': None, 'cmake_clean_cache': False, 'cmake_clean_first': False, 'cmake_force_configure': False, 'cmake_target': None, 'cmake_target_skip_unavailable': False, 'install_base': '/home/robousr/Robotica-2026-1/Proyecto_Final_ws/install/robot1_description', 'merge_install': False, 'path': '/home/robousr/Robotica-2026-1/Proyecto_Final_ws/src/robot1_description', 'symlink_install': True, 'test_result_base': None}
[0.394s] Level 5:colcon.colcon_core.verb:set package 'robot2_control' build argument 'cmake_args' from command line to 'None'
[0.394s] Level 5:colcon.colcon_core.verb:set package 'robot2_control' build argument 'cmake_target' from command line to 'None'
[0.394s] Level 5:colcon.colcon_core.verb:set package 'robot2_control' build argument 'cmake_target_skip_unavailable' from command line to 'False'
[0.394s] Level 5:colcon.colcon_core.verb:set package 'robot2_control' build argument 'cmake_clean_cache' from command line to 'False'
[0.394s] Level 5:colcon.colcon_core.verb:set package 'robot2_control' build argument 'cmake_clean_first' from command line to 'False'
[0.394s] Level 5:colcon.colcon_core.verb:set package 'robot2_control' build argument 'cmake_force_configure' from command line to 'False'
[0.394s] Level 5:colcon.colcon_core.verb:set package 'robot2_control' build argument 'ament_cmake_args' from command line to 'None'
[0.394s] Level 5:colcon.colcon_core.verb:set package 'robot2_control' build argument 'catkin_cmake_args' from command line to 'None'
[0.394s] Level 5:colcon.colcon_core.verb:set package 'robot2_control' build argument 'catkin_skip_building_tests' from command line to 'False'
[0.395s] DEBUG:colcon.colcon_core.verb:Building package 'robot2_control' with the following arguments: {'ament_cmake_args': None, 'build_base': '/home/robousr/Robotica-2026-1/Proyecto_Final_ws/build/robot2_control', 'catkin_cmake_args': None, 'catkin_skip_building_tests': False, 'cmake_args': None, 'cmake_clean_cache': False, 'cmake_clean_first': False, 'cmake_force_configure': False, 'cmake_target': None, 'cmake_target_skip_unavailable': False, 'install_base': '/home/robousr/Robotica-2026-1/Proyecto_Final_ws/install/robot2_control', 'merge_install': False, 'path': '/home/robousr/Robotica-2026-1/Proyecto_Final_ws/src/robot2_control', 'symlink_install': True, 'test_result_base': None}
[0.395s] Level 5:colcon.colcon_core.verb:set package 'robot2_description' build argument 'cmake_args' from command line to 'None'
[0.395s] Level 5:colcon.colcon_core.verb:set package 'robot2_description' build argument 'cmake_target' from command line to 'None'
[0.395s] Level 5:colcon.colcon_core.verb:set package 'robot2_description' build argument 'cmake_target_skip_unavailable' from command line to 'False'
[0.395s] Level 5:colcon.colcon_core.verb:set package 'robot2_description' build argument 'cmake_clean_cache' from command line to 'False'
[0.395s] Level 5:colcon.colcon_core.verb:set package 'robot2_description' build argument 'cmake_clean_first' from command line to 'False'
[0.395s] Level 5:colcon.colcon_core.verb:set package 'robot2_description' build argument 'cmake_force_configure' from command line to 'False'
[0.395s] Level 5:colcon.colcon_core.verb:set package 'robot2_description' build argument 'ament_cmake_args' from command line to 'None'
[0.395s] Level 5:colcon.colcon_core.verb:set package 'robot2_description' build argument 'catkin_cmake_args' from command line to 'None'
[0.395s] Level 5:colcon.colcon_core.verb:set package 'robot2_description' build argument 'catkin_skip_building_tests' from command line to 'False'
[0.395s] DEBUG:colcon.colcon_core.verb:Building package 'robot2_description' with the following arguments: {'ament_cmake_args': None, 'build_base': '/home/robousr/Robotica-2026-1/Proyecto_Final_ws/build/robot2_description', 'catkin_cmake_args': None, 'catkin_skip_building_tests': False, 'cmake_args': None, 'cmake_clean_cache': False, 'cmake_clean_first': False, 'cmake_force_configure': False, 'cmake_target': None, 'cmake_target_skip_unavailable': False, 'install_base': '/home/robousr/Robotica-2026-1/Proyecto_Final_ws/install/robot2_description', 'merge_install': False, 'path': '/home/robousr/Robotica-2026-1/Proyecto_Final_ws/src/robot2_description', 'symlink_install': True, 'test_result_base': None}
[0.395s] Level 5:colcon.colcon_core.verb:set package 'robot_bringup' build argument 'cmake_args' from command line to 'None'
[0.395s] Level 5:colcon.colcon_core.verb:set package 'robot_bringup' build argument 'cmake_target' from command line to 'None'
[0.395s] Level 5:colcon.colcon_core.verb:set package 'robot_bringup' build argument 'cmake_target_skip_unavailable' from command line to 'False'
[0.395s] Level 5:colcon.colcon_core.verb:set package 'robot_bringup' build argument 'cmake_clean_cache' from command line to 'False'
[0.395s] Level 5:colcon.colcon_core.verb:set package 'robot_bringup' build argument 'cmake_clean_first' from command line to 'False'
[0.395s] Level 5:colcon.colcon_core.verb:set package 'robot_bringup' build argument 'cmake_force_configure' from command line to 'False'
[0.395s] Level 5:colcon.colcon_core.verb:set package 'robot_bringup' build argument 'ament_cmake_args' from command line to 'None'
[0.395s] Level 5:colcon.colcon_core.verb:set package 'robot_bringup' build argument 'catkin_cmake_args' from command line to 'None'
[0.395s] Level 5:colcon.colcon_core.verb:set package 'robot_bringup' build argument 'catkin_skip_building_tests' from command line to 'False'
[0.396s] DEBUG:colcon.colcon_core.verb:Building package 'robot_bringup' with the following arguments: {'ament_cmake_args': None, 'build_base': '/home/robousr/Robotica-2026-1/Proyecto_Final_ws/build/robot_bringup', 'catkin_cmake_args': None, 'catkin_skip_building_tests': False, 'cmake_args': None, 'cmake_clean_cache': False, 'cmake_clean_first': False, 'cmake_force_configure': False, 'cmake_target': None, 'cmake_target_skip_unavailable': False, 'install_base': '/home/robousr/Robotica-2026-1/Proyecto_Final_ws/install/robot_bringup', 'merge_install': False, 'path': '/home/robousr/Robotica-2026-1/Proyecto_Final_ws/src/robot_bringup', 'symlink_install': True, 'test_result_base': None}
[0.396s] INFO:colcon.colcon_core.executor:Executing jobs using 'parallel' executor
[0.397s] DEBUG:colcon.colcon_parallel_executor.executor.parallel:run_until_complete
[0.397s] INFO:colcon.colcon_ros.task.ament_python.build:Building ROS package in '/home/robousr/Robotica-2026-1/Proyecto_Final_ws/src/robot1_control' with build type 'ament_python'
[0.397s] Level 1:colcon.colcon_core.shell:create_environment_hook('robot1_control', 'ament_prefix_path')
[0.400s] INFO:colcon.colcon_core.plugin_system:Skipping extension 'colcon_core.shell.bat': Not used on non-Windows systems
[0.400s] INFO:colcon.colcon_core.shell:Creating environment hook '/home/robousr/Robotica-2026-1/Proyecto_Final_ws/install/robot1_control/share/robot1_control/hook/ament_prefix_path.ps1'
[0.401s] INFO:colcon.colcon_core.shell:Creating environment descriptor '/home/robousr/Robotica-2026-1/Proyecto_Final_ws/install/robot1_control/share/robot1_control/hook/ament_prefix_path.dsv'
[0.402s] INFO:colcon.colcon_core.shell:Creating environment hook '/home/robousr/Robotica-2026-1/Proyecto_Final_ws/install/robot1_control/share/robot1_control/hook/ament_prefix_path.sh'
[0.402s] INFO:colcon.colcon_core.shell:Skip shell extension 'powershell' for command environment: Not usable outside of PowerShell
[0.403s] DEBUG:colcon.colcon_core.shell:Skip shell extension 'dsv' for command environment
[0.407s] INFO:colcon.colcon_ros.task.ament_python.build:Building ROS package in '/home/robousr/Robotica-2026-1/Proyecto_Final_ws/src/robot1_description' with build type 'ament_python'
[0.407s] Level 1:colcon.colcon_core.shell:create_environment_hook('robot1_description', 'ament_prefix_path')
[0.407s] INFO:colcon.colcon_core.shell:Creating environment hook '/home/robousr/Robotica-2026-1/Proyecto_Final_ws/install/robot1_description/share/robot1_description/hook/ament_prefix_path.ps1'
[0.408s] INFO:colcon.colcon_core.shell:Creating environment descriptor '/home/robousr/Robotica-2026-1/Proyecto_Final_ws/install/robot1_description/share/robot1_description/hook/ament_prefix_path.dsv'
[0.408s] INFO:colcon.colcon_core.shell:Creating environment hook '/home/robousr/Robotica-2026-1/Proyecto_Final_ws/install/robot1_description/share/robot1_description/hook/ament_prefix_path.sh'
[0.409s] INFO:colcon.colcon_core.shell:Skip shell extension 'powershell' for command environment: Not usable outside of PowerShell
[0.409s] DEBUG:colcon.colcon_core.shell:Skip shell extension 'dsv' for command environment
[0.413s] INFO:colcon.colcon_ros.task.ament_python.build:Building ROS package in '/home/robousr/Robotica-2026-1/Proyecto_Final_ws/src/robot2_control' with build type 'ament_python'
[0.413s] Level 1:colcon.colcon_core.shell:create_environment_hook('robot2_control', 'ament_prefix_path')
[0.414s] INFO:colcon.colcon_core.shell:Creating environment hook '/home/robousr/Robotica-2026-1/Proyecto_Final_ws/install/robot2_control/share/robot2_control/hook/ament_prefix_path.ps1'
[0.415s] INFO:colcon.colcon_core.shell:Creating environment descriptor '/home/robousr/Robotica-2026-1/Proyecto_Final_ws/install/robot2_control/share/robot2_control/hook/ament_prefix_path.dsv'
[0.416s] INFO:colcon.colcon_core.shell:Creating environment hook '/home/robousr/Robotica-2026-1/Proyecto_Final_ws/install/robot2_control/share/robot2_control/hook/ament_prefix_path.sh'
[0.416s] INFO:colcon.colcon_core.shell:Skip shell extension 'powershell' for command environment: Not usable outside of PowerShell
[0.416s] DEBUG:colcon.colcon_core.shell:Skip shell extension 'dsv' for command environment
[0.420s] INFO:colcon.colcon_ros.task.ament_python.build:Building ROS package in '/home/robousr/Robotica-2026-1/Proyecto_Final_ws/src/robot2_description' with build type 'ament_python'
[0.420s] Level 1:colcon.colcon_core.shell:create_environment_hook('robot2_description', 'ament_prefix_path')
[0.420s] INFO:colcon.colcon_core.shell:Creating environment hook '/home/robousr/Robotica-2026-1/Proyecto_Final_ws/install/robot2_description/share/robot2_description/hook/ament_prefix_path.ps1'
[0.421s] INFO:colcon.colcon_core.shell:Creating environment descriptor '/home/robousr/Robotica-2026-1/Proyecto_Final_ws/install/robot2_description/share/robot2_description/hook/ament_prefix_path.dsv'
[0.421s] INFO:colcon.colcon_core.shell:Creating environment hook '/home/robousr/Robotica-2026-1/Proyecto_Final_ws/install/robot2_description/share/robot2_description/hook/ament_prefix_path.sh'
[0.422s] INFO:colcon.colcon_core.shell:Skip shell extension 'powershell' for command environment: Not usable outside of PowerShell
[0.422s] DEBUG:colcon.colcon_core.shell:Skip shell extension 'dsv' for command environment
[0.699s] INFO:colcon.colcon_core.task.python.build:Building Python package in '/home/robousr/Robotica-2026-1/Proyecto_Final_ws/src/robot1_control'
[0.700s] INFO:colcon.colcon_core.shell:Skip shell extension 'powershell' for command environment: Not usable outside of PowerShell
[0.700s] DEBUG:colcon.colcon_core.shell:Skip shell extension 'dsv' for command environment
[0.999s] INFO:colcon.colcon_core.task.python.build:Building Python package in '/home/robousr/Robotica-2026-1/Proyecto_Final_ws/src/robot1_description'
[0.999s] INFO:colcon.colcon_core.shell:Skip shell extension 'powershell' for command environment: Not usable outside of PowerShell
[1.000s] DEBUG:colcon.colcon_core.shell:Skip shell extension 'dsv' for command environment
[1.279s] INFO:colcon.colcon_core.task.python.build:Building Python package in '/home/robousr/Robotica-2026-1/Proyecto_Final_ws/src/robot2_control'
[1.279s] INFO:colcon.colcon_core.shell:Skip shell extension 'powershell' for command environment: Not usable outside of PowerShell
[1.280s] DEBUG:colcon.colcon_core.shell:Skip shell extension 'dsv' for command environment
[1.555s] INFO:colcon.colcon_core.task.python.build:Building Python package in '/home/robousr/Robotica-2026-1/Proyecto_Final_ws/src/robot2_description'
[1.556s] INFO:colcon.colcon_core.shell:Skip shell extension 'powershell' for command environment: Not usable outside of PowerShell
[1.556s] DEBUG:colcon.colcon_core.shell:Skip shell extension 'dsv' for command environment
[2.005s] DEBUG:colcon.colcon_core.task.python.build:While undoing a previous installation files outside the Python library path are being ignored: /home/robousr/Robotica-2026-1/Proyecto_Final_ws/install/robot1_description/share/ament_index/resource_index/packages/robot1_description
[2.006s] DEBUG:colcon.colcon_core.task.python.build:While undoing a previous installation files outside the Python library path are being ignored: /home/robousr/Robotica-2026-1/Proyecto_Final_ws/install/robot1_description/share/robot1_description/package.xml
[2.006s] DEBUG:colcon.colcon_core.task.python.build:While undoing a previous installation files outside the Python library path are being ignored: /home/robousr/Robotica-2026-1/Proyecto_Final_ws/install/robot1_description/share/robot1_description/urdf/robot1.urdf
[2.006s] DEBUG:colcon.colcon_core.task.python.build:While undoing a previous installation files outside the Python library path are being ignored: /home/robousr/Robotica-2026-1/Proyecto_Final_ws/install/robot1_description/share/robot1_description/rviz/robot1_config.rviz
[2.010s] DEBUG:colcon.colcon_core.event_handler.log_command:Invoking command in '/home/robousr/Robotica-2026-1/Proyecto_Final_ws/build/robot1_description': PYTHONPATH=/home/robousr/Robotica-2026-1/Proyecto_Final_ws/build/robot1_description/prefix_override:/usr/lib/python3/dist-packages/colcon_core/task/python/colcon_distutils_commands:/home/robousr/Robotica-2026-1/Proyecto_Final_ws/install/robot1_description/lib/python3.10/site-packages:${PYTHONPATH} /usr/bin/python3 -W ignore:setup.py install is deprecated -W ignore:easy_install command is deprecated setup.py develop --editable --build-directory /home/robousr/Robotica-2026-1/Proyecto_Final_ws/build/robot1_description/build --no-deps symlink_data --force
[2.016s] DEBUG:colcon.colcon_core.task.python.build:While undoing a previous installation files outside the Python library path are being ignored: /home/robousr/Robotica-2026-1/Proyecto_Final_ws/install/robot2_control/share/ament_index/resource_index/packages/robot2_control
[2.016s] DEBUG:colcon.colcon_core.task.python.build:While undoing a previous installation files outside the Python library path are being ignored: /home/robousr/Robotica-2026-1/Proyecto_Final_ws/install/robot2_control/share/robot2_control/package.xml
[2.017s] DEBUG:colcon.colcon_core.task.python.build:While undoing a previous installation files outside the Python library path are being ignored: /home/robousr/Robotica-2026-1/Proyecto_Final_ws/install/robot2_control/lib/robot2_control/controller_manager
[2.017s] DEBUG:colcon.colcon_core.task.python.build:While undoing a previous installation files outside the Python library path are being ignored: /home/robousr/Robotica-2026-1/Proyecto_Final_ws/install/robot2_control/lib/robot2_control/hardware_interface
[2.017s] DEBUG:colcon.colcon_core.task.python.build:While undoing a previous installation files outside the Python library path are being ignored: /home/robousr/Robotica-2026-1/Proyecto_Final_ws/install/robot2_control/lib/robot2_control/manipulator_controller
[2.025s] DEBUG:colcon.colcon_core.task.python.build:While undoing a previous installation files outside the Python library path are being ignored: /home/robousr/Robotica-2026-1/Proyecto_Final_ws/install/robot2_description/share/ament_index/resource_index/packages/robot2_description
[2.025s] DEBUG:colcon.colcon_core.task.python.build:While undoing a previous installation files outside the Python library path are being ignored: /home/robousr/Robotica-2026-1/Proyecto_Final_ws/install/robot2_description/share/robot2_description/package.xml
[2.025s] DEBUG:colcon.colcon_core.task.python.build:While undoing a previous installation files outside the Python library path are being ignored: /home/robousr/Robotica-2026-1/Proyecto_Final_ws/install/robot2_description/share/robot2_description/urdf/robot2.urdf
[2.025s] DEBUG:colcon.colcon_core.task.python.build:While undoing a previous installation files outside the Python library path are being ignored: /home/robousr/Robotica-2026-1/Proyecto_Final_ws/install/robot2_description/share/robot2_description/rviz/robot2_config.rviz
[2.029s] DEBUG:colcon.colcon_core.event_handler.log_command:Invoking command in '/home/robousr/Robotica-2026-1/Proyecto_Final_ws/build/robot2_control': PYTHONPATH=/home/robousr/Robotica-2026-1/Proyecto_Final_ws/build/robot2_control/prefix_override:/usr/lib/python3/dist-packages/colcon_core/task/python/colcon_distutils_commands:/home/robousr/Robotica-2026-1/Proyecto_Final_ws/install/robot2_control/lib/python3.10/site-packages:${PYTHONPATH} /usr/bin/python3 -W ignore:setup.py install is deprecated -W ignore:easy_install command is deprecated setup.py develop --editable --build-directory /home/robousr/Robotica-2026-1/Proyecto_Final_ws/build/robot2_control/build --no-deps symlink_data --force
[2.030s] DEBUG:colcon.colcon_core.event_handler.log_command:Invoking command in '/home/robousr/Robotica-2026-1/Proyecto_Final_ws/build/robot2_description': PYTHONPATH=/home/robousr/Robotica-2026-1/Proyecto_Final_ws/build/robot2_description/prefix_override:/usr/lib/python3/dist-packages/colcon_core/task/python/colcon_distutils_commands:/home/robousr/Robotica-2026-1/Proyecto_Final_ws/install/robot2_description/lib/python3.10/site-packages:${PYTHONPATH} /usr/bin/python3 -W ignore:setup.py install is deprecated -W ignore:easy_install command is deprecated setup.py develop --editable --build-directory /home/robousr/Robotica-2026-1/Proyecto_Final_ws/build/robot2_description/build --no-deps symlink_data --force
[2.031s] DEBUG:colcon.colcon_core.task.python.build:While undoing a previous installation files outside the Python library path are being ignored: /home/robousr/Robotica-2026-1/Proyecto_Final_ws/install/robot1_control/share/ament_index/resource_index/packages/robot1_control
[2.031s] DEBUG:colcon.colcon_core.task.python.build:While undoing a previous installation files outside the Python library path are being ignored: /home/robousr/Robotica-2026-1/Proyecto_Final_ws/install/robot1_control/share/robot1_control/package.xml
[2.031s] DEBUG:colcon.colcon_core.task.python.build:While undoing a previous installation files outside the Python library path are being ignored: /home/robousr/Robotica-2026-1/Proyecto_Final_ws/install/robot1_control/lib/robot1_control/controller_manager
[2.031s] DEBUG:colcon.colcon_core.task.python.build:While undoing a previous installation files outside the Python library path are being ignored: /home/robousr/Robotica-2026-1/Proyecto_Final_ws/install/robot1_control/lib/robot1_control/hardware_interface
[2.031s] DEBUG:colcon.colcon_core.task.python.build:While undoing a previous installation files outside the Python library path are being ignored: /home/robousr/Robotica-2026-1/Proyecto_Final_ws/install/robot1_control/lib/robot1_control/manipulator_controller
[2.037s] DEBUG:colcon.colcon_core.event_handler.log_command:Invoking command in '/home/robousr/Robotica-2026-1/Proyecto_Final_ws/build/robot1_control': PYTHONPATH=/home/robousr/Robotica-2026-1/Proyecto_Final_ws/build/robot1_control/prefix_override:/usr/lib/python3/dist-packages/colcon_core/task/python/colcon_distutils_commands:/home/robousr/Robotica-2026-1/Proyecto_Final_ws/install/robot1_control/lib/python3.10/site-packages:${PYTHONPATH} /usr/bin/python3 -W ignore:setup.py install is deprecated -W ignore:easy_install command is deprecated setup.py develop --editable --build-directory /home/robousr/Robotica-2026-1/Proyecto_Final_ws/build/robot1_control/build --no-deps symlink_data --force
[2.649s] Level 1:colcon.colcon_core.shell:create_environment_hook('robot1_description', 'pythonpath_develop')
[2.650s] INFO:colcon.colcon_core.shell:Creating environment hook '/home/robousr/Robotica-2026-1/Proyecto_Final_ws/build/robot1_description/share/robot1_description/hook/pythonpath_develop.ps1'
[2.651s] DEBUG:colcon.colcon_core.event_handler.log_command:Invoked command in '/home/robousr/Robotica-2026-1/Proyecto_Final_ws/build/robot1_description' returned '0': PYTHONPATH=/home/robousr/Robotica-2026-1/Proyecto_Final_ws/build/robot1_description/prefix_override:/usr/lib/python3/dist-packages/colcon_core/task/python/colcon_distutils_commands:/home/robousr/Robotica-2026-1/Proyecto_Final_ws/install/robot1_description/lib/python3.10/site-packages:${PYTHONPATH} /usr/bin/python3 -W ignore:setup.py install is deprecated -W ignore:easy_install command is deprecated setup.py develop --editable --build-directory /home/robousr/Robotica-2026-1/Proyecto_Final_ws/build/robot1_description/build --no-deps symlink_data --force
[2.652s] INFO:colcon.colcon_core.shell:Creating environment descriptor '/home/robousr/Robotica-2026-1/Proyecto_Final_ws/build/robot1_description/share/robot1_description/hook/pythonpath_develop.dsv'
[2.652s] INFO:colcon.colcon_core.shell:Creating environment hook '/home/robousr/Robotica-2026-1/Proyecto_Final_ws/build/robot1_description/share/robot1_description/hook/pythonpath_develop.sh'
[2.655s] Level 1:colcon.colcon_core.environment:checking '/home/robousr/Robotica-2026-1/Proyecto_Final_ws/install/robot1_description' for CMake module files
[2.656s] Level 1:colcon.colcon_core.environment:checking '/home/robousr/Robotica-2026-1/Proyecto_Final_ws/install/robot1_description' for CMake config files
[2.657s] Level 1:colcon.colcon_core.environment:checking '/home/robousr/Robotica-2026-1/Proyecto_Final_ws/install/robot1_description/lib'
[2.657s] Level 1:colcon.colcon_core.environment:checking '/home/robousr/Robotica-2026-1/Proyecto_Final_ws/install/robot1_description/bin'
[2.657s] Level 1:colcon.colcon_core.environment:checking '/home/robousr/Robotica-2026-1/Proyecto_Final_ws/install/robot1_description/lib/pkgconfig/robot1_description.pc'
[2.657s] Level 1:colcon.colcon_core.environment:checking '/home/robousr/Robotica-2026-1/Proyecto_Final_ws/install/robot1_description/lib/python3.10/site-packages'
[2.657s] Level 1:colcon.colcon_core.shell:create_environment_hook('robot1_description', 'pythonpath')
[2.657s] INFO:colcon.colcon_core.shell:Creating environment hook '/home/robousr/Robotica-2026-1/Proyecto_Final_ws/install/robot1_description/share/robot1_description/hook/pythonpath.ps1'
[2.658s] INFO:colcon.colcon_core.shell:Creating environment descriptor '/home/robousr/Robotica-2026-1/Proyecto_Final_ws/install/robot1_description/share/robot1_description/hook/pythonpath.dsv'
[2.659s] INFO:colcon.colcon_core.shell:Creating environment hook '/home/robousr/Robotica-2026-1/Proyecto_Final_ws/install/robot1_description/share/robot1_description/hook/pythonpath.sh'
[2.660s] Level 1:colcon.colcon_core.environment:checking '/home/robousr/Robotica-2026-1/Proyecto_Final_ws/install/robot1_description/bin'
[2.660s] Level 1:colcon.colcon_core.environment:create_environment_scripts_only(robot1_description)
[2.660s] INFO:colcon.colcon_core.shell:Creating package script '/home/robousr/Robotica-2026-1/Proyecto_Final_ws/install/robot1_description/share/robot1_description/package.ps1'
[2.661s] INFO:colcon.colcon_core.shell:Creating package descriptor '/home/robousr/Robotica-2026-1/Proyecto_Final_ws/install/robot1_description/share/robot1_description/package.dsv'
[2.662s] INFO:colcon.colcon_core.shell:Creating package script '/home/robousr/Robotica-2026-1/Proyecto_Final_ws/install/robot1_description/share/robot1_description/package.sh'
[2.663s] INFO:colcon.colcon_core.shell:Creating package script '/home/robousr/Robotica-2026-1/Proyecto_Final_ws/install/robot1_description/share/robot1_description/package.bash'
[2.664s] INFO:colcon.colcon_core.shell:Creating package script '/home/robousr/Robotica-2026-1/Proyecto_Final_ws/install/robot1_description/share/robot1_description/package.zsh'
[2.664s] Level 1:colcon.colcon_core.environment:create_file_with_runtime_dependencies(/home/robousr/Robotica-2026-1/Proyecto_Final_ws/install/robot1_description/share/colcon-core/packages/robot1_description)
[2.665s] INFO:colcon.colcon_ros.task.ament_python.build:Building ROS package in '/home/robousr/Robotica-2026-1/Proyecto_Final_ws/src/robot_bringup' with build type 'ament_python'
[2.665s] Level 1:colcon.colcon_core.shell:create_environment_hook('robot_bringup', 'ament_prefix_path')
[2.665s] INFO:colcon.colcon_core.shell:Creating environment hook '/home/robousr/Robotica-2026-1/Proyecto_Final_ws/install/robot_bringup/share/robot_bringup/hook/ament_prefix_path.ps1'
[2.667s] INFO:colcon.colcon_core.shell:Creating environment descriptor '/home/robousr/Robotica-2026-1/Proyecto_Final_ws/install/robot_bringup/share/robot_bringup/hook/ament_prefix_path.dsv'
[2.667s] INFO:colcon.colcon_core.shell:Creating environment hook '/home/robousr/Robotica-2026-1/Proyecto_Final_ws/install/robot_bringup/share/robot_bringup/hook/ament_prefix_path.sh'
[2.668s] INFO:colcon.colcon_core.shell:Skip shell extension 'powershell' for command environment: Not usable outside of PowerShell
[2.669s] DEBUG:colcon.colcon_core.shell:Skip shell extension 'dsv' for command environment
[2.675s] Level 1:colcon.colcon_core.shell:create_environment_hook('robot2_control', 'pythonpath_develop')
[2.675s] INFO:colcon.colcon_core.shell:Creating environment hook '/home/robousr/Robotica-2026-1/Proyecto_Final_ws/build/robot2_control/share/robot2_control/hook/pythonpath_develop.ps1'
[2.676s] DEBUG:colcon.colcon_core.event_handler.log_command:Invoked command in '/home/robousr/Robotica-2026-1/Proyecto_Final_ws/build/robot2_control' returned '0': PYTHONPATH=/home/robousr/Robotica-2026-1/Proyecto_Final_ws/build/robot2_control/prefix_override:/usr/lib/python3/dist-packages/colcon_core/task/python/colcon_distutils_commands:/home/robousr/Robotica-2026-1/Proyecto_Final_ws/install/robot2_control/lib/python3.10/site-packages:${PYTHONPATH} /usr/bin/python3 -W ignore:setup.py install is deprecated -W ignore:easy_install command is deprecated setup.py develop --editable --build-directory /home/robousr/Robotica-2026-1/Proyecto_Final_ws/build/robot2_control/build --no-deps symlink_data --force
[2.676s] INFO:colcon.colcon_core.shell:Creating environment descriptor '/home/robousr/Robotica-2026-1/Proyecto_Final_ws/build/robot2_control/share/robot2_control/hook/pythonpath_develop.dsv'
[2.677s] INFO:colcon.colcon_core.shell:Creating environment hook '/home/robousr/Robotica-2026-1/Proyecto_Final_ws/build/robot2_control/share/robot2_control/hook/pythonpath_develop.sh'
[2.677s] Level 1:colcon.colcon_core.environment:checking '/home/robousr/Robotica-2026-1/Proyecto_Final_ws/install/robot2_control' for CMake module files
[2.678s] Level 1:colcon.colcon_core.environment:checking '/home/robousr/Robotica-2026-1/Proyecto_Final_ws/install/robot2_control' for CMake config files
[2.678s] Level 1:colcon.colcon_core.environment:checking '/home/robousr/Robotica-2026-1/Proyecto_Final_ws/install/robot2_control/lib'
[2.678s] Level 1:colcon.colcon_core.environment:checking '/home/robousr/Robotica-2026-1/Proyecto_Final_ws/install/robot2_control/bin'
[2.678s] Level 1:colcon.colcon_core.environment:checking '/home/robousr/Robotica-2026-1/Proyecto_Final_ws/install/robot2_control/lib/pkgconfig/robot2_control.pc'
[2.679s] Level 1:colcon.colcon_core.environment:checking '/home/robousr/Robotica-2026-1/Proyecto_Final_ws/install/robot2_control/lib/python3.10/site-packages'
[2.679s] Level 1:colcon.colcon_core.shell:create_environment_hook('robot2_control', 'pythonpath')
[2.679s] INFO:colcon.colcon_core.shell:Creating environment hook '/home/robousr/Robotica-2026-1/Proyecto_Final_ws/install/robot2_control/share/robot2_control/hook/pythonpath.ps1'
[2.680s] INFO:colcon.colcon_core.shell:Creating environment descriptor '/home/robousr/Robotica-2026-1/Proyecto_Final_ws/install/robot2_control/share/robot2_control/hook/pythonpath.dsv'
[2.680s] INFO:colcon.colcon_core.shell:Creating environment hook '/home/robousr/Robotica-2026-1/Proyecto_Final_ws/install/robot2_control/share/robot2_control/hook/pythonpath.sh'
[2.681s] Level 1:colcon.colcon_core.environment:checking '/home/robousr/Robotica-2026-1/Proyecto_Final_ws/install/robot2_control/bin'
[2.682s] Level 1:colcon.colcon_core.environment:create_environment_scripts_only(robot2_control)
[2.682s] INFO:colcon.colcon_core.shell:Creating package script '/home/robousr/Robotica-2026-1/Proyecto_Final_ws/install/robot2_control/share/robot2_control/package.ps1'
[2.683s] INFO:colcon.colcon_core.shell:Creating package descriptor '/home/robousr/Robotica-2026-1/Proyecto_Final_ws/install/robot2_control/share/robot2_control/package.dsv'
[2.684s] INFO:colcon.colcon_core.shell:Creating package script '/home/robousr/Robotica-2026-1/Proyecto_Final_ws/install/robot2_control/share/robot2_control/package.sh'
[2.684s] INFO:colcon.colcon_core.shell:Creating package script '/home/robousr/Robotica-2026-1/Proyecto_Final_ws/install/robot2_control/share/robot2_control/package.bash'
[2.685s] INFO:colcon.colcon_core.shell:Creating package script '/home/robousr/Robotica-2026-1/Proyecto_Final_ws/install/robot2_control/share/robot2_control/package.zsh'
[2.685s] Level 1:colcon.colcon_core.environment:create_file_with_runtime_dependencies(/home/robousr/Robotica-2026-1/Proyecto_Final_ws/install/robot2_control/share/colcon-core/packages/robot2_control)
[2.686s] Level 1:colcon.colcon_core.shell:create_environment_hook('robot2_description', 'pythonpath_develop')
[2.686s] INFO:colcon.colcon_core.shell:Creating environment hook '/home/robousr/Robotica-2026-1/Proyecto_Final_ws/build/robot2_description/share/robot2_description/hook/pythonpath_develop.ps1'
[2.687s] INFO:colcon.colcon_core.shell:Creating environment descriptor '/home/robousr/Robotica-2026-1/Proyecto_Final_ws/build/robot2_description/share/robot2_description/hook/pythonpath_develop.dsv'
[2.688s] INFO:colcon.colcon_core.shell:Creating environment hook '/home/robousr/Robotica-2026-1/Proyecto_Final_ws/build/robot2_description/share/robot2_description/hook/pythonpath_develop.sh'
[2.689s] DEBUG:colcon.colcon_core.event_handler.log_command:Invoked command in '/home/robousr/Robotica-2026-1/Proyecto_Final_ws/build/robot2_description' returned '0': PYTHONPATH=/home/robousr/Robotica-2026-1/Proyecto_Final_ws/build/robot2_description/prefix_override:/usr/lib/python3/dist-packages/colcon_core/task/python/colcon_distutils_commands:/home/robousr/Robotica-2026-1/Proyecto_Final_ws/install/robot2_description/lib/python3.10/site-packages:${PYTHONPATH} /usr/bin/python3 -W ignore:setup.py install is deprecated -W ignore:easy_install command is deprecated setup.py develop --editable --build-directory /home/robousr/Robotica-2026-1/Proyecto_Final_ws/build/robot2_description/build --no-deps symlink_data --force
[2.690s] Level 1:colcon.colcon_core.environment:checking '/home/robousr/Robotica-2026-1/Proyecto_Final_ws/install/robot2_description' for CMake module files
[2.690s] Level 1:colcon.colcon_core.environment:checking '/home/robousr/Robotica-2026-1/Proyecto_Final_ws/install/robot2_description' for CMake config files
[2.691s] Level 1:colcon.colcon_core.environment:checking '/home/robousr/Robotica-2026-1/Proyecto_Final_ws/install/robot2_description/lib'
[2.691s] Level 1:colcon.colcon_core.environment:checking '/home/robousr/Robotica-2026-1/Proyecto_Final_ws/install/robot2_description/bin'
[2.691s] Level 1:colcon.colcon_core.environment:checking '/home/robousr/Robotica-2026-1/Proyecto_Final_ws/install/robot2_description/lib/pkgconfig/robot2_description.pc'
[2.691s] Level 1:colcon.colcon_core.environment:checking '/home/robousr/Robotica-2026-1/Proyecto_Final_ws/install/robot2_description/lib/python3.10/site-packages'
[2.691s] Level 1:colcon.colcon_core.shell:create_environment_hook('robot2_description', 'pythonpath')
[2.691s] INFO:colcon.colcon_core.shell:Creating environment hook '/home/robousr/Robotica-2026-1/Proyecto_Final_ws/install/robot2_description/share/robot2_description/hook/pythonpath.ps1'
[2.692s] INFO:colcon.colcon_core.shell:Creating environment descriptor '/home/robousr/Robotica-2026-1/Proyecto_Final_ws/install/robot2_description/share/robot2_description/hook/pythonpath.dsv'
[2.692s] INFO:colcon.colcon_core.shell:Creating environment hook '/home/robousr/Robotica-2026-1/Proyecto_Final_ws/install/robot2_description/share/robot2_description/hook/pythonpath.sh'
[2.693s] Level 1:colcon.colcon_core.environment:checking '/home/robousr/Robotica-2026-1/Proyecto_Final_ws/install/robot2_description/bin'
[2.693s] Level 1:colcon.colcon_core.environment:create_environment_scripts_only(robot2_description)
[2.693s] INFO:colcon.colcon_core.shell:Creating package script '/home/robousr/Robotica-2026-1/Proyecto_Final_ws/install/robot2_description/share/robot2_description/package.ps1'
[2.694s] INFO:colcon.colcon_core.shell:Creating package descriptor '/home/robousr/Robotica-2026-1/Proyecto_Final_ws/install/robot2_description/share/robot2_description/package.dsv'
[2.695s] INFO:colcon.colcon_core.shell:Creating package script '/home/robousr/Robotica-2026-1/Proyecto_Final_ws/install/robot2_description/share/robot2_description/package.sh'
[2.695s] INFO:colcon.colcon_core.shell:Creating package script '/home/robousr/Robotica-2026-1/Proyecto_Final_ws/install/robot2_description/share/robot2_description/package.bash'
[2.696s] INFO:colcon.colcon_core.shell:Creating package script '/home/robousr/Robotica-2026-1/Proyecto_Final_ws/install/robot2_description/share/robot2_description/package.zsh'
[2.696s] Level 1:colcon.colcon_core.environment:create_file_with_runtime_dependencies(/home/robousr/Robotica-2026-1/Proyecto_Final_ws/install/robot2_description/share/colcon-core/packages/robot2_description)
[2.978s] INFO:colcon.colcon_core.task.python.build:Building Python package in '/home/robousr/Robotica-2026-1/Proyecto_Final_ws/src/robot_bringup'
[2.978s] INFO:colcon.colcon_core.shell:Skip shell extension 'powershell' for command environment: Not usable outside of PowerShell
[2.978s] DEBUG:colcon.colcon_core.shell:Skip shell extension 'dsv' for command environment
[2.983s] Level 1:colcon.colcon_core.shell:create_environment_hook('robot1_control', 'pythonpath_develop')
[2.983s] INFO:colcon.colcon_core.shell:Creating environment hook '/home/robousr/Robotica-2026-1/Proyecto_Final_ws/build/robot1_control/share/robot1_control/hook/pythonpath_develop.ps1'
[2.984s] DEBUG:colcon.colcon_core.event_handler.log_command:Invoked command in '/home/robousr/Robotica-2026-1/Proyecto_Final_ws/build/robot1_control' returned '0': PYTHONPATH=/home/robousr/Robotica-2026-1/Proyecto_Final_ws/build/robot1_control/prefix_override:/usr/lib/python3/dist-packages/colcon_core/task/python/colcon_distutils_commands:/home/robousr/Robotica-2026-1/Proyecto_Final_ws/install/robot1_control/lib/python3.10/site-packages:${PYTHONPATH} /usr/bin/python3 -W ignore:setup.py install is deprecated -W ignore:easy_install command is deprecated setup.py develop --editable --build-directory /home/robousr/Robotica-2026-1/Proyecto_Final_ws/build/robot1_control/build --no-deps symlink_data --force
[2.986s] INFO:colcon.colcon_core.shell:Creating environment descriptor '/home/robousr/Robotica-2026-1/Proyecto_Final_ws/build/robot1_control/share/robot1_control/hook/pythonpath_develop.dsv'
[2.989s] INFO:colcon.colcon_core.shell:Creating environment hook '/home/robousr/Robotica-2026-1/Proyecto_Final_ws/build/robot1_control/share/robot1_control/hook/pythonpath_develop.sh'
[2.991s] Level 1:colcon.colcon_core.environment:checking '/home/robousr/Robotica-2026-1/Proyecto_Final_ws/install/robot1_control' for CMake module files
[2.992s] Level 1:colcon.colcon_core.environment:checking '/home/robousr/Robotica-2026-1/Proyecto_Final_ws/install/robot1_control' for CMake config files
[2.992s] Level 1:colcon.colcon_core.environment:checking '/home/robousr/Robotica-2026-1/Proyecto_Final_ws/install/robot1_control/lib'
[2.992s] Level 1:colcon.colcon_core.environment:checking '/home/robousr/Robotica-2026-1/Proyecto_Final_ws/install/robot1_control/bin'
[2.992s] Level 1:colcon.colcon_core.environment:checking '/home/robousr/Robotica-2026-1/Proyecto_Final_ws/install/robot1_control/lib/pkgconfig/robot1_control.pc'
[2.992s] Level 1:colcon.colcon_core.environment:checking '/home/robousr/Robotica-2026-1/Proyecto_Final_ws/install/robot1_control/lib/python3.10/site-packages'
[2.993s] Level 1:colcon.colcon_core.shell:create_environment_hook('robot1_control', 'pythonpath')
[2.993s] INFO:colcon.colcon_core.shell:Creating environment hook '/home/robousr/Robotica-2026-1/Proyecto_Final_ws/install/robot1_control/share/robot1_control/hook/pythonpath.ps1'
[2.994s] INFO:colcon.colcon_core.shell:Creating environment descriptor '/home/robousr/Robotica-2026-1/Proyecto_Final_ws/install/robot1_control/share/robot1_control/hook/pythonpath.dsv'
[2.994s] INFO:colcon.colcon_core.shell:Creating environment hook '/home/robousr/Robotica-2026-1/Proyecto_Final_ws/install/robot1_control/share/robot1_control/hook/pythonpath.sh'
[2.995s] Level 1:colcon.colcon_core.environment:checking '/home/robousr/Robotica-2026-1/Proyecto_Final_ws/install/robot1_control/bin'
[2.995s] Level 1:colcon.colcon_core.environment:create_environment_scripts_only(robot1_control)
[2.996s] INFO:colcon.colcon_core.shell:Creating package script '/home/robousr/Robotica-2026-1/Proyecto_Final_ws/install/robot1_control/share/robot1_control/package.ps1'
[2.996s] INFO:colcon.colcon_core.shell:Creating package descriptor '/home/robousr/Robotica-2026-1/Proyecto_Final_ws/install/robot1_control/share/robot1_control/package.dsv'
[2.997s] INFO:colcon.colcon_core.shell:Creating package script '/home/robousr/Robotica-2026-1/Proyecto_Final_ws/install/robot1_control/share/robot1_control/package.sh'
[2.997s] INFO:colcon.colcon_core.shell:Creating package script '/home/robousr/Robotica-2026-1/Proyecto_Final_ws/install/robot1_control/share/robot1_control/package.bash'
[2.998s] INFO:colcon.colcon_core.shell:Creating package script '/home/robousr/Robotica-2026-1/Proyecto_Final_ws/install/robot1_control/share/robot1_control/package.zsh'
[2.998s] Level 1:colcon.colcon_core.environment:create_file_with_runtime_dependencies(/home/robousr/Robotica-2026-1/Proyecto_Final_ws/install/robot1_control/share/colcon-core/packages/robot1_control)
[3.391s] DEBUG:colcon.colcon_core.task.python.build:While undoing a previous installation files outside the Python library path are being ignored: /home/robousr/Robotica-2026-1/Proyecto_Final_ws/install/robot_bringup/share/ament_index/resource_index/packages/robot_bringup
[3.391s] DEBUG:colcon.colcon_core.task.python.build:While undoing a previous installation files outside the Python library path are being ignored: /home/robousr/Robotica-2026-1/Proyecto_Final_ws/install/robot_bringup/share/robot_bringup/package.xml
[3.391s] DEBUG:colcon.colcon_core.task.python.build:While undoing a previous installation files outside the Python library path are being ignored: /home/robousr/Robotica-2026-1/Proyecto_Final_ws/install/robot_bringup/share/robot_bringup/launch/robot2.launch.py
[3.391s] DEBUG:colcon.colcon_core.task.python.build:While undoing a previous installation files outside the Python library path are being ignored: /home/robousr/Robotica-2026-1/Proyecto_Final_ws/install/robot_bringup/share/robot_bringup/launch/robot1.launch.py
[3.394s] DEBUG:colcon.colcon_core.event_handler.log_command:Invoking command in '/home/robousr/Robotica-2026-1/Proyecto_Final_ws/build/robot_bringup': PYTHONPATH=/home/robousr/Robotica-2026-1/Proyecto_Final_ws/build/robot_bringup/prefix_override:/usr/lib/python3/dist-packages/colcon_core/task/python/colcon_distutils_commands:/home/robousr/Robotica-2026-1/Proyecto_Final_ws/install/robot_bringup/lib/python3.10/site-packages:${PYTHONPATH} /usr/bin/python3 -W ignore:setup.py install is deprecated -W ignore:easy_install command is deprecated setup.py develop --editable --build-directory /home/robousr/Robotica-2026-1/Proyecto_Final_ws/build/robot_bringup/build --no-deps symlink_data --force
[3.899s] Level 1:colcon.colcon_core.shell:create_environment_hook('robot_bringup', 'pythonpath_develop')
[3.900s] INFO:colcon.colcon_core.shell:Creating environment hook '/home/robousr/Robotica-2026-1/Proyecto_Final_ws/build/robot_bringup/share/robot_bringup/hook/pythonpath_develop.ps1'
[3.900s] DEBUG:colcon.colcon_core.event_handler.log_command:Invoked command in '/home/robousr/Robotica-2026-1/Proyecto_Final_ws/build/robot_bringup' returned '0': PYTHONPATH=/home/robousr/Robotica-2026-1/Proyecto_Final_ws/build/robot_bringup/prefix_override:/usr/lib/python3/dist-packages/colcon_core/task/python/colcon_distutils_commands:/home/robousr/Robotica-2026-1/Proyecto_Final_ws/install/robot_bringup/lib/python3.10/site-packages:${PYTHONPATH} /usr/bin/python3 -W ignore:setup.py install is deprecated -W ignore:easy_install command is deprecated setup.py develop --editable --build-directory /home/robousr/Robotica-2026-1/Proyecto_Final_ws/build/robot_bringup/build --no-deps symlink_data --force
[3.901s] INFO:colcon.colcon_core.shell:Creating environment descriptor '/home/robousr/Robotica-2026-1/Proyecto_Final_ws/build/robot_bringup/share/robot_bringup/hook/pythonpath_develop.dsv'
[3.901s] INFO:colcon.colcon_core.shell:Creating environment hook '/home/robousr/Robotica-2026-1/Proyecto_Final_ws/build/robot_bringup/share/robot_bringup/hook/pythonpath_develop.sh'
[3.902s] Level 1:colcon.colcon_core.environment:checking '/home/robousr/Robotica-2026-1/Proyecto_Final_ws/install/robot_bringup' for CMake module files
[3.902s] Level 1:colcon.colcon_core.environment:checking '/home/robousr/Robotica-2026-1/Proyecto_Final_ws/install/robot_bringup' for CMake config files
[3.903s] Level 1:colcon.colcon_core.environment:checking '/home/robousr/Robotica-2026-1/Proyecto_Final_ws/install/robot_bringup/lib'
[3.903s] Level 1:colcon.colcon_core.environment:checking '/home/robousr/Robotica-2026-1/Proyecto_Final_ws/install/robot_bringup/bin'
[3.903s] Level 1:colcon.colcon_core.environment:checking '/home/robousr/Robotica-2026-1/Proyecto_Final_ws/install/robot_bringup/lib/pkgconfig/robot_bringup.pc'
[3.903s] Level 1:colcon.colcon_core.environment:checking '/home/robousr/Robotica-2026-1/Proyecto_Final_ws/install/robot_bringup/lib/python3.10/site-packages'
[3.903s] Level 1:colcon.colcon_core.shell:create_environment_hook('robot_bringup', 'pythonpath')
[3.903s] INFO:colcon.colcon_core.shell:Creating environment hook '/home/robousr/Robotica-2026-1/Proyecto_Final_ws/install/robot_bringup/share/robot_bringup/hook/pythonpath.ps1'
[3.904s] INFO:colcon.colcon_core.shell:Creating environment descriptor '/home/robousr/Robotica-2026-1/Proyecto_Final_ws/install/robot_bringup/share/robot_bringup/hook/pythonpath.dsv'
[3.904s] INFO:colcon.colcon_core.shell:Creating environment hook '/home/robousr/Robotica-2026-1/Proyecto_Final_ws/install/robot_bringup/share/robot_bringup/hook/pythonpath.sh'
[3.905s] Level 1:colcon.colcon_core.environment:checking '/home/robousr/Robotica-2026-1/Proyecto_Final_ws/install/robot_bringup/bin'
[3.905s] Level 1:colcon.colcon_core.environment:create_environment_scripts_only(robot_bringup)
[3.905s] INFO:colcon.colcon_core.shell:Creating package script '/home/robousr/Robotica-2026-1/Proyecto_Final_ws/install/robot_bringup/share/robot_bringup/package.ps1'
[3.906s] INFO:colcon.colcon_core.shell:Creating package descriptor '/home/robousr/Robotica-2026-1/Proyecto_Final_ws/install/robot_bringup/share/robot_bringup/package.dsv'
[3.907s] INFO:colcon.colcon_core.shell:Creating package script '/home/robousr/Robotica-2026-1/Proyecto_Final_ws/install/robot_bringup/share/robot_bringup/package.sh'
[3.907s] INFO:colcon.colcon_core.shell:Creating package script '/home/robousr/Robotica-2026-1/Proyecto_Final_ws/install/robot_bringup/share/robot_bringup/package.bash'
[3.907s] INFO:colcon.colcon_core.shell:Creating package script '/home/robousr/Robotica-2026-1/Proyecto_Final_ws/install/robot_bringup/share/robot_bringup/package.zsh'
[3.908s] Level 1:colcon.colcon_core.environment:create_file_with_runtime_dependencies(/home/robousr/Robotica-2026-1/Proyecto_Final_ws/install/robot_bringup/share/colcon-core/packages/robot_bringup)
[3.908s] DEBUG:colcon.colcon_parallel_executor.executor.parallel:closing loop
[3.909s] DEBUG:colcon.colcon_parallel_executor.executor.parallel:loop closed
[3.909s] DEBUG:colcon.colcon_parallel_executor.executor.parallel:run_until_complete finished with '0'
[3.909s] DEBUG:colcon.colcon_core.event_reactor:joining thread
[3.916s] INFO:colcon.colcon_core.plugin_system:Skipping extension 'colcon_notification.desktop_notification.terminal_notifier': Not used on non-Darwin systems
[3.916s] INFO:colcon.colcon_core.plugin_system:Skipping extension 'colcon_notification.desktop_notification.win32': Not used on non-Windows systems
[3.916s] INFO:colcon.colcon_notification.desktop_notification:Sending desktop notification using 'notify2'
[3.931s] DEBUG:colcon.colcon_core.event_reactor:joined thread
[3.931s] INFO:colcon.colcon_core.shell:Creating prefix script '/home/robousr/Robotica-2026-1/Proyecto_Final_ws/install/local_setup.ps1'
[3.932s] INFO:colcon.colcon_core.shell:Creating prefix util module '/home/robousr/Robotica-2026-1/Proyecto_Final_ws/install/_local_setup_util_ps1.py'
[3.935s] INFO:colcon.colcon_core.shell:Creating prefix chain script '/home/robousr/Robotica-2026-1/Proyecto_Final_ws/install/setup.ps1'
[3.937s] INFO:colcon.colcon_core.shell:Creating prefix script '/home/robousr/Robotica-2026-1/Proyecto_Final_ws/install/local_setup.sh'
[3.938s] INFO:colcon.colcon_core.shell:Creating prefix util module '/home/robousr/Robotica-2026-1/Proyecto_Final_ws/install/_local_setup_util_sh.py'
[3.939s] INFO:colcon.colcon_core.shell:Creating prefix chain script '/home/robousr/Robotica-2026-1/Proyecto_Final_ws/install/setup.sh'
[3.940s] INFO:colcon.colcon_core.shell:Creating prefix script '/home/robousr/Robotica-2026-1/Proyecto_Final_ws/install/local_setup.bash'
[3.941s] INFO:colcon.colcon_core.shell:Creating prefix chain script '/home/robousr/Robotica-2026-1/Proyecto_Final_ws/install/setup.bash'
[3.942s] INFO:colcon.colcon_core.shell:Creating prefix script '/home/robousr/Robotica-2026-1/Proyecto_Final_ws/install/local_setup.zsh'
[3.942s] INFO:colcon.colcon_core.shell:Creating prefix chain script '/home/robousr/Robotica-2026-1/Proyecto_Final_ws/install/setup.zsh'
