[1.620s] Invoking command in '/home/robousr/Robotica-2026-1/Proyecto_Final_ws/src/robot2_control': PYTHONPATH=/home/robousr/Robotica-2026-1/Proyecto_Final_ws/build/robot2_control/prefix_override:/usr/lib/python3/dist-packages/colcon_core/task/python/colcon_distutils_commands:/home/robousr/Robotica-2026-1/Proyecto_Final_ws/install/robot2_control/lib/python3.10/site-packages:${PYTHONPATH} /usr/bin/python3 -W ignore:setup.py install is deprecated -W ignore:easy_install command is deprecated setup.py egg_info --egg-base ../../build/robot2_control build --build-base /home/robousr/Robotica-2026-1/Proyecto_Final_ws/build/robot2_control/build install --record /home/robousr/Robotica-2026-1/Proyecto_Final_ws/build/robot2_control/install.log --single-version-externally-managed install_data
[1.912s] running egg_info
[1.919s] creating ../../build/robot2_control/robot2_control.egg-info
[1.919s] writing ../../build/robot2_control/robot2_control.egg-info/PKG-INFO
[1.919s] writing dependency_links to ../../build/robot2_control/robot2_control.egg-info/dependency_links.txt
[1.920s] writing entry points to ../../build/robot2_control/robot2_control.egg-info/entry_points.txt
[1.920s] writing requirements to ../../build/robot2_control/robot2_control.egg-info/requires.txt
[1.920s] writing top-level names to ../../build/robot2_control/robot2_control.egg-info/top_level.txt
[1.920s] writing manifest file '../../build/robot2_control/robot2_control.egg-info/SOURCES.txt'
[1.929s] reading manifest file '../../build/robot2_control/robot2_control.egg-info/SOURCES.txt'
[1.934s] writing manifest file '../../build/robot2_control/robot2_control.egg-info/SOURCES.txt'
[1.934s] running build
[1.934s] running build_py
[1.935s] creating /home/robousr/Robotica-2026-1/Proyecto_Final_ws/build/robot2_control/build
[1.935s] creating /home/robousr/Robotica-2026-1/Proyecto_Final_ws/build/robot2_control/build/lib
[1.935s] creating /home/robousr/Robotica-2026-1/Proyecto_Final_ws/build/robot2_control/build/lib/robot2_control
[1.935s] copying robot2_control/controller_manager.py -> /home/robousr/Robotica-2026-1/Proyecto_Final_ws/build/robot2_control/build/lib/robot2_control
[1.935s] copying robot2_control/dynamics.py -> /home/robousr/Robotica-2026-1/Proyecto_Final_ws/build/robot2_control/build/lib/robot2_control
[1.935s] copying robot2_control/__init__.py -> /home/robousr/Robotica-2026-1/Proyecto_Final_ws/build/robot2_control/build/lib/robot2_control
[1.936s] copying robot2_control/manipulator_controller.py -> /home/robousr/Robotica-2026-1/Proyecto_Final_ws/build/robot2_control/build/lib/robot2_control
[1.936s] copying robot2_control/test_robot2_kinematics.py -> /home/robousr/Robotica-2026-1/Proyecto_Final_ws/build/robot2_control/build/lib/robot2_control
[1.936s] copying robot2_control/hardware_interface.py -> /home/robousr/Robotica-2026-1/Proyecto_Final_ws/build/robot2_control/build/lib/robot2_control
[1.936s] copying robot2_control/kinematics.py -> /home/robousr/Robotica-2026-1/Proyecto_Final_ws/build/robot2_control/build/lib/robot2_control
[1.936s] running install
[1.936s] running install_lib
[1.936s] creating /home/robousr/Robotica-2026-1/Proyecto_Final_ws/install/robot2_control/lib/python3.10/site-packages/robot2_control
[1.936s] copying /home/robousr/Robotica-2026-1/Proyecto_Final_ws/build/robot2_control/build/lib/robot2_control/controller_manager.py -> /home/robousr/Robotica-2026-1/Proyecto_Final_ws/install/robot2_control/lib/python3.10/site-packages/robot2_control
[1.936s] copying /home/robousr/Robotica-2026-1/Proyecto_Final_ws/build/robot2_control/build/lib/robot2_control/dynamics.py -> /home/robousr/Robotica-2026-1/Proyecto_Final_ws/install/robot2_control/lib/python3.10/site-packages/robot2_control
[1.936s] copying /home/robousr/Robotica-2026-1/Proyecto_Final_ws/build/robot2_control/build/lib/robot2_control/__init__.py -> /home/robousr/Robotica-2026-1/Proyecto_Final_ws/install/robot2_control/lib/python3.10/site-packages/robot2_control
[1.936s] copying /home/robousr/Robotica-2026-1/Proyecto_Final_ws/build/robot2_control/build/lib/robot2_control/manipulator_controller.py -> /home/robousr/Robotica-2026-1/Proyecto_Final_ws/install/robot2_control/lib/python3.10/site-packages/robot2_control
[1.936s] copying /home/robousr/Robotica-2026-1/Proyecto_Final_ws/build/robot2_control/build/lib/robot2_control/test_robot2_kinematics.py -> /home/robousr/Robotica-2026-1/Proyecto_Final_ws/install/robot2_control/lib/python3.10/site-packages/robot2_control
[1.936s] copying /home/robousr/Robotica-2026-1/Proyecto_Final_ws/build/robot2_control/build/lib/robot2_control/hardware_interface.py -> /home/robousr/Robotica-2026-1/Proyecto_Final_ws/install/robot2_control/lib/python3.10/site-packages/robot2_control
[1.936s] copying /home/robousr/Robotica-2026-1/Proyecto_Final_ws/build/robot2_control/build/lib/robot2_control/kinematics.py -> /home/robousr/Robotica-2026-1/Proyecto_Final_ws/install/robot2_control/lib/python3.10/site-packages/robot2_control
[1.940s] byte-compiling /home/robousr/Robotica-2026-1/Proyecto_Final_ws/install/robot2_control/lib/python3.10/site-packages/robot2_control/controller_manager.py to controller_manager.cpython-310.pyc
[1.940s] byte-compiling /home/robousr/Robotica-2026-1/Proyecto_Final_ws/install/robot2_control/lib/python3.10/site-packages/robot2_control/dynamics.py to dynamics.cpython-310.pyc
[1.943s] byte-compiling /home/robousr/Robotica-2026-1/Proyecto_Final_ws/install/robot2_control/lib/python3.10/site-packages/robot2_control/__init__.py to __init__.cpython-310.pyc
[1.944s] byte-compiling /home/robousr/Robotica-2026-1/Proyecto_Final_ws/install/robot2_control/lib/python3.10/site-packages/robot2_control/manipulator_controller.py to manipulator_controller.cpython-310.pyc
[1.944s] byte-compiling /home/robousr/Robotica-2026-1/Proyecto_Final_ws/install/robot2_control/lib/python3.10/site-packages/robot2_control/test_robot2_kinematics.py to test_robot2_kinematics.cpython-310.pyc
[1.945s] byte-compiling /home/robousr/Robotica-2026-1/Proyecto_Final_ws/install/robot2_control/lib/python3.10/site-packages/robot2_control/hardware_interface.py to hardware_interface.cpython-310.pyc
[1.948s] byte-compiling /home/robousr/Robotica-2026-1/Proyecto_Final_ws/install/robot2_control/lib/python3.10/site-packages/robot2_control/kinematics.py to kinematics.cpython-310.pyc
[1.952s] running install_data
[1.953s] creating /home/robousr/Robotica-2026-1/Proyecto_Final_ws/install/robot2_control/share/ament_index
[1.953s] creating /home/robousr/Robotica-2026-1/Proyecto_Final_ws/install/robot2_control/share/ament_index/resource_index
[1.953s] creating /home/robousr/Robotica-2026-1/Proyecto_Final_ws/install/robot2_control/share/ament_index/resource_index/packages
[1.953s] copying resource/robot2_control -> /home/robousr/Robotica-2026-1/Proyecto_Final_ws/install/robot2_control/share/ament_index/resource_index/packages
[1.953s] copying package.xml -> /home/robousr/Robotica-2026-1/Proyecto_Final_ws/install/robot2_control/share/robot2_control
[1.953s] running install_egg_info
[1.956s] Copying ../../build/robot2_control/robot2_control.egg-info to /home/robousr/Robotica-2026-1/Proyecto_Final_ws/install/robot2_control/lib/python3.10/site-packages/robot2_control-0.0.0-py3.10.egg-info
[1.961s] running install_scripts
[1.985s] Installing controller_manager script to /home/robousr/Robotica-2026-1/Proyecto_Final_ws/install/robot2_control/lib/robot2_control
[1.988s] Installing hardware_interface script to /home/robousr/Robotica-2026-1/Proyecto_Final_ws/install/robot2_control/lib/robot2_control
[1.988s] Installing manipulator_controller script to /home/robousr/Robotica-2026-1/Proyecto_Final_ws/install/robot2_control/lib/robot2_control
[1.991s] writing list of installed files to '/home/robousr/Robotica-2026-1/Proyecto_Final_ws/build/robot2_control/install.log'
[2.330s] Invoked command in '/home/robousr/Robotica-2026-1/Proyecto_Final_ws/src/robot2_control' returned '0': PYTHONPATH=/home/robousr/Robotica-2026-1/Proyecto_Final_ws/build/robot2_control/prefix_override:/usr/lib/python3/dist-packages/colcon_core/task/python/colcon_distutils_commands:/home/robousr/Robotica-2026-1/Proyecto_Final_ws/install/robot2_control/lib/python3.10/site-packages:${PYTHONPATH} /usr/bin/python3 -W ignore:setup.py install is deprecated -W ignore:easy_install command is deprecated setup.py egg_info --egg-base ../../build/robot2_control build --build-base /home/robousr/Robotica-2026-1/Proyecto_Final_ws/build/robot2_control/build install --record /home/robousr/Robotica-2026-1/Proyecto_Final_ws/build/robot2_control/install.log --single-version-externally-managed install_data
