[0.684s] Invoking command in '/home/robousr/Robotica-2026-1/Proyecto_Final_ws/src/robot_bringup': PYTHONPATH=/home/robousr/Robotica-2026-1/Proyecto_Final_ws/build/robot_bringup/prefix_override:/usr/lib/python3/dist-packages/colcon_core/task/python/colcon_distutils_commands:/home/robousr/Robotica-2026-1/Proyecto_Final_ws/install/robot_bringup/lib/python3.10/site-packages:${PYTHONPATH} /usr/bin/python3 -W ignore:setup.py install is deprecated -W ignore:easy_install command is deprecated setup.py egg_info --egg-base ../../build/robot_bringup build --build-base /home/robousr/Robotica-2026-1/Proyecto_Final_ws/build/robot_bringup/build install --record /home/robousr/Robotica-2026-1/Proyecto_Final_ws/build/robot_bringup/install.log --single-version-externally-managed install_data
[0.928s] running egg_info
[0.929s] creating ../../build/robot_bringup/robot_bringup.egg-info
[0.929s] writing ../../build/robot_bringup/robot_bringup.egg-info/PKG-INFO
[0.929s] writing dependency_links to ../../build/robot_bringup/robot_bringup.egg-info/dependency_links.txt
[0.929s] writing entry points to ../../build/robot_bringup/robot_bringup.egg-info/entry_points.txt
[0.929s] writing requirements to ../../build/robot_bringup/robot_bringup.egg-info/requires.txt
[0.930s] writing top-level names to ../../build/robot_bringup/robot_bringup.egg-info/top_level.txt
[0.930s] writing manifest file '../../build/robot_bringup/robot_bringup.egg-info/SOURCES.txt'
[0.931s] reading manifest file '../../build/robot_bringup/robot_bringup.egg-info/SOURCES.txt'
[0.932s] writing manifest file '../../build/robot_bringup/robot_bringup.egg-info/SOURCES.txt'
[0.932s] running build
[0.932s] running build_py
[0.933s] running install
[0.933s] running install_lib
[0.934s] running install_data
[0.934s] creating /home/robousr/Robotica-2026-1/Proyecto_Final_ws/install/robot_bringup/share/robot_bringup/launch
[0.935s] copying launch/robot2.launch.py -> /home/robousr/Robotica-2026-1/Proyecto_Final_ws/install/robot_bringup/share/robot_bringup/launch
[0.935s] copying launch/robot1.launch.py -> /home/robousr/Robotica-2026-1/Proyecto_Final_ws/install/robot_bringup/share/robot_bringup/launch
[0.935s] running install_egg_info
[0.936s] Copying ../../build/robot_bringup/robot_bringup.egg-info to /home/robousr/Robotica-2026-1/Proyecto_Final_ws/install/robot_bringup/lib/python3.10/site-packages/robot_bringup-0.0.0-py3.10.egg-info
[0.937s] running install_scripts
[0.958s] writing list of installed files to '/home/robousr/Robotica-2026-1/Proyecto_Final_ws/build/robot_bringup/install.log'
[0.987s] Invoked command in '/home/robousr/Robotica-2026-1/Proyecto_Final_ws/src/robot_bringup' returned '0': PYTHONPATH=/home/robousr/Robotica-2026-1/Proyecto_Final_ws/build/robot_bringup/prefix_override:/usr/lib/python3/dist-packages/colcon_core/task/python/colcon_distutils_commands:/home/robousr/Robotica-2026-1/Proyecto_Final_ws/install/robot_bringup/lib/python3.10/site-packages:${PYTHONPATH} /usr/bin/python3 -W ignore:setup.py install is deprecated -W ignore:easy_install command is deprecated setup.py egg_info --egg-base ../../build/robot_bringup build --build-base /home/robousr/Robotica-2026-1/Proyecto_Final_ws/build/robot_bringup/build install --record /home/robousr/Robotica-2026-1/Proyecto_Final_ws/build/robot_bringup/install.log --single-version-externally-managed install_data
