running egg_info
creating ../../build/robot1_description/robot1_description.egg-info
writing ../../build/robot1_description/robot1_description.egg-info/PKG-INFO
writing dependency_links to ../../build/robot1_description/robot1_description.egg-info/dependency_links.txt
writing entry points to ../../build/robot1_description/robot1_description.egg-info/entry_points.txt
writing requirements to ../../build/robot1_description/robot1_description.egg-info/requires.txt
writing top-level names to ../../build/robot1_description/robot1_description.egg-info/top_level.txt
writing manifest file '../../build/robot1_description/robot1_description.egg-info/SOURCES.txt'
reading manifest file '../../build/robot1_description/robot1_description.egg-info/SOURCES.txt'
writing manifest file '../../build/robot1_description/robot1_description.egg-info/SOURCES.txt'
running build
running build_py
creating /home/robousr/Robotica-2026-1/Proyecto_Final_ws/build/robot1_description/build
creating /home/robousr/Robotica-2026-1/Proyecto_Final_ws/build/robot1_description/build/lib
creating /home/robousr/Robotica-2026-1/Proyecto_Final_ws/build/robot1_description/build/lib/robot1_description
copying robot1_description/__init__.py -> /home/robousr/Robotica-2026-1/Proyecto_Final_ws/build/robot1_description/build/lib/robot1_description
running install
running install_lib
creating /home/robousr/Robotica-2026-1/Proyecto_Final_ws/install/robot1_description/lib/python3.10/site-packages/robot1_description
copying /home/robousr/Robotica-2026-1/Proyecto_Final_ws/build/robot1_description/build/lib/robot1_description/__init__.py -> /home/robousr/Robotica-2026-1/Proyecto_Final_ws/install/robot1_description/lib/python3.10/site-packages/robot1_description
byte-compiling /home/robousr/Robotica-2026-1/Proyecto_Final_ws/install/robot1_description/lib/python3.10/site-packages/robot1_description/__init__.py to __init__.cpython-310.pyc
running install_data
creating /home/robousr/Robotica-2026-1/Proyecto_Final_ws/install/robot1_description/share/ament_index
creating /home/robousr/Robotica-2026-1/Proyecto_Final_ws/install/robot1_description/share/ament_index/resource_index
creating /home/robousr/Robotica-2026-1/Proyecto_Final_ws/install/robot1_description/share/ament_index/resource_index/packages
copying resource/robot1_description -> /home/robousr/Robotica-2026-1/Proyecto_Final_ws/install/robot1_description/share/ament_index/resource_index/packages
copying package.xml -> /home/robousr/Robotica-2026-1/Proyecto_Final_ws/install/robot1_description/share/robot1_description
creating /home/robousr/Robotica-2026-1/Proyecto_Final_ws/install/robot1_description/share/robot1_description/urdf
copying urdf/robot1.urdf -> /home/robousr/Robotica-2026-1/Proyecto_Final_ws/install/robot1_description/share/robot1_description/urdf
creating /home/robousr/Robotica-2026-1/Proyecto_Final_ws/install/robot1_description/share/robot1_description/rviz
copying rviz/robot1_config.rviz -> /home/robousr/Robotica-2026-1/Proyecto_Final_ws/install/robot1_description/share/robot1_description/rviz
running install_egg_info
Copying ../../build/robot1_description/robot1_description.egg-info to /home/robousr/Robotica-2026-1/Proyecto_Final_ws/install/robot1_description/lib/python3.10/site-packages/robot1_description-0.0.0-py3.10.egg-info
running install_scripts
writing list of installed files to '/home/robousr/Robotica-2026-1/Proyecto_Final_ws/build/robot1_description/install.log'
