[1.638s] Invoking command in '/home/robousr/Robotica-2026-1/Proyecto_Final_ws/src/robot1_description': PYTHONPATH=/home/robousr/Robotica-2026-1/Proyecto_Final_ws/build/robot1_description/prefix_override:/usr/lib/python3/dist-packages/colcon_core/task/python/colcon_distutils_commands:/home/robousr/Robotica-2026-1/Proyecto_Final_ws/install/robot1_description/lib/python3.10/site-packages:${PYTHONPATH} /usr/bin/python3 -W ignore:setup.py install is deprecated -W ignore:easy_install command is deprecated setup.py egg_info --egg-base ../../build/robot1_description build --build-base /home/robousr/Robotica-2026-1/Proyecto_Final_ws/build/robot1_description/build install --record /home/robousr/Robotica-2026-1/Proyecto_Final_ws/build/robot1_description/install.log --single-version-externally-managed install_data
[1.917s] running egg_info
[1.918s] creating ../../build/robot1_description/robot1_description.egg-info
[1.920s] writing ../../build/robot1_description/robot1_description.egg-info/PKG-INFO
[1.922s] writing dependency_links to ../../build/robot1_description/robot1_description.egg-info/dependency_links.txt
[1.924s] writing entry points to ../../build/robot1_description/robot1_description.egg-info/entry_points.txt
[1.924s] writing requirements to ../../build/robot1_description/robot1_description.egg-info/requires.txt
[1.925s] writing top-level names to ../../build/robot1_description/robot1_description.egg-info/top_level.txt
[1.927s] writing manifest file '../../build/robot1_description/robot1_description.egg-info/SOURCES.txt'
[1.928s] reading manifest file '../../build/robot1_description/robot1_description.egg-info/SOURCES.txt'
[1.928s] writing manifest file '../../build/robot1_description/robot1_description.egg-info/SOURCES.txt'
[1.929s] running build
[1.929s] running build_py
[1.929s] creating /home/robousr/Robotica-2026-1/Proyecto_Final_ws/build/robot1_description/build
[1.929s] creating /home/robousr/Robotica-2026-1/Proyecto_Final_ws/build/robot1_description/build/lib
[1.929s] creating /home/robousr/Robotica-2026-1/Proyecto_Final_ws/build/robot1_description/build/lib/robot1_description
[1.930s] copying robot1_description/__init__.py -> /home/robousr/Robotica-2026-1/Proyecto_Final_ws/build/robot1_description/build/lib/robot1_description
[1.930s] running install
[1.930s] running install_lib
[1.930s] creating /home/robousr/Robotica-2026-1/Proyecto_Final_ws/install/robot1_description/lib/python3.10/site-packages/robot1_description
[1.930s] copying /home/robousr/Robotica-2026-1/Proyecto_Final_ws/build/robot1_description/build/lib/robot1_description/__init__.py -> /home/robousr/Robotica-2026-1/Proyecto_Final_ws/install/robot1_description/lib/python3.10/site-packages/robot1_description
[1.930s] byte-compiling /home/robousr/Robotica-2026-1/Proyecto_Final_ws/install/robot1_description/lib/python3.10/site-packages/robot1_description/__init__.py to __init__.cpython-310.pyc
[1.930s] running install_data
[1.930s] creating /home/robousr/Robotica-2026-1/Proyecto_Final_ws/install/robot1_description/share/ament_index
[1.930s] creating /home/robousr/Robotica-2026-1/Proyecto_Final_ws/install/robot1_description/share/ament_index/resource_index
[1.930s] creating /home/robousr/Robotica-2026-1/Proyecto_Final_ws/install/robot1_description/share/ament_index/resource_index/packages
[1.930s] copying resource/robot1_description -> /home/robousr/Robotica-2026-1/Proyecto_Final_ws/install/robot1_description/share/ament_index/resource_index/packages
[1.930s] copying package.xml -> /home/robousr/Robotica-2026-1/Proyecto_Final_ws/install/robot1_description/share/robot1_description
[1.930s] creating /home/robousr/Robotica-2026-1/Proyecto_Final_ws/install/robot1_description/share/robot1_description/urdf
[1.930s] copying urdf/robot1.urdf -> /home/robousr/Robotica-2026-1/Proyecto_Final_ws/install/robot1_description/share/robot1_description/urdf
[1.930s] creating /home/robousr/Robotica-2026-1/Proyecto_Final_ws/install/robot1_description/share/robot1_description/rviz
[1.930s] copying rviz/robot1_config.rviz -> /home/robousr/Robotica-2026-1/Proyecto_Final_ws/install/robot1_description/share/robot1_description/rviz
[1.930s] running install_egg_info
[1.940s] Copying ../../build/robot1_description/robot1_description.egg-info to /home/robousr/Robotica-2026-1/Proyecto_Final_ws/install/robot1_description/lib/python3.10/site-packages/robot1_description-0.0.0-py3.10.egg-info
[1.942s] running install_scripts
[1.964s] writing list of installed files to '/home/robousr/Robotica-2026-1/Proyecto_Final_ws/build/robot1_description/install.log'
[2.015s] Invoked command in '/home/robousr/Robotica-2026-1/Proyecto_Final_ws/src/robot1_description' returned '0': PYTHONPATH=/home/robousr/Robotica-2026-1/Proyecto_Final_ws/build/robot1_description/prefix_override:/usr/lib/python3/dist-packages/colcon_core/task/python/colcon_distutils_commands:/home/robousr/Robotica-2026-1/Proyecto_Final_ws/install/robot1_description/lib/python3.10/site-packages:${PYTHONPATH} /usr/bin/python3 -W ignore:setup.py install is deprecated -W ignore:easy_install command is deprecated setup.py egg_info --egg-base ../../build/robot1_description build --build-base /home/robousr/Robotica-2026-1/Proyecto_Final_ws/build/robot1_description/build install --record /home/robousr/Robotica-2026-1/Proyecto_Final_ws/build/robot1_description/install.log --single-version-externally-managed install_data
