[1.683s] Invoking command in '/home/robousr/Robotica-2026-1/Proyecto_Final_ws/src/robot2_description': PYTHONPATH=/home/robousr/Robotica-2026-1/Proyecto_Final_ws/build/robot2_description/prefix_override:/usr/lib/python3/dist-packages/colcon_core/task/python/colcon_distutils_commands:/home/robousr/Robotica-2026-1/Proyecto_Final_ws/install/robot2_description/lib/python3.10/site-packages:${PYTHONPATH} /usr/bin/python3 -W ignore:setup.py install is deprecated -W ignore:easy_install command is deprecated setup.py egg_info --egg-base ../../build/robot2_description build --build-base /home/robousr/Robotica-2026-1/Proyecto_Final_ws/build/robot2_description/build install --record /home/robousr/Robotica-2026-1/Proyecto_Final_ws/build/robot2_description/install.log --single-version-externally-managed install_data
[1.996s] running egg_info
[1.997s] writing ../../build/robot2_description/robot2_description.egg-info/PKG-INFO
[1.999s] writing dependency_links to ../../build/robot2_description/robot2_description.egg-info/dependency_links.txt
[1.999s] writing entry points to ../../build/robot2_description/robot2_description.egg-info/entry_points.txt
[1.999s] writing requirements to ../../build/robot2_description/robot2_description.egg-info/requires.txt
[1.999s] writing top-level names to ../../build/robot2_description/robot2_description.egg-info/top_level.txt
[2.000s] reading manifest file '../../build/robot2_description/robot2_description.egg-info/SOURCES.txt'
[2.001s] writing manifest file '../../build/robot2_description/robot2_description.egg-info/SOURCES.txt'
[2.002s] running build
[2.002s] running build_py
[2.002s] running install
[2.003s] running install_lib
[2.004s] running install_data
[2.005s] running install_egg_info
[2.007s] removing '/home/robousr/Robotica-2026-1/Proyecto_Final_ws/install/robot2_description/lib/python3.10/site-packages/robot2_description-0.0.0-py3.10.egg-info' (and everything under it)
[2.009s] Copying ../../build/robot2_description/robot2_description.egg-info to /home/robousr/Robotica-2026-1/Proyecto_Final_ws/install/robot2_description/lib/python3.10/site-packages/robot2_description-0.0.0-py3.10.egg-info
[2.012s] running install_scripts
[2.041s] writing list of installed files to '/home/robousr/Robotica-2026-1/Proyecto_Final_ws/build/robot2_description/install.log'
[2.113s] Invoked command in '/home/robousr/Robotica-2026-1/Proyecto_Final_ws/src/robot2_description' returned '0': PYTHONPATH=/home/robousr/Robotica-2026-1/Proyecto_Final_ws/build/robot2_description/prefix_override:/usr/lib/python3/dist-packages/colcon_core/task/python/colcon_distutils_commands:/home/robousr/Robotica-2026-1/Proyecto_Final_ws/install/robot2_description/lib/python3.10/site-packages:${PYTHONPATH} /usr/bin/python3 -W ignore:setup.py install is deprecated -W ignore:easy_install command is deprecated setup.py egg_info --egg-base ../../build/robot2_description build --build-base /home/robousr/Robotica-2026-1/Proyecto_Final_ws/build/robot2_description/build install --record /home/robousr/Robotica-2026-1/Proyecto_Final_ws/build/robot2_description/install.log --single-version-externally-managed install_data
