[0.257s] DEBUG:colcon:Command line arguments: ['/usr/bin/colcon', 'build', '--symlink-install']
[0.257s] DEBUG:colcon:Parsed command line arguments: Namespace(log_base=None, log_level=None, verb_name='build', build_base='build', install_base='install', merge_install=False, symlink_install=True, test_result_base=None, continue_on_error=False, executor='parallel', parallel_workers=4, event_handlers=None, ignore_user_meta=False, metas=['./colcon.meta'], base_paths=['.'], packages_ignore=None, packages_ignore_regex=None, paths=None, packages_up_to=None, packages_up_to_regex=None, packages_above=None, packages_above_and_dependencies=None, packages_above_depth=None, packages_select_by_dep=None, packages_skip_by_dep=None, packages_skip_up_to=None, packages_select_build_failed=False, packages_skip_build_finished=False, packages_select_test_failures=False, packages_skip_test_passed=False, packages_select=None, packages_skip=None, packages_select_regex=None, packages_skip_regex=None, packages_start=None, packages_end=None, allow_overriding=[], cmake_args=None, cmake_target=None, cmake_target_skip_unavailable=False, cmake_clean_cache=False, cmake_clean_first=False, cmake_force_configure=False, ament_cmake_args=None, catkin_cmake_args=None, catkin_skip_building_tests=False, mixin_files=None, mixin=None, verb_parser=<colcon_mixin.mixin.mixin_argument.MixinArgumentDecorator object at 0x7a8c5dc86020>, verb_extension=<colcon_core.verb.build.BuildVerb object at 0x7a8c5dc85ab0>, main=<bound method BuildVerb.main of <colcon_core.verb.build.BuildVerb object at 0x7a8c5dc85ab0>>, mixin_verb=('build',))
[0.725s] Level 1:colcon.colcon_core.package_discovery:discover_packages(colcon_meta) check parameters
[0.725s] Level 1:colcon.colcon_core.package_discovery:discover_packages(recursive) check parameters
[0.725s] Level 1:colcon.colcon_core.package_discovery:discover_packages(ignore) check parameters
[0.725s] Level 1:colcon.colcon_core.package_discovery:discover_packages(path) check parameters
[0.725s] Level 1:colcon.colcon_core.package_discovery:discover_packages(colcon_meta) discover
[0.725s] Level 1:colcon.colcon_core.package_discovery:discover_packages(recursive) discover
[0.725s] INFO:colcon.colcon_core.package_discovery:Crawling recursively for packages in '/home/robousr/Desktop/Robotica_Semestre-2026-1/Proyecto_Final_ws'
[0.725s] Level 1:colcon.colcon_core.package_identification:_identify(.) by extensions ['ignore', 'ignore_ament_install']
[0.725s] Level 1:colcon.colcon_core.package_identification:_identify(.) by extension 'ignore'
[0.725s] Level 1:colcon.colcon_core.package_identification:_identify(.) by extension 'ignore_ament_install'
[0.725s] Level 1:colcon.colcon_core.package_identification:_identify(.) by extensions ['colcon_pkg']
[0.725s] Level 1:colcon.colcon_core.package_identification:_identify(.) by extension 'colcon_pkg'
[0.725s] Level 1:colcon.colcon_core.package_identification:_identify(.) by extensions ['colcon_meta']
[0.725s] Level 1:colcon.colcon_core.package_identification:_identify(.) by extension 'colcon_meta'
[0.725s] Level 1:colcon.colcon_core.package_identification:_identify(.) by extensions ['ros']
[0.725s] Level 1:colcon.colcon_core.package_identification:_identify(.) by extension 'ros'
[0.746s] Level 1:colcon.colcon_core.package_identification:_identify(.) by extensions ['cmake', 'python']
[0.746s] Level 1:colcon.colcon_core.package_identification:_identify(.) by extension 'cmake'
[0.746s] Level 1:colcon.colcon_core.package_identification:_identify(.) by extension 'python'
[0.746s] Level 1:colcon.colcon_core.package_identification:_identify(.) by extensions ['python_setup_py']
[0.746s] Level 1:colcon.colcon_core.package_identification:_identify(.) by extension 'python_setup_py'
[0.746s] Level 1:colcon.colcon_core.package_identification:_identify(build) by extensions ['ignore', 'ignore_ament_install']
[0.746s] Level 1:colcon.colcon_core.package_identification:_identify(build) by extension 'ignore'
[0.746s] Level 1:colcon.colcon_core.package_identification:_identify(build) ignored
[0.746s] Level 1:colcon.colcon_core.package_identification:_identify(install) by extensions ['ignore', 'ignore_ament_install']
[0.746s] Level 1:colcon.colcon_core.package_identification:_identify(install) by extension 'ignore'
[0.746s] Level 1:colcon.colcon_core.package_identification:_identify(install) ignored
[0.746s] Level 1:colcon.colcon_core.package_identification:_identify(log) by extensions ['ignore', 'ignore_ament_install']
[0.747s] Level 1:colcon.colcon_core.package_identification:_identify(log) by extension 'ignore'
[0.747s] Level 1:colcon.colcon_core.package_identification:_identify(log) ignored
[0.747s] Level 1:colcon.colcon_core.package_identification:_identify(src) by extensions ['ignore', 'ignore_ament_install']
[0.747s] Level 1:colcon.colcon_core.package_identification:_identify(src) by extension 'ignore'
[0.747s] Level 1:colcon.colcon_core.package_identification:_identify(src) by extension 'ignore_ament_install'
[0.747s] Level 1:colcon.colcon_core.package_identification:_identify(src) by extensions ['colcon_pkg']
[0.747s] Level 1:colcon.colcon_core.package_identification:_identify(src) by extension 'colcon_pkg'
[0.747s] Level 1:colcon.colcon_core.package_identification:_identify(src) by extensions ['colcon_meta']
[0.747s] Level 1:colcon.colcon_core.package_identification:_identify(src) by extension 'colcon_meta'
[0.747s] Level 1:colcon.colcon_core.package_identification:_identify(src) by extensions ['ros']
[0.747s] Level 1:colcon.colcon_core.package_identification:_identify(src) by extension 'ros'
[0.747s] Level 1:colcon.colcon_core.package_identification:_identify(src) by extensions ['cmake', 'python']
[0.747s] Level 1:colcon.colcon_core.package_identification:_identify(src) by extension 'cmake'
[0.747s] Level 1:colcon.colcon_core.package_identification:_identify(src) by extension 'python'
[0.747s] Level 1:colcon.colcon_core.package_identification:_identify(src) by extensions ['python_setup_py']
[0.747s] Level 1:colcon.colcon_core.package_identification:_identify(src) by extension 'python_setup_py'
[0.747s] Level 1:colcon.colcon_core.package_identification:_identify(src/robot1_control) by extensions ['ignore', 'ignore_ament_install']
[0.747s] Level 1:colcon.colcon_core.package_identification:_identify(src/robot1_control) by extension 'ignore'
[0.747s] Level 1:colcon.colcon_core.package_identification:_identify(src/robot1_control) by extension 'ignore_ament_install'
[0.747s] Level 1:colcon.colcon_core.package_identification:_identify(src/robot1_control) by extensions ['colcon_pkg']
[0.747s] Level 1:colcon.colcon_core.package_identification:_identify(src/robot1_control) by extension 'colcon_pkg'
[0.747s] Level 1:colcon.colcon_core.package_identification:_identify(src/robot1_control) by extensions ['colcon_meta']
[0.747s] Level 1:colcon.colcon_core.package_identification:_identify(src/robot1_control) by extension 'colcon_meta'
[0.747s] Level 1:colcon.colcon_core.package_identification:_identify(src/robot1_control) by extensions ['ros']
[0.747s] Level 1:colcon.colcon_core.package_identification:_identify(src/robot1_control) by extension 'ros'
[0.751s] DEBUG:colcon.colcon_core.package_identification:Package 'src/robot1_control' with type 'ros.ament_python' and name 'robot1_control'
[0.751s] Level 1:colcon.colcon_core.package_identification:_identify(src/robot1_description) by extensions ['ignore', 'ignore_ament_install']
[0.752s] Level 1:colcon.colcon_core.package_identification:_identify(src/robot1_description) by extension 'ignore'
[0.752s] Level 1:colcon.colcon_core.package_identification:_identify(src/robot1_description) by extension 'ignore_ament_install'
[0.752s] Level 1:colcon.colcon_core.package_identification:_identify(src/robot1_description) by extensions ['colcon_pkg']
[0.752s] Level 1:colcon.colcon_core.package_identification:_identify(src/robot1_description) by extension 'colcon_pkg'
[0.752s] Level 1:colcon.colcon_core.package_identification:_identify(src/robot1_description) by extensions ['colcon_meta']
[0.752s] Level 1:colcon.colcon_core.package_identification:_identify(src/robot1_description) by extension 'colcon_meta'
[0.752s] Level 1:colcon.colcon_core.package_identification:_identify(src/robot1_description) by extensions ['ros']
[0.752s] Level 1:colcon.colcon_core.package_identification:_identify(src/robot1_description) by extension 'ros'
[0.753s] DEBUG:colcon.colcon_core.package_identification:Package 'src/robot1_description' with type 'ros.ament_python' and name 'robot1_description'
[0.753s] Level 1:colcon.colcon_core.package_identification:_identify(src/robot2_control) by extensions ['ignore', 'ignore_ament_install']
[0.753s] Level 1:colcon.colcon_core.package_identification:_identify(src/robot2_control) by extension 'ignore'
[0.753s] Level 1:colcon.colcon_core.package_identification:_identify(src/robot2_control) by extension 'ignore_ament_install'
[0.753s] Level 1:colcon.colcon_core.package_identification:_identify(src/robot2_control) by extensions ['colcon_pkg']
[0.753s] Level 1:colcon.colcon_core.package_identification:_identify(src/robot2_control) by extension 'colcon_pkg'
[0.753s] Level 1:colcon.colcon_core.package_identification:_identify(src/robot2_control) by extensions ['colcon_meta']
[0.753s] Level 1:colcon.colcon_core.package_identification:_identify(src/robot2_control) by extension 'colcon_meta'
[0.753s] Level 1:colcon.colcon_core.package_identification:_identify(src/robot2_control) by extensions ['ros']
[0.753s] Level 1:colcon.colcon_core.package_identification:_identify(src/robot2_control) by extension 'ros'
[0.754s] DEBUG:colcon.colcon_core.package_identification:Package 'src/robot2_control' with type 'ros.ament_python' and name 'robot2_control'
[0.754s] Level 1:colcon.colcon_core.package_identification:_identify(src/robot2_description) by extensions ['ignore', 'ignore_ament_install']
[0.754s] Level 1:colcon.colcon_core.package_identification:_identify(src/robot2_description) by extension 'ignore'
[0.755s] Level 1:colcon.colcon_core.package_identification:_identify(src/robot2_description) by extension 'ignore_ament_install'
[0.755s] Level 1:colcon.colcon_core.package_identification:_identify(src/robot2_description) by extensions ['colcon_pkg']
[0.755s] Level 1:colcon.colcon_core.package_identification:_identify(src/robot2_description) by extension 'colcon_pkg'
[0.755s] Level 1:colcon.colcon_core.package_identification:_identify(src/robot2_description) by extensions ['colcon_meta']
[0.755s] Level 1:colcon.colcon_core.package_identification:_identify(src/robot2_description) by extension 'colcon_meta'
[0.755s] Level 1:colcon.colcon_core.package_identification:_identify(src/robot2_description) by extensions ['ros']
[0.755s] Level 1:colcon.colcon_core.package_identification:_identify(src/robot2_description) by extension 'ros'
[0.755s] DEBUG:colcon.colcon_core.package_identification:Package 'src/robot2_description' with type 'ros.ament_python' and name 'robot2_description'
[0.755s] Level 1:colcon.colcon_core.package_identification:_identify(src/robot_bringup) by extensions ['ignore', 'ignore_ament_install']
[0.756s] Level 1:colcon.colcon_core.package_identification:_identify(src/robot_bringup) by extension 'ignore'
[0.756s] Level 1:colcon.colcon_core.package_identification:_identify(src/robot_bringup) by extension 'ignore_ament_install'
[0.756s] Level 1:colcon.colcon_core.package_identification:_identify(src/robot_bringup) by extensions ['colcon_pkg']
[0.756s] Level 1:colcon.colcon_core.package_identification:_identify(src/robot_bringup) by extension 'colcon_pkg'
[0.756s] Level 1:colcon.colcon_core.package_identification:_identify(src/robot_bringup) by extensions ['colcon_meta']
[0.756s] Level 1:colcon.colcon_core.package_identification:_identify(src/robot_bringup) by extension 'colcon_meta'
[0.756s] Level 1:colcon.colcon_core.package_identification:_identify(src/robot_bringup) by extensions ['ros']
[0.756s] Level 1:colcon.colcon_core.package_identification:_identify(src/robot_bringup) by extension 'ros'
[0.756s] DEBUG:colcon.colcon_core.package_identification:Package 'src/robot_bringup' with type 'ros.ament_python' and name 'robot_bringup'
[0.756s] Level 1:colcon.colcon_core.package_discovery:discover_packages(recursive) using defaults
[0.756s] Level 1:colcon.colcon_core.package_discovery:discover_packages(ignore) discover
[0.756s] Level 1:colcon.colcon_core.package_discovery:discover_packages(ignore) using defaults
[0.756s] Level 1:colcon.colcon_core.package_discovery:discover_packages(path) discover
[0.756s] Level 1:colcon.colcon_core.package_discovery:discover_packages(path) using defaults
[0.796s] Level 1:colcon.colcon_core.package_discovery:discover_packages(prefix_path) check parameters
[0.796s] Level 1:colcon.colcon_core.package_discovery:discover_packages(prefix_path) discover
[0.799s] WARNING:colcon.colcon_ros.prefix_path.ament:The path '/home/robousr/Desktop/Robotica_Semestre-2026-1/Proyecto_Final_ws/install/robot_bringup' in the environment variable AMENT_PREFIX_PATH doesn't exist
[0.800s] WARNING:colcon.colcon_ros.prefix_path.ament:The path '/home/robousr/Desktop/Robotica_Semestre-2026-1/Proyecto_Final_ws/install/robot2_description' in the environment variable AMENT_PREFIX_PATH doesn't exist
[0.800s] WARNING:colcon.colcon_ros.prefix_path.ament:The path '/home/robousr/Desktop/Robotica_Semestre-2026-1/Proyecto_Final_ws/install/robot2_control' in the environment variable AMENT_PREFIX_PATH doesn't exist
[0.800s] WARNING:colcon.colcon_ros.prefix_path.ament:The path '/home/robousr/Desktop/Robotica_Semestre-2026-1/Proyecto_Final_ws/install/robot1_description' in the environment variable AMENT_PREFIX_PATH doesn't exist
[0.800s] WARNING:colcon.colcon_ros.prefix_path.ament:The path '/home/robousr/Desktop/Robotica_Semestre-2026-1/Proyecto_Final_ws/install/robot1_control' in the environment variable AMENT_PREFIX_PATH doesn't exist
[0.801s] DEBUG:colcon.colcon_installed_package_information.package_discovery:Found 0 installed packages in /home/robousr/Desktop/Robotica_Semestre-2026-1/Proyecto_Final_ws/install
[0.803s] DEBUG:colcon.colcon_installed_package_information.package_discovery:Found 433 installed packages in /opt/ros/humble
[0.805s] Level 1:colcon.colcon_core.package_discovery:discover_packages(prefix_path) using defaults
[0.965s] Level 5:colcon.colcon_core.verb:set package 'robot1_control' build argument 'cmake_args' from command line to 'None'
[0.966s] Level 5:colcon.colcon_core.verb:set package 'robot1_control' build argument 'cmake_target' from command line to 'None'
[0.966s] Level 5:colcon.colcon_core.verb:set package 'robot1_control' build argument 'cmake_target_skip_unavailable' from command line to 'False'
[0.966s] Level 5:colcon.colcon_core.verb:set package 'robot1_control' build argument 'cmake_clean_cache' from command line to 'False'
[0.966s] Level 5:colcon.colcon_core.verb:set package 'robot1_control' build argument 'cmake_clean_first' from command line to 'False'
[0.966s] Level 5:colcon.colcon_core.verb:set package 'robot1_control' build argument 'cmake_force_configure' from command line to 'False'
[0.966s] Level 5:colcon.colcon_core.verb:set package 'robot1_control' build argument 'ament_cmake_args' from command line to 'None'
[0.966s] Level 5:colcon.colcon_core.verb:set package 'robot1_control' build argument 'catkin_cmake_args' from command line to 'None'
[0.966s] Level 5:colcon.colcon_core.verb:set package 'robot1_control' build argument 'catkin_skip_building_tests' from command line to 'False'
[0.966s] DEBUG:colcon.colcon_core.verb:Building package 'robot1_control' with the following arguments: {'ament_cmake_args': None, 'build_base': '/home/robousr/Desktop/Robotica_Semestre-2026-1/Proyecto_Final_ws/build/robot1_control', 'catkin_cmake_args': None, 'catkin_skip_building_tests': False, 'cmake_args': None, 'cmake_clean_cache': False, 'cmake_clean_first': False, 'cmake_force_configure': False, 'cmake_target': None, 'cmake_target_skip_unavailable': False, 'install_base': '/home/robousr/Desktop/Robotica_Semestre-2026-1/Proyecto_Final_ws/install/robot1_control', 'merge_install': False, 'path': '/home/robousr/Desktop/Robotica_Semestre-2026-1/Proyecto_Final_ws/src/robot1_control', 'symlink_install': True, 'test_result_base': None}
[0.966s] Level 5:colcon.colcon_core.verb:set package 'robot1_description' build argument 'cmake_args' from command line to 'None'
[0.966s] Level 5:colcon.colcon_core.verb:set package 'robot1_description' build argument 'cmake_target' from command line to 'None'
[0.966s] Level 5:colcon.colcon_core.verb:set package 'robot1_description' build argument 'cmake_target_skip_unavailable' from command line to 'False'
[0.966s] Level 5:colcon.colcon_core.verb:set package 'robot1_description' build argument 'cmake_clean_cache' from command line to 'False'
[0.966s] Level 5:colcon.colcon_core.verb:set package 'robot1_description' build argument 'cmake_clean_first' from command line to 'False'
[0.966s] Level 5:colcon.colcon_core.verb:set package 'robot1_description' build argument 'cmake_force_configure' from command line to 'False'
[0.966s] Level 5:colcon.colcon_core.verb:set package 'robot1_description' build argument 'ament_cmake_args' from command line to 'None'
[0.966s] Level 5:colcon.colcon_core.verb:set package 'robot1_description' build argument 'catkin_cmake_args' from command line to 'None'
[0.966s] Level 5:colcon.colcon_core.verb:set package 'robot1_description' build argument 'catkin_skip_building_tests' from command line to 'False'
[0.966s] DEBUG:colcon.colcon_core.verb:Building package 'robot1_description' with the following arguments: {'ament_cmake_args': None, 'build_base': '/home/robousr/Desktop/Robotica_Semestre-2026-1/Proyecto_Final_ws/build/robot1_description', 'catkin_cmake_args': None, 'catkin_skip_building_tests': False, 'cmake_args': None, 'cmake_clean_cache': False, 'cmake_clean_first': False, 'cmake_force_configure': False, 'cmake_target': None, 'cmake_target_skip_unavailable': False, 'install_base': '/home/robousr/Desktop/Robotica_Semestre-2026-1/Proyecto_Final_ws/install/robot1_description', 'merge_install': False, 'path': '/home/robousr/Desktop/Robotica_Semestre-2026-1/Proyecto_Final_ws/src/robot1_description', 'symlink_install': True, 'test_result_base': None}
[0.967s] Level 5:colcon.colcon_core.verb:set package 'robot2_control' build argument 'cmake_args' from command line to 'None'
[0.967s] Level 5:colcon.colcon_core.verb:set package 'robot2_control' build argument 'cmake_target' from command line to 'None'
[0.967s] Level 5:colcon.colcon_core.verb:set package 'robot2_control' build argument 'cmake_target_skip_unavailable' from command line to 'False'
[0.967s] Level 5:colcon.colcon_core.verb:set package 'robot2_control' build argument 'cmake_clean_cache' from command line to 'False'
[0.967s] Level 5:colcon.colcon_core.verb:set package 'robot2_control' build argument 'cmake_clean_first' from command line to 'False'
[0.967s] Level 5:colcon.colcon_core.verb:set package 'robot2_control' build argument 'cmake_force_configure' from command line to 'False'
[0.967s] Level 5:colcon.colcon_core.verb:set package 'robot2_control' build argument 'ament_cmake_args' from command line to 'None'
[0.967s] Level 5:colcon.colcon_core.verb:set package 'robot2_control' build argument 'catkin_cmake_args' from command line to 'None'
[0.967s] Level 5:colcon.colcon_core.verb:set package 'robot2_control' build argument 'catkin_skip_building_tests' from command line to 'False'
[0.967s] DEBUG:colcon.colcon_core.verb:Building package 'robot2_control' with the following arguments: {'ament_cmake_args': None, 'build_base': '/home/robousr/Desktop/Robotica_Semestre-2026-1/Proyecto_Final_ws/build/robot2_control', 'catkin_cmake_args': None, 'catkin_skip_building_tests': False, 'cmake_args': None, 'cmake_clean_cache': False, 'cmake_clean_first': False, 'cmake_force_configure': False, 'cmake_target': None, 'cmake_target_skip_unavailable': False, 'install_base': '/home/robousr/Desktop/Robotica_Semestre-2026-1/Proyecto_Final_ws/install/robot2_control', 'merge_install': False, 'path': '/home/robousr/Desktop/Robotica_Semestre-2026-1/Proyecto_Final_ws/src/robot2_control', 'symlink_install': True, 'test_result_base': None}
[0.967s] Level 5:colcon.colcon_core.verb:set package 'robot2_description' build argument 'cmake_args' from command line to 'None'
[0.967s] Level 5:colcon.colcon_core.verb:set package 'robot2_description' build argument 'cmake_target' from command line to 'None'
[0.967s] Level 5:colcon.colcon_core.verb:set package 'robot2_description' build argument 'cmake_target_skip_unavailable' from command line to 'False'
[0.967s] Level 5:colcon.colcon_core.verb:set package 'robot2_description' build argument 'cmake_clean_cache' from command line to 'False'
[0.967s] Level 5:colcon.colcon_core.verb:set package 'robot2_description' build argument 'cmake_clean_first' from command line to 'False'
[0.967s] Level 5:colcon.colcon_core.verb:set package 'robot2_description' build argument 'cmake_force_configure' from command line to 'False'
[0.967s] Level 5:colcon.colcon_core.verb:set package 'robot2_description' build argument 'ament_cmake_args' from command line to 'None'
[0.967s] Level 5:colcon.colcon_core.verb:set package 'robot2_description' build argument 'catkin_cmake_args' from command line to 'None'
[0.967s] Level 5:colcon.colcon_core.verb:set package 'robot2_description' build argument 'catkin_skip_building_tests' from command line to 'False'
[0.967s] DEBUG:colcon.colcon_core.verb:Building package 'robot2_description' with the following arguments: {'ament_cmake_args': None, 'build_base': '/home/robousr/Desktop/Robotica_Semestre-2026-1/Proyecto_Final_ws/build/robot2_description', 'catkin_cmake_args': None, 'catkin_skip_building_tests': False, 'cmake_args': None, 'cmake_clean_cache': False, 'cmake_clean_first': False, 'cmake_force_configure': False, 'cmake_target': None, 'cmake_target_skip_unavailable': False, 'install_base': '/home/robousr/Desktop/Robotica_Semestre-2026-1/Proyecto_Final_ws/install/robot2_description', 'merge_install': False, 'path': '/home/robousr/Desktop/Robotica_Semestre-2026-1/Proyecto_Final_ws/src/robot2_description', 'symlink_install': True, 'test_result_base': None}
[0.967s] Level 5:colcon.colcon_core.verb:set package 'robot_bringup' build argument 'cmake_args' from command line to 'None'
[0.967s] Level 5:colcon.colcon_core.verb:set package 'robot_bringup' build argument 'cmake_target' from command line to 'None'
[0.967s] Level 5:colcon.colcon_core.verb:set package 'robot_bringup' build argument 'cmake_target_skip_unavailable' from command line to 'False'
[0.967s] Level 5:colcon.colcon_core.verb:set package 'robot_bringup' build argument 'cmake_clean_cache' from command line to 'False'
[0.967s] Level 5:colcon.colcon_core.verb:set package 'robot_bringup' build argument 'cmake_clean_first' from command line to 'False'
[0.967s] Level 5:colcon.colcon_core.verb:set package 'robot_bringup' build argument 'cmake_force_configure' from command line to 'False'
[0.967s] Level 5:colcon.colcon_core.verb:set package 'robot_bringup' build argument 'ament_cmake_args' from command line to 'None'
[0.967s] Level 5:colcon.colcon_core.verb:set package 'robot_bringup' build argument 'catkin_cmake_args' from command line to 'None'
[0.967s] Level 5:colcon.colcon_core.verb:set package 'robot_bringup' build argument 'catkin_skip_building_tests' from command line to 'False'
[0.967s] DEBUG:colcon.colcon_core.verb:Building package 'robot_bringup' with the following arguments: {'ament_cmake_args': None, 'build_base': '/home/robousr/Desktop/Robotica_Semestre-2026-1/Proyecto_Final_ws/build/robot_bringup', 'catkin_cmake_args': None, 'catkin_skip_building_tests': False, 'cmake_args': None, 'cmake_clean_cache': False, 'cmake_clean_first': False, 'cmake_force_configure': False, 'cmake_target': None, 'cmake_target_skip_unavailable': False, 'install_base': '/home/robousr/Desktop/Robotica_Semestre-2026-1/Proyecto_Final_ws/install/robot_bringup', 'merge_install': False, 'path': '/home/robousr/Desktop/Robotica_Semestre-2026-1/Proyecto_Final_ws/src/robot_bringup', 'symlink_install': True, 'test_result_base': None}
[0.967s] INFO:colcon.colcon_core.executor:Executing jobs using 'parallel' executor
[0.968s] DEBUG:colcon.colcon_parallel_executor.executor.parallel:run_until_complete
[0.969s] INFO:colcon.colcon_ros.task.ament_python.build:Building ROS package in '/home/robousr/Desktop/Robotica_Semestre-2026-1/Proyecto_Final_ws/src/robot1_control' with build type 'ament_python'
[0.969s] Level 1:colcon.colcon_core.shell:create_environment_hook('robot1_control', 'ament_prefix_path')
[0.979s] INFO:colcon.colcon_core.plugin_system:Skipping extension 'colcon_core.shell.bat': Not used on non-Windows systems
[0.979s] INFO:colcon.colcon_core.shell:Creating environment hook '/home/robousr/Desktop/Robotica_Semestre-2026-1/Proyecto_Final_ws/install/robot1_control/share/robot1_control/hook/ament_prefix_path.ps1'
[0.982s] INFO:colcon.colcon_core.shell:Creating environment descriptor '/home/robousr/Desktop/Robotica_Semestre-2026-1/Proyecto_Final_ws/install/robot1_control/share/robot1_control/hook/ament_prefix_path.dsv'
[0.983s] INFO:colcon.colcon_core.shell:Creating environment hook '/home/robousr/Desktop/Robotica_Semestre-2026-1/Proyecto_Final_ws/install/robot1_control/share/robot1_control/hook/ament_prefix_path.sh'
[0.985s] INFO:colcon.colcon_core.shell:Skip shell extension 'powershell' for command environment: Not usable outside of PowerShell
[0.985s] DEBUG:colcon.colcon_core.shell:Skip shell extension 'dsv' for command environment
[0.989s] INFO:colcon.colcon_ros.task.ament_python.build:Building ROS package in '/home/robousr/Desktop/Robotica_Semestre-2026-1/Proyecto_Final_ws/src/robot1_description' with build type 'ament_python'
[0.989s] Level 1:colcon.colcon_core.shell:create_environment_hook('robot1_description', 'ament_prefix_path')
[0.989s] INFO:colcon.colcon_core.shell:Creating environment hook '/home/robousr/Desktop/Robotica_Semestre-2026-1/Proyecto_Final_ws/install/robot1_description/share/robot1_description/hook/ament_prefix_path.ps1'
[0.990s] INFO:colcon.colcon_core.shell:Creating environment descriptor '/home/robousr/Desktop/Robotica_Semestre-2026-1/Proyecto_Final_ws/install/robot1_description/share/robot1_description/hook/ament_prefix_path.dsv'
[0.990s] INFO:colcon.colcon_core.shell:Creating environment hook '/home/robousr/Desktop/Robotica_Semestre-2026-1/Proyecto_Final_ws/install/robot1_description/share/robot1_description/hook/ament_prefix_path.sh'
[0.990s] INFO:colcon.colcon_core.shell:Skip shell extension 'powershell' for command environment: Not usable outside of PowerShell
[0.990s] DEBUG:colcon.colcon_core.shell:Skip shell extension 'dsv' for command environment
[0.993s] INFO:colcon.colcon_ros.task.ament_python.build:Building ROS package in '/home/robousr/Desktop/Robotica_Semestre-2026-1/Proyecto_Final_ws/src/robot2_control' with build type 'ament_python'
[0.994s] Level 1:colcon.colcon_core.shell:create_environment_hook('robot2_control', 'ament_prefix_path')
[0.994s] INFO:colcon.colcon_core.shell:Creating environment hook '/home/robousr/Desktop/Robotica_Semestre-2026-1/Proyecto_Final_ws/install/robot2_control/share/robot2_control/hook/ament_prefix_path.ps1'
[0.994s] INFO:colcon.colcon_core.shell:Creating environment descriptor '/home/robousr/Desktop/Robotica_Semestre-2026-1/Proyecto_Final_ws/install/robot2_control/share/robot2_control/hook/ament_prefix_path.dsv'
[0.995s] INFO:colcon.colcon_core.shell:Creating environment hook '/home/robousr/Desktop/Robotica_Semestre-2026-1/Proyecto_Final_ws/install/robot2_control/share/robot2_control/hook/ament_prefix_path.sh'
[0.995s] INFO:colcon.colcon_core.shell:Skip shell extension 'powershell' for command environment: Not usable outside of PowerShell
[0.995s] DEBUG:colcon.colcon_core.shell:Skip shell extension 'dsv' for command environment
[1.000s] INFO:colcon.colcon_ros.task.ament_python.build:Building ROS package in '/home/robousr/Desktop/Robotica_Semestre-2026-1/Proyecto_Final_ws/src/robot2_description' with build type 'ament_python'
[1.000s] Level 1:colcon.colcon_core.shell:create_environment_hook('robot2_description', 'ament_prefix_path')
[1.000s] INFO:colcon.colcon_core.shell:Creating environment hook '/home/robousr/Desktop/Robotica_Semestre-2026-1/Proyecto_Final_ws/install/robot2_description/share/robot2_description/hook/ament_prefix_path.ps1'
[1.001s] INFO:colcon.colcon_core.shell:Creating environment descriptor '/home/robousr/Desktop/Robotica_Semestre-2026-1/Proyecto_Final_ws/install/robot2_description/share/robot2_description/hook/ament_prefix_path.dsv'
[1.001s] INFO:colcon.colcon_core.shell:Creating environment hook '/home/robousr/Desktop/Robotica_Semestre-2026-1/Proyecto_Final_ws/install/robot2_description/share/robot2_description/hook/ament_prefix_path.sh'
[1.002s] INFO:colcon.colcon_core.shell:Skip shell extension 'powershell' for command environment: Not usable outside of PowerShell
[1.002s] DEBUG:colcon.colcon_core.shell:Skip shell extension 'dsv' for command environment
[1.239s] INFO:colcon.colcon_core.task.python.build:Building Python package in '/home/robousr/Desktop/Robotica_Semestre-2026-1/Proyecto_Final_ws/src/robot1_control'
[1.240s] INFO:colcon.colcon_core.shell:Skip shell extension 'powershell' for command environment: Not usable outside of PowerShell
[1.240s] DEBUG:colcon.colcon_core.shell:Skip shell extension 'dsv' for command environment
[1.449s] INFO:colcon.colcon_core.task.python.build:Building Python package in '/home/robousr/Desktop/Robotica_Semestre-2026-1/Proyecto_Final_ws/src/robot1_description'
[1.449s] INFO:colcon.colcon_core.shell:Skip shell extension 'powershell' for command environment: Not usable outside of PowerShell
[1.449s] DEBUG:colcon.colcon_core.shell:Skip shell extension 'dsv' for command environment
[1.668s] INFO:colcon.colcon_core.task.python.build:Building Python package in '/home/robousr/Desktop/Robotica_Semestre-2026-1/Proyecto_Final_ws/src/robot2_control'
[1.669s] INFO:colcon.colcon_core.shell:Skip shell extension 'powershell' for command environment: Not usable outside of PowerShell
[1.669s] DEBUG:colcon.colcon_core.shell:Skip shell extension 'dsv' for command environment
[1.889s] INFO:colcon.colcon_core.task.python.build:Building Python package in '/home/robousr/Desktop/Robotica_Semestre-2026-1/Proyecto_Final_ws/src/robot2_description'
[1.890s] INFO:colcon.colcon_core.shell:Skip shell extension 'powershell' for command environment: Not usable outside of PowerShell
[1.890s] DEBUG:colcon.colcon_core.shell:Skip shell extension 'dsv' for command environment
[2.667s] DEBUG:colcon.colcon_core.event_handler.log_command:Invoking command in '/home/robousr/Desktop/Robotica_Semestre-2026-1/Proyecto_Final_ws/build/robot2_description': PYTHONPATH=/home/robousr/Desktop/Robotica_Semestre-2026-1/Proyecto_Final_ws/build/robot2_description/prefix_override:/usr/lib/python3/dist-packages/colcon_core/task/python/colcon_distutils_commands:/home/robousr/Desktop/Robotica_Semestre-2026-1/Proyecto_Final_ws/install/robot2_description/lib/python3.10/site-packages:${PYTHONPATH} /usr/bin/python3 -W ignore:setup.py install is deprecated -W ignore:easy_install command is deprecated setup.py develop --editable --build-directory /home/robousr/Desktop/Robotica_Semestre-2026-1/Proyecto_Final_ws/build/robot2_description/build --no-deps symlink_data
[2.693s] DEBUG:colcon.colcon_core.event_handler.log_command:Invoking command in '/home/robousr/Desktop/Robotica_Semestre-2026-1/Proyecto_Final_ws/build/robot1_control': PYTHONPATH=/home/robousr/Desktop/Robotica_Semestre-2026-1/Proyecto_Final_ws/build/robot1_control/prefix_override:/usr/lib/python3/dist-packages/colcon_core/task/python/colcon_distutils_commands:/home/robousr/Desktop/Robotica_Semestre-2026-1/Proyecto_Final_ws/install/robot1_control/lib/python3.10/site-packages:${PYTHONPATH} /usr/bin/python3 -W ignore:setup.py install is deprecated -W ignore:easy_install command is deprecated setup.py develop --editable --build-directory /home/robousr/Desktop/Robotica_Semestre-2026-1/Proyecto_Final_ws/build/robot1_control/build --no-deps symlink_data
[2.712s] DEBUG:colcon.colcon_core.event_handler.log_command:Invoking command in '/home/robousr/Desktop/Robotica_Semestre-2026-1/Proyecto_Final_ws/build/robot1_description': PYTHONPATH=/home/robousr/Desktop/Robotica_Semestre-2026-1/Proyecto_Final_ws/build/robot1_description/prefix_override:/usr/lib/python3/dist-packages/colcon_core/task/python/colcon_distutils_commands:/home/robousr/Desktop/Robotica_Semestre-2026-1/Proyecto_Final_ws/install/robot1_description/lib/python3.10/site-packages:${PYTHONPATH} /usr/bin/python3 -W ignore:setup.py install is deprecated -W ignore:easy_install command is deprecated setup.py develop --editable --build-directory /home/robousr/Desktop/Robotica_Semestre-2026-1/Proyecto_Final_ws/build/robot1_description/build --no-deps symlink_data
[2.729s] DEBUG:colcon.colcon_core.event_handler.log_command:Invoking command in '/home/robousr/Desktop/Robotica_Semestre-2026-1/Proyecto_Final_ws/build/robot2_control': PYTHONPATH=/home/robousr/Desktop/Robotica_Semestre-2026-1/Proyecto_Final_ws/build/robot2_control/prefix_override:/usr/lib/python3/dist-packages/colcon_core/task/python/colcon_distutils_commands:/home/robousr/Desktop/Robotica_Semestre-2026-1/Proyecto_Final_ws/install/robot2_control/lib/python3.10/site-packages:${PYTHONPATH} /usr/bin/python3 -W ignore:setup.py install is deprecated -W ignore:easy_install command is deprecated setup.py develop --editable --build-directory /home/robousr/Desktop/Robotica_Semestre-2026-1/Proyecto_Final_ws/build/robot2_control/build --no-deps symlink_data
[3.290s] Level 1:colcon.colcon_core.shell:create_environment_hook('robot2_description', 'pythonpath_develop')
[3.290s] INFO:colcon.colcon_core.shell:Creating environment hook '/home/robousr/Desktop/Robotica_Semestre-2026-1/Proyecto_Final_ws/build/robot2_description/share/robot2_description/hook/pythonpath_develop.ps1'
[3.291s] DEBUG:colcon.colcon_core.event_handler.log_command:Invoked command in '/home/robousr/Desktop/Robotica_Semestre-2026-1/Proyecto_Final_ws/build/robot2_description' returned '0': PYTHONPATH=/home/robousr/Desktop/Robotica_Semestre-2026-1/Proyecto_Final_ws/build/robot2_description/prefix_override:/usr/lib/python3/dist-packages/colcon_core/task/python/colcon_distutils_commands:/home/robousr/Desktop/Robotica_Semestre-2026-1/Proyecto_Final_ws/install/robot2_description/lib/python3.10/site-packages:${PYTHONPATH} /usr/bin/python3 -W ignore:setup.py install is deprecated -W ignore:easy_install command is deprecated setup.py develop --editable --build-directory /home/robousr/Desktop/Robotica_Semestre-2026-1/Proyecto_Final_ws/build/robot2_description/build --no-deps symlink_data
[3.291s] INFO:colcon.colcon_core.shell:Creating environment descriptor '/home/robousr/Desktop/Robotica_Semestre-2026-1/Proyecto_Final_ws/build/robot2_description/share/robot2_description/hook/pythonpath_develop.dsv'
[3.292s] INFO:colcon.colcon_core.shell:Creating environment hook '/home/robousr/Desktop/Robotica_Semestre-2026-1/Proyecto_Final_ws/build/robot2_description/share/robot2_description/hook/pythonpath_develop.sh'
[3.314s] Level 1:colcon.colcon_core.environment:checking '/home/robousr/Desktop/Robotica_Semestre-2026-1/Proyecto_Final_ws/install/robot2_description' for CMake module files
[3.315s] Level 1:colcon.colcon_core.environment:checking '/home/robousr/Desktop/Robotica_Semestre-2026-1/Proyecto_Final_ws/install/robot2_description' for CMake config files
[3.319s] Level 1:colcon.colcon_core.environment:checking '/home/robousr/Desktop/Robotica_Semestre-2026-1/Proyecto_Final_ws/install/robot2_description/lib'
[3.320s] Level 1:colcon.colcon_core.environment:checking '/home/robousr/Desktop/Robotica_Semestre-2026-1/Proyecto_Final_ws/install/robot2_description/bin'
[3.320s] Level 1:colcon.colcon_core.environment:checking '/home/robousr/Desktop/Robotica_Semestre-2026-1/Proyecto_Final_ws/install/robot2_description/lib/pkgconfig/robot2_description.pc'
[3.321s] Level 1:colcon.colcon_core.environment:checking '/home/robousr/Desktop/Robotica_Semestre-2026-1/Proyecto_Final_ws/install/robot2_description/lib/python3.10/site-packages'
[3.321s] Level 1:colcon.colcon_core.shell:create_environment_hook('robot2_description', 'pythonpath')
[3.321s] INFO:colcon.colcon_core.shell:Creating environment hook '/home/robousr/Desktop/Robotica_Semestre-2026-1/Proyecto_Final_ws/install/robot2_description/share/robot2_description/hook/pythonpath.ps1'
[3.322s] INFO:colcon.colcon_core.shell:Creating environment descriptor '/home/robousr/Desktop/Robotica_Semestre-2026-1/Proyecto_Final_ws/install/robot2_description/share/robot2_description/hook/pythonpath.dsv'
[3.325s] INFO:colcon.colcon_core.shell:Creating environment hook '/home/robousr/Desktop/Robotica_Semestre-2026-1/Proyecto_Final_ws/install/robot2_description/share/robot2_description/hook/pythonpath.sh'
[3.325s] Level 1:colcon.colcon_core.environment:checking '/home/robousr/Desktop/Robotica_Semestre-2026-1/Proyecto_Final_ws/install/robot2_description/bin'
[3.325s] Level 1:colcon.colcon_core.environment:create_environment_scripts_only(robot2_description)
[3.326s] INFO:colcon.colcon_core.shell:Creating package script '/home/robousr/Desktop/Robotica_Semestre-2026-1/Proyecto_Final_ws/install/robot2_description/share/robot2_description/package.ps1'
[3.327s] INFO:colcon.colcon_core.shell:Creating package descriptor '/home/robousr/Desktop/Robotica_Semestre-2026-1/Proyecto_Final_ws/install/robot2_description/share/robot2_description/package.dsv'
[3.328s] INFO:colcon.colcon_core.shell:Creating package script '/home/robousr/Desktop/Robotica_Semestre-2026-1/Proyecto_Final_ws/install/robot2_description/share/robot2_description/package.sh'
[3.335s] INFO:colcon.colcon_core.shell:Creating package script '/home/robousr/Desktop/Robotica_Semestre-2026-1/Proyecto_Final_ws/install/robot2_description/share/robot2_description/package.bash'
[3.340s] INFO:colcon.colcon_core.shell:Creating package script '/home/robousr/Desktop/Robotica_Semestre-2026-1/Proyecto_Final_ws/install/robot2_description/share/robot2_description/package.zsh'
[3.343s] Level 1:colcon.colcon_core.environment:create_file_with_runtime_dependencies(/home/robousr/Desktop/Robotica_Semestre-2026-1/Proyecto_Final_ws/install/robot2_description/share/colcon-core/packages/robot2_description)
[3.343s] INFO:colcon.colcon_ros.task.ament_python.build:Building ROS package in '/home/robousr/Desktop/Robotica_Semestre-2026-1/Proyecto_Final_ws/src/robot_bringup' with build type 'ament_python'
[3.343s] Level 1:colcon.colcon_core.shell:create_environment_hook('robot_bringup', 'ament_prefix_path')
[3.344s] INFO:colcon.colcon_core.shell:Creating environment hook '/home/robousr/Desktop/Robotica_Semestre-2026-1/Proyecto_Final_ws/install/robot_bringup/share/robot_bringup/hook/ament_prefix_path.ps1'
[3.344s] INFO:colcon.colcon_core.shell:Creating environment descriptor '/home/robousr/Desktop/Robotica_Semestre-2026-1/Proyecto_Final_ws/install/robot_bringup/share/robot_bringup/hook/ament_prefix_path.dsv'
[3.344s] INFO:colcon.colcon_core.shell:Creating environment hook '/home/robousr/Desktop/Robotica_Semestre-2026-1/Proyecto_Final_ws/install/robot_bringup/share/robot_bringup/hook/ament_prefix_path.sh'
[3.345s] INFO:colcon.colcon_core.shell:Skip shell extension 'powershell' for command environment: Not usable outside of PowerShell
[3.345s] DEBUG:colcon.colcon_core.shell:Skip shell extension 'dsv' for command environment
[3.679s] INFO:colcon.colcon_core.task.python.build:Building Python package in '/home/robousr/Desktop/Robotica_Semestre-2026-1/Proyecto_Final_ws/src/robot_bringup'
[3.679s] INFO:colcon.colcon_core.shell:Skip shell extension 'powershell' for command environment: Not usable outside of PowerShell
[3.679s] DEBUG:colcon.colcon_core.shell:Skip shell extension 'dsv' for command environment
[3.685s] Level 1:colcon.colcon_core.shell:create_environment_hook('robot1_description', 'pythonpath_develop')
[3.686s] INFO:colcon.colcon_core.shell:Creating environment hook '/home/robousr/Desktop/Robotica_Semestre-2026-1/Proyecto_Final_ws/build/robot1_description/share/robot1_description/hook/pythonpath_develop.ps1'
[3.687s] DEBUG:colcon.colcon_core.event_handler.log_command:Invoked command in '/home/robousr/Desktop/Robotica_Semestre-2026-1/Proyecto_Final_ws/build/robot1_description' returned '0': PYTHONPATH=/home/robousr/Desktop/Robotica_Semestre-2026-1/Proyecto_Final_ws/build/robot1_description/prefix_override:/usr/lib/python3/dist-packages/colcon_core/task/python/colcon_distutils_commands:/home/robousr/Desktop/Robotica_Semestre-2026-1/Proyecto_Final_ws/install/robot1_description/lib/python3.10/site-packages:${PYTHONPATH} /usr/bin/python3 -W ignore:setup.py install is deprecated -W ignore:easy_install command is deprecated setup.py develop --editable --build-directory /home/robousr/Desktop/Robotica_Semestre-2026-1/Proyecto_Final_ws/build/robot1_description/build --no-deps symlink_data
[3.687s] INFO:colcon.colcon_core.shell:Creating environment descriptor '/home/robousr/Desktop/Robotica_Semestre-2026-1/Proyecto_Final_ws/build/robot1_description/share/robot1_description/hook/pythonpath_develop.dsv'
[3.687s] INFO:colcon.colcon_core.shell:Creating environment hook '/home/robousr/Desktop/Robotica_Semestre-2026-1/Proyecto_Final_ws/build/robot1_description/share/robot1_description/hook/pythonpath_develop.sh'
[3.688s] Level 1:colcon.colcon_core.environment:checking '/home/robousr/Desktop/Robotica_Semestre-2026-1/Proyecto_Final_ws/install/robot1_description' for CMake module files
[3.689s] Level 1:colcon.colcon_core.environment:checking '/home/robousr/Desktop/Robotica_Semestre-2026-1/Proyecto_Final_ws/install/robot1_description' for CMake config files
[3.689s] Level 1:colcon.colcon_core.environment:checking '/home/robousr/Desktop/Robotica_Semestre-2026-1/Proyecto_Final_ws/install/robot1_description/lib'
[3.690s] Level 1:colcon.colcon_core.environment:checking '/home/robousr/Desktop/Robotica_Semestre-2026-1/Proyecto_Final_ws/install/robot1_description/bin'
[3.690s] Level 1:colcon.colcon_core.environment:checking '/home/robousr/Desktop/Robotica_Semestre-2026-1/Proyecto_Final_ws/install/robot1_description/lib/pkgconfig/robot1_description.pc'
[3.690s] Level 1:colcon.colcon_core.environment:checking '/home/robousr/Desktop/Robotica_Semestre-2026-1/Proyecto_Final_ws/install/robot1_description/lib/python3.10/site-packages'
[3.690s] Level 1:colcon.colcon_core.shell:create_environment_hook('robot1_description', 'pythonpath')
[3.690s] INFO:colcon.colcon_core.shell:Creating environment hook '/home/robousr/Desktop/Robotica_Semestre-2026-1/Proyecto_Final_ws/install/robot1_description/share/robot1_description/hook/pythonpath.ps1'
[3.690s] INFO:colcon.colcon_core.shell:Creating environment descriptor '/home/robousr/Desktop/Robotica_Semestre-2026-1/Proyecto_Final_ws/install/robot1_description/share/robot1_description/hook/pythonpath.dsv'
[3.691s] INFO:colcon.colcon_core.shell:Creating environment hook '/home/robousr/Desktop/Robotica_Semestre-2026-1/Proyecto_Final_ws/install/robot1_description/share/robot1_description/hook/pythonpath.sh'
[3.692s] Level 1:colcon.colcon_core.environment:checking '/home/robousr/Desktop/Robotica_Semestre-2026-1/Proyecto_Final_ws/install/robot1_description/bin'
[3.692s] Level 1:colcon.colcon_core.environment:create_environment_scripts_only(robot1_description)
[3.692s] INFO:colcon.colcon_core.shell:Creating package script '/home/robousr/Desktop/Robotica_Semestre-2026-1/Proyecto_Final_ws/install/robot1_description/share/robot1_description/package.ps1'
[3.692s] INFO:colcon.colcon_core.shell:Creating package descriptor '/home/robousr/Desktop/Robotica_Semestre-2026-1/Proyecto_Final_ws/install/robot1_description/share/robot1_description/package.dsv'
[3.693s] INFO:colcon.colcon_core.shell:Creating package script '/home/robousr/Desktop/Robotica_Semestre-2026-1/Proyecto_Final_ws/install/robot1_description/share/robot1_description/package.sh'
[3.693s] INFO:colcon.colcon_core.shell:Creating package script '/home/robousr/Desktop/Robotica_Semestre-2026-1/Proyecto_Final_ws/install/robot1_description/share/robot1_description/package.bash'
[3.693s] INFO:colcon.colcon_core.shell:Creating package script '/home/robousr/Desktop/Robotica_Semestre-2026-1/Proyecto_Final_ws/install/robot1_description/share/robot1_description/package.zsh'
[3.693s] Level 1:colcon.colcon_core.environment:create_file_with_runtime_dependencies(/home/robousr/Desktop/Robotica_Semestre-2026-1/Proyecto_Final_ws/install/robot1_description/share/colcon-core/packages/robot1_description)
[3.694s] Level 1:colcon.colcon_core.shell:create_environment_hook('robot1_control', 'pythonpath_develop')
[3.695s] INFO:colcon.colcon_core.shell:Creating environment hook '/home/robousr/Desktop/Robotica_Semestre-2026-1/Proyecto_Final_ws/build/robot1_control/share/robot1_control/hook/pythonpath_develop.ps1'
[3.695s] DEBUG:colcon.colcon_core.event_handler.log_command:Invoked command in '/home/robousr/Desktop/Robotica_Semestre-2026-1/Proyecto_Final_ws/build/robot1_control' returned '0': PYTHONPATH=/home/robousr/Desktop/Robotica_Semestre-2026-1/Proyecto_Final_ws/build/robot1_control/prefix_override:/usr/lib/python3/dist-packages/colcon_core/task/python/colcon_distutils_commands:/home/robousr/Desktop/Robotica_Semestre-2026-1/Proyecto_Final_ws/install/robot1_control/lib/python3.10/site-packages:${PYTHONPATH} /usr/bin/python3 -W ignore:setup.py install is deprecated -W ignore:easy_install command is deprecated setup.py develop --editable --build-directory /home/robousr/Desktop/Robotica_Semestre-2026-1/Proyecto_Final_ws/build/robot1_control/build --no-deps symlink_data
[3.696s] INFO:colcon.colcon_core.shell:Creating environment descriptor '/home/robousr/Desktop/Robotica_Semestre-2026-1/Proyecto_Final_ws/build/robot1_control/share/robot1_control/hook/pythonpath_develop.dsv'
[3.696s] INFO:colcon.colcon_core.shell:Creating environment hook '/home/robousr/Desktop/Robotica_Semestre-2026-1/Proyecto_Final_ws/build/robot1_control/share/robot1_control/hook/pythonpath_develop.sh'
[3.697s] Level 1:colcon.colcon_core.environment:checking '/home/robousr/Desktop/Robotica_Semestre-2026-1/Proyecto_Final_ws/install/robot1_control' for CMake module files
[3.697s] Level 1:colcon.colcon_core.environment:checking '/home/robousr/Desktop/Robotica_Semestre-2026-1/Proyecto_Final_ws/install/robot1_control' for CMake config files
[3.698s] Level 1:colcon.colcon_core.environment:checking '/home/robousr/Desktop/Robotica_Semestre-2026-1/Proyecto_Final_ws/install/robot1_control/lib'
[3.699s] Level 1:colcon.colcon_core.environment:checking '/home/robousr/Desktop/Robotica_Semestre-2026-1/Proyecto_Final_ws/install/robot1_control/bin'
[3.699s] Level 1:colcon.colcon_core.environment:checking '/home/robousr/Desktop/Robotica_Semestre-2026-1/Proyecto_Final_ws/install/robot1_control/lib/pkgconfig/robot1_control.pc'
[3.699s] Level 1:colcon.colcon_core.environment:checking '/home/robousr/Desktop/Robotica_Semestre-2026-1/Proyecto_Final_ws/install/robot1_control/lib/python3.10/site-packages'
[3.699s] Level 1:colcon.colcon_core.shell:create_environment_hook('robot1_control', 'pythonpath')
[3.699s] INFO:colcon.colcon_core.shell:Creating environment hook '/home/robousr/Desktop/Robotica_Semestre-2026-1/Proyecto_Final_ws/install/robot1_control/share/robot1_control/hook/pythonpath.ps1'
[3.701s] INFO:colcon.colcon_core.shell:Creating environment descriptor '/home/robousr/Desktop/Robotica_Semestre-2026-1/Proyecto_Final_ws/install/robot1_control/share/robot1_control/hook/pythonpath.dsv'
[3.701s] INFO:colcon.colcon_core.shell:Creating environment hook '/home/robousr/Desktop/Robotica_Semestre-2026-1/Proyecto_Final_ws/install/robot1_control/share/robot1_control/hook/pythonpath.sh'
[3.702s] Level 1:colcon.colcon_core.environment:checking '/home/robousr/Desktop/Robotica_Semestre-2026-1/Proyecto_Final_ws/install/robot1_control/bin'
[3.703s] Level 1:colcon.colcon_core.environment:create_environment_scripts_only(robot1_control)
[3.703s] INFO:colcon.colcon_core.shell:Creating package script '/home/robousr/Desktop/Robotica_Semestre-2026-1/Proyecto_Final_ws/install/robot1_control/share/robot1_control/package.ps1'
[3.703s] INFO:colcon.colcon_core.shell:Creating package descriptor '/home/robousr/Desktop/Robotica_Semestre-2026-1/Proyecto_Final_ws/install/robot1_control/share/robot1_control/package.dsv'
[3.704s] INFO:colcon.colcon_core.shell:Creating package script '/home/robousr/Desktop/Robotica_Semestre-2026-1/Proyecto_Final_ws/install/robot1_control/share/robot1_control/package.sh'
[3.704s] INFO:colcon.colcon_core.shell:Creating package script '/home/robousr/Desktop/Robotica_Semestre-2026-1/Proyecto_Final_ws/install/robot1_control/share/robot1_control/package.bash'
[3.705s] INFO:colcon.colcon_core.shell:Creating package script '/home/robousr/Desktop/Robotica_Semestre-2026-1/Proyecto_Final_ws/install/robot1_control/share/robot1_control/package.zsh'
[3.705s] Level 1:colcon.colcon_core.environment:create_file_with_runtime_dependencies(/home/robousr/Desktop/Robotica_Semestre-2026-1/Proyecto_Final_ws/install/robot1_control/share/colcon-core/packages/robot1_control)
[3.705s] Level 1:colcon.colcon_core.shell:create_environment_hook('robot2_control', 'pythonpath_develop')
[3.706s] INFO:colcon.colcon_core.shell:Creating environment hook '/home/robousr/Desktop/Robotica_Semestre-2026-1/Proyecto_Final_ws/build/robot2_control/share/robot2_control/hook/pythonpath_develop.ps1'
[3.707s] DEBUG:colcon.colcon_core.event_handler.log_command:Invoked command in '/home/robousr/Desktop/Robotica_Semestre-2026-1/Proyecto_Final_ws/build/robot2_control' returned '0': PYTHONPATH=/home/robousr/Desktop/Robotica_Semestre-2026-1/Proyecto_Final_ws/build/robot2_control/prefix_override:/usr/lib/python3/dist-packages/colcon_core/task/python/colcon_distutils_commands:/home/robousr/Desktop/Robotica_Semestre-2026-1/Proyecto_Final_ws/install/robot2_control/lib/python3.10/site-packages:${PYTHONPATH} /usr/bin/python3 -W ignore:setup.py install is deprecated -W ignore:easy_install command is deprecated setup.py develop --editable --build-directory /home/robousr/Desktop/Robotica_Semestre-2026-1/Proyecto_Final_ws/build/robot2_control/build --no-deps symlink_data
[3.707s] INFO:colcon.colcon_core.shell:Creating environment descriptor '/home/robousr/Desktop/Robotica_Semestre-2026-1/Proyecto_Final_ws/build/robot2_control/share/robot2_control/hook/pythonpath_develop.dsv'
[3.707s] INFO:colcon.colcon_core.shell:Creating environment hook '/home/robousr/Desktop/Robotica_Semestre-2026-1/Proyecto_Final_ws/build/robot2_control/share/robot2_control/hook/pythonpath_develop.sh'
[3.708s] Level 1:colcon.colcon_core.environment:checking '/home/robousr/Desktop/Robotica_Semestre-2026-1/Proyecto_Final_ws/install/robot2_control' for CMake module files
[3.708s] Level 1:colcon.colcon_core.environment:checking '/home/robousr/Desktop/Robotica_Semestre-2026-1/Proyecto_Final_ws/install/robot2_control' for CMake config files
[3.709s] Level 1:colcon.colcon_core.environment:checking '/home/robousr/Desktop/Robotica_Semestre-2026-1/Proyecto_Final_ws/install/robot2_control/lib'
[3.709s] Level 1:colcon.colcon_core.environment:checking '/home/robousr/Desktop/Robotica_Semestre-2026-1/Proyecto_Final_ws/install/robot2_control/bin'
[3.709s] Level 1:colcon.colcon_core.environment:checking '/home/robousr/Desktop/Robotica_Semestre-2026-1/Proyecto_Final_ws/install/robot2_control/lib/pkgconfig/robot2_control.pc'
[3.709s] Level 1:colcon.colcon_core.environment:checking '/home/robousr/Desktop/Robotica_Semestre-2026-1/Proyecto_Final_ws/install/robot2_control/lib/python3.10/site-packages'
[3.709s] Level 1:colcon.colcon_core.shell:create_environment_hook('robot2_control', 'pythonpath')
[3.709s] INFO:colcon.colcon_core.shell:Creating environment hook '/home/robousr/Desktop/Robotica_Semestre-2026-1/Proyecto_Final_ws/install/robot2_control/share/robot2_control/hook/pythonpath.ps1'
[3.710s] INFO:colcon.colcon_core.shell:Creating environment descriptor '/home/robousr/Desktop/Robotica_Semestre-2026-1/Proyecto_Final_ws/install/robot2_control/share/robot2_control/hook/pythonpath.dsv'
[3.710s] INFO:colcon.colcon_core.shell:Creating environment hook '/home/robousr/Desktop/Robotica_Semestre-2026-1/Proyecto_Final_ws/install/robot2_control/share/robot2_control/hook/pythonpath.sh'
[3.710s] Level 1:colcon.colcon_core.environment:checking '/home/robousr/Desktop/Robotica_Semestre-2026-1/Proyecto_Final_ws/install/robot2_control/bin'
[3.710s] Level 1:colcon.colcon_core.environment:create_environment_scripts_only(robot2_control)
[3.711s] INFO:colcon.colcon_core.shell:Creating package script '/home/robousr/Desktop/Robotica_Semestre-2026-1/Proyecto_Final_ws/install/robot2_control/share/robot2_control/package.ps1'
[3.711s] INFO:colcon.colcon_core.shell:Creating package descriptor '/home/robousr/Desktop/Robotica_Semestre-2026-1/Proyecto_Final_ws/install/robot2_control/share/robot2_control/package.dsv'
[3.712s] INFO:colcon.colcon_core.shell:Creating package script '/home/robousr/Desktop/Robotica_Semestre-2026-1/Proyecto_Final_ws/install/robot2_control/share/robot2_control/package.sh'
[3.712s] INFO:colcon.colcon_core.shell:Creating package script '/home/robousr/Desktop/Robotica_Semestre-2026-1/Proyecto_Final_ws/install/robot2_control/share/robot2_control/package.bash'
[3.712s] INFO:colcon.colcon_core.shell:Creating package script '/home/robousr/Desktop/Robotica_Semestre-2026-1/Proyecto_Final_ws/install/robot2_control/share/robot2_control/package.zsh'
[3.712s] Level 1:colcon.colcon_core.environment:create_file_with_runtime_dependencies(/home/robousr/Desktop/Robotica_Semestre-2026-1/Proyecto_Final_ws/install/robot2_control/share/colcon-core/packages/robot2_control)
[4.025s] DEBUG:colcon.colcon_core.event_handler.log_command:Invoking command in '/home/robousr/Desktop/Robotica_Semestre-2026-1/Proyecto_Final_ws/build/robot_bringup': PYTHONPATH=/home/robousr/Desktop/Robotica_Semestre-2026-1/Proyecto_Final_ws/build/robot_bringup/prefix_override:/usr/lib/python3/dist-packages/colcon_core/task/python/colcon_distutils_commands:/home/robousr/Desktop/Robotica_Semestre-2026-1/Proyecto_Final_ws/install/robot_bringup/lib/python3.10/site-packages:${PYTHONPATH} /usr/bin/python3 -W ignore:setup.py install is deprecated -W ignore:easy_install command is deprecated setup.py develop --editable --build-directory /home/robousr/Desktop/Robotica_Semestre-2026-1/Proyecto_Final_ws/build/robot_bringup/build --no-deps symlink_data
[4.383s] Level 1:colcon.colcon_core.shell:create_environment_hook('robot_bringup', 'pythonpath_develop')
[4.383s] DEBUG:colcon.colcon_core.event_handler.log_command:Invoked command in '/home/robousr/Desktop/Robotica_Semestre-2026-1/Proyecto_Final_ws/build/robot_bringup' returned '0': PYTHONPATH=/home/robousr/Desktop/Robotica_Semestre-2026-1/Proyecto_Final_ws/build/robot_bringup/prefix_override:/usr/lib/python3/dist-packages/colcon_core/task/python/colcon_distutils_commands:/home/robousr/Desktop/Robotica_Semestre-2026-1/Proyecto_Final_ws/install/robot_bringup/lib/python3.10/site-packages:${PYTHONPATH} /usr/bin/python3 -W ignore:setup.py install is deprecated -W ignore:easy_install command is deprecated setup.py develop --editable --build-directory /home/robousr/Desktop/Robotica_Semestre-2026-1/Proyecto_Final_ws/build/robot_bringup/build --no-deps symlink_data
[4.384s] INFO:colcon.colcon_core.shell:Creating environment hook '/home/robousr/Desktop/Robotica_Semestre-2026-1/Proyecto_Final_ws/build/robot_bringup/share/robot_bringup/hook/pythonpath_develop.ps1'
[4.384s] INFO:colcon.colcon_core.shell:Creating environment descriptor '/home/robousr/Desktop/Robotica_Semestre-2026-1/Proyecto_Final_ws/build/robot_bringup/share/robot_bringup/hook/pythonpath_develop.dsv'
[4.385s] INFO:colcon.colcon_core.shell:Creating environment hook '/home/robousr/Desktop/Robotica_Semestre-2026-1/Proyecto_Final_ws/build/robot_bringup/share/robot_bringup/hook/pythonpath_develop.sh'
[4.386s] Level 1:colcon.colcon_core.environment:checking '/home/robousr/Desktop/Robotica_Semestre-2026-1/Proyecto_Final_ws/install/robot_bringup' for CMake module files
[4.386s] Level 1:colcon.colcon_core.environment:checking '/home/robousr/Desktop/Robotica_Semestre-2026-1/Proyecto_Final_ws/install/robot_bringup' for CMake config files
[4.387s] Level 1:colcon.colcon_core.environment:checking '/home/robousr/Desktop/Robotica_Semestre-2026-1/Proyecto_Final_ws/install/robot_bringup/lib'
[4.387s] Level 1:colcon.colcon_core.environment:checking '/home/robousr/Desktop/Robotica_Semestre-2026-1/Proyecto_Final_ws/install/robot_bringup/bin'
[4.387s] Level 1:colcon.colcon_core.environment:checking '/home/robousr/Desktop/Robotica_Semestre-2026-1/Proyecto_Final_ws/install/robot_bringup/lib/pkgconfig/robot_bringup.pc'
[4.387s] Level 1:colcon.colcon_core.environment:checking '/home/robousr/Desktop/Robotica_Semestre-2026-1/Proyecto_Final_ws/install/robot_bringup/lib/python3.10/site-packages'
[4.387s] Level 1:colcon.colcon_core.shell:create_environment_hook('robot_bringup', 'pythonpath')
[4.387s] INFO:colcon.colcon_core.shell:Creating environment hook '/home/robousr/Desktop/Robotica_Semestre-2026-1/Proyecto_Final_ws/install/robot_bringup/share/robot_bringup/hook/pythonpath.ps1'
[4.388s] INFO:colcon.colcon_core.shell:Creating environment descriptor '/home/robousr/Desktop/Robotica_Semestre-2026-1/Proyecto_Final_ws/install/robot_bringup/share/robot_bringup/hook/pythonpath.dsv'
[4.388s] INFO:colcon.colcon_core.shell:Creating environment hook '/home/robousr/Desktop/Robotica_Semestre-2026-1/Proyecto_Final_ws/install/robot_bringup/share/robot_bringup/hook/pythonpath.sh'
[4.388s] Level 1:colcon.colcon_core.environment:checking '/home/robousr/Desktop/Robotica_Semestre-2026-1/Proyecto_Final_ws/install/robot_bringup/bin'
[4.388s] Level 1:colcon.colcon_core.environment:create_environment_scripts_only(robot_bringup)
[4.388s] INFO:colcon.colcon_core.shell:Creating package script '/home/robousr/Desktop/Robotica_Semestre-2026-1/Proyecto_Final_ws/install/robot_bringup/share/robot_bringup/package.ps1'
[4.389s] INFO:colcon.colcon_core.shell:Creating package descriptor '/home/robousr/Desktop/Robotica_Semestre-2026-1/Proyecto_Final_ws/install/robot_bringup/share/robot_bringup/package.dsv'
[4.389s] INFO:colcon.colcon_core.shell:Creating package script '/home/robousr/Desktop/Robotica_Semestre-2026-1/Proyecto_Final_ws/install/robot_bringup/share/robot_bringup/package.sh'
[4.389s] INFO:colcon.colcon_core.shell:Creating package script '/home/robousr/Desktop/Robotica_Semestre-2026-1/Proyecto_Final_ws/install/robot_bringup/share/robot_bringup/package.bash'
[4.389s] INFO:colcon.colcon_core.shell:Creating package script '/home/robousr/Desktop/Robotica_Semestre-2026-1/Proyecto_Final_ws/install/robot_bringup/share/robot_bringup/package.zsh'
[4.390s] Level 1:colcon.colcon_core.environment:create_file_with_runtime_dependencies(/home/robousr/Desktop/Robotica_Semestre-2026-1/Proyecto_Final_ws/install/robot_bringup/share/colcon-core/packages/robot_bringup)
[4.390s] DEBUG:colcon.colcon_parallel_executor.executor.parallel:closing loop
[4.390s] DEBUG:colcon.colcon_parallel_executor.executor.parallel:loop closed
[4.390s] DEBUG:colcon.colcon_parallel_executor.executor.parallel:run_until_complete finished with '0'
[4.390s] DEBUG:colcon.colcon_core.event_reactor:joining thread
[4.408s] INFO:colcon.colcon_core.plugin_system:Skipping extension 'colcon_notification.desktop_notification.terminal_notifier': Not used on non-Darwin systems
[4.408s] INFO:colcon.colcon_core.plugin_system:Skipping extension 'colcon_notification.desktop_notification.win32': Not used on non-Windows systems
[4.408s] INFO:colcon.colcon_notification.desktop_notification:Sending desktop notification using 'notify2'
[4.482s] DEBUG:colcon.colcon_core.event_reactor:joined thread
[4.483s] INFO:colcon.colcon_core.shell:Creating prefix script '/home/robousr/Desktop/Robotica_Semestre-2026-1/Proyecto_Final_ws/install/local_setup.ps1'
[4.484s] INFO:colcon.colcon_core.shell:Creating prefix util module '/home/robousr/Desktop/Robotica_Semestre-2026-1/Proyecto_Final_ws/install/_local_setup_util_ps1.py'
[4.486s] INFO:colcon.colcon_core.shell:Creating prefix chain script '/home/robousr/Desktop/Robotica_Semestre-2026-1/Proyecto_Final_ws/install/setup.ps1'
[4.488s] INFO:colcon.colcon_core.shell:Creating prefix script '/home/robousr/Desktop/Robotica_Semestre-2026-1/Proyecto_Final_ws/install/local_setup.sh'
[4.490s] INFO:colcon.colcon_core.shell:Creating prefix util module '/home/robousr/Desktop/Robotica_Semestre-2026-1/Proyecto_Final_ws/install/_local_setup_util_sh.py'
[4.491s] INFO:colcon.colcon_core.shell:Creating prefix chain script '/home/robousr/Desktop/Robotica_Semestre-2026-1/Proyecto_Final_ws/install/setup.sh'
[4.493s] INFO:colcon.colcon_core.shell:Creating prefix script '/home/robousr/Desktop/Robotica_Semestre-2026-1/Proyecto_Final_ws/install/local_setup.bash'
[4.494s] INFO:colcon.colcon_core.shell:Creating prefix chain script '/home/robousr/Desktop/Robotica_Semestre-2026-1/Proyecto_Final_ws/install/setup.bash'
[4.495s] INFO:colcon.colcon_core.shell:Creating prefix script '/home/robousr/Desktop/Robotica_Semestre-2026-1/Proyecto_Final_ws/install/local_setup.zsh'
[4.496s] INFO:colcon.colcon_core.shell:Creating prefix chain script '/home/robousr/Desktop/Robotica_Semestre-2026-1/Proyecto_Final_ws/install/setup.zsh'
