[0.727s] Invoking command in '/home/robousr/Robotica-2026-1/Proyecto_Final_ws/build/robot_bringup': PYTHONPATH=/home/robousr/Robotica-2026-1/Proyecto_Final_ws/build/robot_bringup/prefix_override:/usr/lib/python3/dist-packages/colcon_core/task/python/colcon_distutils_commands:/home/robousr/Robotica-2026-1/Proyecto_Final_ws/install/robot_bringup/lib/python3.10/site-packages:${PYTHONPATH} /usr/bin/python3 -W ignore:setup.py install is deprecated -W ignore:easy_install command is deprecated setup.py develop --editable --build-directory /home/robousr/Robotica-2026-1/Proyecto_Final_ws/build/robot_bringup/build --no-deps symlink_data --force
[0.996s] running develop
[1.185s] running egg_info
[1.186s] writing robot_bringup.egg-info/PKG-INFO
[1.186s] writing dependency_links to robot_bringup.egg-info/dependency_links.txt
[1.186s] writing entry points to robot_bringup.egg-info/entry_points.txt
[1.187s] writing requirements to robot_bringup.egg-info/requires.txt
[1.187s] writing top-level names to robot_bringup.egg-info/top_level.txt
[1.189s] reading manifest file 'robot_bringup.egg-info/SOURCES.txt'
[1.190s] writing manifest file 'robot_bringup.egg-info/SOURCES.txt'
[1.192s] running build_ext
[1.192s] Creating /home/robousr/Robotica-2026-1/Proyecto_Final_ws/install/robot_bringup/lib/python3.10/site-packages/robot-bringup.egg-link (link to .)
[1.193s] 
[1.193s] Installed /home/robousr/Robotica-2026-1/Proyecto_Final_ws/build/robot_bringup
[1.193s] running symlink_data
[1.193s] symbolically linking /home/robousr/Robotica-2026-1/Proyecto_Final_ws/build/robot_bringup/resource/robot_bringup -> /home/robousr/Robotica-2026-1/Proyecto_Final_ws/install/robot_bringup/share/ament_index/resource_index/packages
[1.194s] symbolically linking /home/robousr/Robotica-2026-1/Proyecto_Final_ws/build/robot_bringup/package.xml -> /home/robousr/Robotica-2026-1/Proyecto_Final_ws/install/robot_bringup/share/robot_bringup
[1.194s] symbolically linking /home/robousr/Robotica-2026-1/Proyecto_Final_ws/build/robot_bringup/launch/robot2.launch.py -> /home/robousr/Robotica-2026-1/Proyecto_Final_ws/install/robot_bringup/share/robot_bringup/launch
[1.194s] symbolically linking /home/robousr/Robotica-2026-1/Proyecto_Final_ws/build/robot_bringup/launch/robot1.launch.py -> /home/robousr/Robotica-2026-1/Proyecto_Final_ws/install/robot_bringup/share/robot_bringup/launch
[1.233s] Invoked command in '/home/robousr/Robotica-2026-1/Proyecto_Final_ws/build/robot_bringup' returned '0': PYTHONPATH=/home/robousr/Robotica-2026-1/Proyecto_Final_ws/build/robot_bringup/prefix_override:/usr/lib/python3/dist-packages/colcon_core/task/python/colcon_distutils_commands:/home/robousr/Robotica-2026-1/Proyecto_Final_ws/install/robot_bringup/lib/python3.10/site-packages:${PYTHONPATH} /usr/bin/python3 -W ignore:setup.py install is deprecated -W ignore:easy_install command is deprecated setup.py develop --editable --build-directory /home/robousr/Robotica-2026-1/Proyecto_Final_ws/build/robot_bringup/build --no-deps symlink_data --force
