[0.105s] DEBUG:colcon:Command line arguments: ['/usr/bin/colcon', 'build']
[0.105s] DEBUG:colcon:Parsed command line arguments: Namespace(log_base=None, log_level=None, verb_name='build', build_base='build', install_base='install', merge_install=False, symlink_install=False, test_result_base=None, continue_on_error=False, executor='parallel', parallel_workers=4, event_handlers=None, ignore_user_meta=False, metas=['./colcon.meta'], base_paths=['.'], packages_ignore=None, packages_ignore_regex=None, paths=None, packages_up_to=None, packages_up_to_regex=None, packages_above=None, packages_above_and_dependencies=None, packages_above_depth=None, packages_select_by_dep=None, packages_skip_by_dep=None, packages_skip_up_to=None, packages_select_build_failed=False, packages_skip_build_finished=False, packages_select_test_failures=False, packages_skip_test_passed=False, packages_select=None, packages_skip=None, packages_select_regex=None, packages_skip_regex=None, packages_start=None, packages_end=None, allow_overriding=[], cmake_args=None, cmake_target=None, cmake_target_skip_unavailable=False, cmake_clean_cache=False, cmake_clean_first=False, cmake_force_configure=False, ament_cmake_args=None, catkin_cmake_args=None, catkin_skip_building_tests=False, mixin_files=None, mixin=None, verb_parser=<colcon_mixin.mixin.mixin_argument.MixinArgumentDecorator object at 0x701d1b46fdf0>, verb_extension=<colcon_core.verb.build.BuildVerb object at 0x701d1b46f880>, main=<bound method BuildVerb.main of <colcon_core.verb.build.BuildVerb object at 0x701d1b46f880>>, mixin_verb=('build',))
[0.291s] Level 1:colcon.colcon_core.package_discovery:discover_packages(colcon_meta) check parameters
[0.291s] Level 1:colcon.colcon_core.package_discovery:discover_packages(recursive) check parameters
[0.291s] Level 1:colcon.colcon_core.package_discovery:discover_packages(ignore) check parameters
[0.291s] Level 1:colcon.colcon_core.package_discovery:discover_packages(path) check parameters
[0.291s] Level 1:colcon.colcon_core.package_discovery:discover_packages(colcon_meta) discover
[0.291s] Level 1:colcon.colcon_core.package_discovery:discover_packages(recursive) discover
[0.291s] INFO:colcon.colcon_core.package_discovery:Crawling recursively for packages in '/home/robousr/Robotica-2026-1/Proyecto_Final_ws'
[0.291s] Level 1:colcon.colcon_core.package_identification:_identify(.) by extensions ['ignore', 'ignore_ament_install']
[0.291s] Level 1:colcon.colcon_core.package_identification:_identify(.) by extension 'ignore'
[0.291s] Level 1:colcon.colcon_core.package_identification:_identify(.) by extension 'ignore_ament_install'
[0.291s] Level 1:colcon.colcon_core.package_identification:_identify(.) by extensions ['colcon_pkg']
[0.291s] Level 1:colcon.colcon_core.package_identification:_identify(.) by extension 'colcon_pkg'
[0.291s] Level 1:colcon.colcon_core.package_identification:_identify(.) by extensions ['colcon_meta']
[0.291s] Level 1:colcon.colcon_core.package_identification:_identify(.) by extension 'colcon_meta'
[0.292s] Level 1:colcon.colcon_core.package_identification:_identify(.) by extensions ['ros']
[0.292s] Level 1:colcon.colcon_core.package_identification:_identify(.) by extension 'ros'
[0.324s] Level 1:colcon.colcon_core.package_identification:_identify(.) by extensions ['cmake', 'python']
[0.324s] Level 1:colcon.colcon_core.package_identification:_identify(.) by extension 'cmake'
[0.324s] Level 1:colcon.colcon_core.package_identification:_identify(.) by extension 'python'
[0.324s] Level 1:colcon.colcon_core.package_identification:_identify(.) by extensions ['python_setup_py']
[0.324s] Level 1:colcon.colcon_core.package_identification:_identify(.) by extension 'python_setup_py'
[0.325s] Level 1:colcon.colcon_core.package_identification:_identify(build) by extensions ['ignore', 'ignore_ament_install']
[0.325s] Level 1:colcon.colcon_core.package_identification:_identify(build) by extension 'ignore'
[0.325s] Level 1:colcon.colcon_core.package_identification:_identify(build) ignored
[0.325s] Level 1:colcon.colcon_core.package_identification:_identify(install) by extensions ['ignore', 'ignore_ament_install']
[0.325s] Level 1:colcon.colcon_core.package_identification:_identify(install) by extension 'ignore'
[0.325s] Level 1:colcon.colcon_core.package_identification:_identify(install) ignored
[0.325s] Level 1:colcon.colcon_core.package_identification:_identify(log) by extensions ['ignore', 'ignore_ament_install']
[0.325s] Level 1:colcon.colcon_core.package_identification:_identify(log) by extension 'ignore'
[0.325s] Level 1:colcon.colcon_core.package_identification:_identify(log) ignored
[0.325s] Level 1:colcon.colcon_core.package_identification:_identify(src) by extensions ['ignore', 'ignore_ament_install']
[0.326s] Level 1:colcon.colcon_core.package_identification:_identify(src) by extension 'ignore'
[0.326s] Level 1:colcon.colcon_core.package_identification:_identify(src) by extension 'ignore_ament_install'
[0.326s] Level 1:colcon.colcon_core.package_identification:_identify(src) by extensions ['colcon_pkg']
[0.326s] Level 1:colcon.colcon_core.package_identification:_identify(src) by extension 'colcon_pkg'
[0.326s] Level 1:colcon.colcon_core.package_identification:_identify(src) by extensions ['colcon_meta']
[0.326s] Level 1:colcon.colcon_core.package_identification:_identify(src) by extension 'colcon_meta'
[0.326s] Level 1:colcon.colcon_core.package_identification:_identify(src) by extensions ['ros']
[0.326s] Level 1:colcon.colcon_core.package_identification:_identify(src) by extension 'ros'
[0.326s] Level 1:colcon.colcon_core.package_identification:_identify(src) by extensions ['cmake', 'python']
[0.326s] Level 1:colcon.colcon_core.package_identification:_identify(src) by extension 'cmake'
[0.326s] Level 1:colcon.colcon_core.package_identification:_identify(src) by extension 'python'
[0.326s] Level 1:colcon.colcon_core.package_identification:_identify(src) by extensions ['python_setup_py']
[0.326s] Level 1:colcon.colcon_core.package_identification:_identify(src) by extension 'python_setup_py'
[0.326s] Level 1:colcon.colcon_core.package_identification:_identify(src/robot1_control) by extensions ['ignore', 'ignore_ament_install']
[0.326s] Level 1:colcon.colcon_core.package_identification:_identify(src/robot1_control) by extension 'ignore'
[0.326s] Level 1:colcon.colcon_core.package_identification:_identify(src/robot1_control) by extension 'ignore_ament_install'
[0.326s] Level 1:colcon.colcon_core.package_identification:_identify(src/robot1_control) by extensions ['colcon_pkg']
[0.326s] Level 1:colcon.colcon_core.package_identification:_identify(src/robot1_control) by extension 'colcon_pkg'
[0.326s] Level 1:colcon.colcon_core.package_identification:_identify(src/robot1_control) by extensions ['colcon_meta']
[0.326s] Level 1:colcon.colcon_core.package_identification:_identify(src/robot1_control) by extension 'colcon_meta'
[0.326s] Level 1:colcon.colcon_core.package_identification:_identify(src/robot1_control) by extensions ['ros']
[0.326s] Level 1:colcon.colcon_core.package_identification:_identify(src/robot1_control) by extension 'ros'
[0.330s] DEBUG:colcon.colcon_core.package_identification:Package 'src/robot1_control' with type 'ros.ament_python' and name 'robot1_control'
[0.330s] Level 1:colcon.colcon_core.package_identification:_identify(src/robot1_description) by extensions ['ignore', 'ignore_ament_install']
[0.330s] Level 1:colcon.colcon_core.package_identification:_identify(src/robot1_description) by extension 'ignore'
[0.330s] Level 1:colcon.colcon_core.package_identification:_identify(src/robot1_description) by extension 'ignore_ament_install'
[0.330s] Level 1:colcon.colcon_core.package_identification:_identify(src/robot1_description) by extensions ['colcon_pkg']
[0.330s] Level 1:colcon.colcon_core.package_identification:_identify(src/robot1_description) by extension 'colcon_pkg'
[0.330s] Level 1:colcon.colcon_core.package_identification:_identify(src/robot1_description) by extensions ['colcon_meta']
[0.330s] Level 1:colcon.colcon_core.package_identification:_identify(src/robot1_description) by extension 'colcon_meta'
[0.331s] Level 1:colcon.colcon_core.package_identification:_identify(src/robot1_description) by extensions ['ros']
[0.331s] Level 1:colcon.colcon_core.package_identification:_identify(src/robot1_description) by extension 'ros'
[0.331s] DEBUG:colcon.colcon_core.package_identification:Package 'src/robot1_description' with type 'ros.ament_python' and name 'robot1_description'
[0.331s] Level 1:colcon.colcon_core.package_identification:_identify(src/robot2_control) by extensions ['ignore', 'ignore_ament_install']
[0.331s] Level 1:colcon.colcon_core.package_identification:_identify(src/robot2_control) by extension 'ignore'
[0.331s] Level 1:colcon.colcon_core.package_identification:_identify(src/robot2_control) by extension 'ignore_ament_install'
[0.331s] Level 1:colcon.colcon_core.package_identification:_identify(src/robot2_control) by extensions ['colcon_pkg']
[0.331s] Level 1:colcon.colcon_core.package_identification:_identify(src/robot2_control) by extension 'colcon_pkg'
[0.331s] Level 1:colcon.colcon_core.package_identification:_identify(src/robot2_control) by extensions ['colcon_meta']
[0.331s] Level 1:colcon.colcon_core.package_identification:_identify(src/robot2_control) by extension 'colcon_meta'
[0.331s] Level 1:colcon.colcon_core.package_identification:_identify(src/robot2_control) by extensions ['ros']
[0.331s] Level 1:colcon.colcon_core.package_identification:_identify(src/robot2_control) by extension 'ros'
[0.332s] DEBUG:colcon.colcon_core.package_identification:Package 'src/robot2_control' with type 'ros.ament_python' and name 'robot2_control'
[0.332s] Level 1:colcon.colcon_core.package_identification:_identify(src/robot2_description) by extensions ['ignore', 'ignore_ament_install']
[0.332s] Level 1:colcon.colcon_core.package_identification:_identify(src/robot2_description) by extension 'ignore'
[0.332s] Level 1:colcon.colcon_core.package_identification:_identify(src/robot2_description) by extension 'ignore_ament_install'
[0.332s] Level 1:colcon.colcon_core.package_identification:_identify(src/robot2_description) by extensions ['colcon_pkg']
[0.332s] Level 1:colcon.colcon_core.package_identification:_identify(src/robot2_description) by extension 'colcon_pkg'
[0.332s] Level 1:colcon.colcon_core.package_identification:_identify(src/robot2_description) by extensions ['colcon_meta']
[0.332s] Level 1:colcon.colcon_core.package_identification:_identify(src/robot2_description) by extension 'colcon_meta'
[0.332s] Level 1:colcon.colcon_core.package_identification:_identify(src/robot2_description) by extensions ['ros']
[0.332s] Level 1:colcon.colcon_core.package_identification:_identify(src/robot2_description) by extension 'ros'
[0.333s] DEBUG:colcon.colcon_core.package_identification:Package 'src/robot2_description' with type 'ros.ament_python' and name 'robot2_description'
[0.333s] Level 1:colcon.colcon_core.package_identification:_identify(src/robot_bringup) by extensions ['ignore', 'ignore_ament_install']
[0.333s] Level 1:colcon.colcon_core.package_identification:_identify(src/robot_bringup) by extension 'ignore'
[0.333s] Level 1:colcon.colcon_core.package_identification:_identify(src/robot_bringup) by extension 'ignore_ament_install'
[0.333s] Level 1:colcon.colcon_core.package_identification:_identify(src/robot_bringup) by extensions ['colcon_pkg']
[0.333s] Level 1:colcon.colcon_core.package_identification:_identify(src/robot_bringup) by extension 'colcon_pkg'
[0.333s] Level 1:colcon.colcon_core.package_identification:_identify(src/robot_bringup) by extensions ['colcon_meta']
[0.333s] Level 1:colcon.colcon_core.package_identification:_identify(src/robot_bringup) by extension 'colcon_meta'
[0.333s] Level 1:colcon.colcon_core.package_identification:_identify(src/robot_bringup) by extensions ['ros']
[0.333s] Level 1:colcon.colcon_core.package_identification:_identify(src/robot_bringup) by extension 'ros'
[0.333s] DEBUG:colcon.colcon_core.package_identification:Package 'src/robot_bringup' with type 'ros.ament_python' and name 'robot_bringup'
[0.334s] Level 1:colcon.colcon_core.package_discovery:discover_packages(recursive) using defaults
[0.334s] Level 1:colcon.colcon_core.package_discovery:discover_packages(ignore) discover
[0.334s] Level 1:colcon.colcon_core.package_discovery:discover_packages(ignore) using defaults
[0.334s] Level 1:colcon.colcon_core.package_discovery:discover_packages(path) discover
[0.334s] Level 1:colcon.colcon_core.package_discovery:discover_packages(path) using defaults
[0.350s] Level 1:colcon.colcon_core.package_discovery:discover_packages(prefix_path) check parameters
[0.350s] Level 1:colcon.colcon_core.package_discovery:discover_packages(prefix_path) discover
[0.353s] DEBUG:colcon.colcon_installed_package_information.package_discovery:Found 429 installed packages in /opt/ros/humble
[0.354s] Level 1:colcon.colcon_core.package_discovery:discover_packages(prefix_path) using defaults
[0.401s] Level 5:colcon.colcon_core.verb:set package 'robot1_control' build argument 'cmake_args' from command line to 'None'
[0.402s] Level 5:colcon.colcon_core.verb:set package 'robot1_control' build argument 'cmake_target' from command line to 'None'
[0.402s] Level 5:colcon.colcon_core.verb:set package 'robot1_control' build argument 'cmake_target_skip_unavailable' from command line to 'False'
[0.402s] Level 5:colcon.colcon_core.verb:set package 'robot1_control' build argument 'cmake_clean_cache' from command line to 'False'
[0.402s] Level 5:colcon.colcon_core.verb:set package 'robot1_control' build argument 'cmake_clean_first' from command line to 'False'
[0.402s] Level 5:colcon.colcon_core.verb:set package 'robot1_control' build argument 'cmake_force_configure' from command line to 'False'
[0.402s] Level 5:colcon.colcon_core.verb:set package 'robot1_control' build argument 'ament_cmake_args' from command line to 'None'
[0.402s] Level 5:colcon.colcon_core.verb:set package 'robot1_control' build argument 'catkin_cmake_args' from command line to 'None'
[0.402s] Level 5:colcon.colcon_core.verb:set package 'robot1_control' build argument 'catkin_skip_building_tests' from command line to 'False'
[0.402s] DEBUG:colcon.colcon_core.verb:Building package 'robot1_control' with the following arguments: {'ament_cmake_args': None, 'build_base': '/home/robousr/Robotica-2026-1/Proyecto_Final_ws/build/robot1_control', 'catkin_cmake_args': None, 'catkin_skip_building_tests': False, 'cmake_args': None, 'cmake_clean_cache': False, 'cmake_clean_first': False, 'cmake_force_configure': False, 'cmake_target': None, 'cmake_target_skip_unavailable': False, 'install_base': '/home/robousr/Robotica-2026-1/Proyecto_Final_ws/install/robot1_control', 'merge_install': False, 'path': '/home/robousr/Robotica-2026-1/Proyecto_Final_ws/src/robot1_control', 'symlink_install': False, 'test_result_base': None}
[0.402s] Level 5:colcon.colcon_core.verb:set package 'robot1_description' build argument 'cmake_args' from command line to 'None'
[0.402s] Level 5:colcon.colcon_core.verb:set package 'robot1_description' build argument 'cmake_target' from command line to 'None'
[0.402s] Level 5:colcon.colcon_core.verb:set package 'robot1_description' build argument 'cmake_target_skip_unavailable' from command line to 'False'
[0.402s] Level 5:colcon.colcon_core.verb:set package 'robot1_description' build argument 'cmake_clean_cache' from command line to 'False'
[0.402s] Level 5:colcon.colcon_core.verb:set package 'robot1_description' build argument 'cmake_clean_first' from command line to 'False'
[0.402s] Level 5:colcon.colcon_core.verb:set package 'robot1_description' build argument 'cmake_force_configure' from command line to 'False'
[0.402s] Level 5:colcon.colcon_core.verb:set package 'robot1_description' build argument 'ament_cmake_args' from command line to 'None'
[0.402s] Level 5:colcon.colcon_core.verb:set package 'robot1_description' build argument 'catkin_cmake_args' from command line to 'None'
[0.402s] Level 5:colcon.colcon_core.verb:set package 'robot1_description' build argument 'catkin_skip_building_tests' from command line to 'False'
[0.402s] DEBUG:colcon.colcon_core.verb:Building package 'robot1_description' with the following arguments: {'ament_cmake_args': None, 'build_base': '/home/robousr/Robotica-2026-1/Proyecto_Final_ws/build/robot1_description', 'catkin_cmake_args': None, 'catkin_skip_building_tests': False, 'cmake_args': None, 'cmake_clean_cache': False, 'cmake_clean_first': False, 'cmake_force_configure': False, 'cmake_target': None, 'cmake_target_skip_unavailable': False, 'install_base': '/home/robousr/Robotica-2026-1/Proyecto_Final_ws/install/robot1_description', 'merge_install': False, 'path': '/home/robousr/Robotica-2026-1/Proyecto_Final_ws/src/robot1_description', 'symlink_install': False, 'test_result_base': None}
[0.403s] Level 5:colcon.colcon_core.verb:set package 'robot2_control' build argument 'cmake_args' from command line to 'None'
[0.403s] Level 5:colcon.colcon_core.verb:set package 'robot2_control' build argument 'cmake_target' from command line to 'None'
[0.403s] Level 5:colcon.colcon_core.verb:set package 'robot2_control' build argument 'cmake_target_skip_unavailable' from command line to 'False'
[0.403s] Level 5:colcon.colcon_core.verb:set package 'robot2_control' build argument 'cmake_clean_cache' from command line to 'False'
[0.403s] Level 5:colcon.colcon_core.verb:set package 'robot2_control' build argument 'cmake_clean_first' from command line to 'False'
[0.403s] Level 5:colcon.colcon_core.verb:set package 'robot2_control' build argument 'cmake_force_configure' from command line to 'False'
[0.403s] Level 5:colcon.colcon_core.verb:set package 'robot2_control' build argument 'ament_cmake_args' from command line to 'None'
[0.403s] Level 5:colcon.colcon_core.verb:set package 'robot2_control' build argument 'catkin_cmake_args' from command line to 'None'
[0.403s] Level 5:colcon.colcon_core.verb:set package 'robot2_control' build argument 'catkin_skip_building_tests' from command line to 'False'
[0.403s] DEBUG:colcon.colcon_core.verb:Building package 'robot2_control' with the following arguments: {'ament_cmake_args': None, 'build_base': '/home/robousr/Robotica-2026-1/Proyecto_Final_ws/build/robot2_control', 'catkin_cmake_args': None, 'catkin_skip_building_tests': False, 'cmake_args': None, 'cmake_clean_cache': False, 'cmake_clean_first': False, 'cmake_force_configure': False, 'cmake_target': None, 'cmake_target_skip_unavailable': False, 'install_base': '/home/robousr/Robotica-2026-1/Proyecto_Final_ws/install/robot2_control', 'merge_install': False, 'path': '/home/robousr/Robotica-2026-1/Proyecto_Final_ws/src/robot2_control', 'symlink_install': False, 'test_result_base': None}
[0.403s] Level 5:colcon.colcon_core.verb:set package 'robot2_description' build argument 'cmake_args' from command line to 'None'
[0.403s] Level 5:colcon.colcon_core.verb:set package 'robot2_description' build argument 'cmake_target' from command line to 'None'
[0.403s] Level 5:colcon.colcon_core.verb:set package 'robot2_description' build argument 'cmake_target_skip_unavailable' from command line to 'False'
[0.403s] Level 5:colcon.colcon_core.verb:set package 'robot2_description' build argument 'cmake_clean_cache' from command line to 'False'
[0.403s] Level 5:colcon.colcon_core.verb:set package 'robot2_description' build argument 'cmake_clean_first' from command line to 'False'
[0.403s] Level 5:colcon.colcon_core.verb:set package 'robot2_description' build argument 'cmake_force_configure' from command line to 'False'
[0.403s] Level 5:colcon.colcon_core.verb:set package 'robot2_description' build argument 'ament_cmake_args' from command line to 'None'
[0.403s] Level 5:colcon.colcon_core.verb:set package 'robot2_description' build argument 'catkin_cmake_args' from command line to 'None'
[0.403s] Level 5:colcon.colcon_core.verb:set package 'robot2_description' build argument 'catkin_skip_building_tests' from command line to 'False'
[0.403s] DEBUG:colcon.colcon_core.verb:Building package 'robot2_description' with the following arguments: {'ament_cmake_args': None, 'build_base': '/home/robousr/Robotica-2026-1/Proyecto_Final_ws/build/robot2_description', 'catkin_cmake_args': None, 'catkin_skip_building_tests': False, 'cmake_args': None, 'cmake_clean_cache': False, 'cmake_clean_first': False, 'cmake_force_configure': False, 'cmake_target': None, 'cmake_target_skip_unavailable': False, 'install_base': '/home/robousr/Robotica-2026-1/Proyecto_Final_ws/install/robot2_description', 'merge_install': False, 'path': '/home/robousr/Robotica-2026-1/Proyecto_Final_ws/src/robot2_description', 'symlink_install': False, 'test_result_base': None}
[0.404s] Level 5:colcon.colcon_core.verb:set package 'robot_bringup' build argument 'cmake_args' from command line to 'None'
[0.404s] Level 5:colcon.colcon_core.verb:set package 'robot_bringup' build argument 'cmake_target' from command line to 'None'
[0.404s] Level 5:colcon.colcon_core.verb:set package 'robot_bringup' build argument 'cmake_target_skip_unavailable' from command line to 'False'
[0.404s] Level 5:colcon.colcon_core.verb:set package 'robot_bringup' build argument 'cmake_clean_cache' from command line to 'False'
[0.404s] Level 5:colcon.colcon_core.verb:set package 'robot_bringup' build argument 'cmake_clean_first' from command line to 'False'
[0.404s] Level 5:colcon.colcon_core.verb:set package 'robot_bringup' build argument 'cmake_force_configure' from command line to 'False'
[0.404s] Level 5:colcon.colcon_core.verb:set package 'robot_bringup' build argument 'ament_cmake_args' from command line to 'None'
[0.404s] Level 5:colcon.colcon_core.verb:set package 'robot_bringup' build argument 'catkin_cmake_args' from command line to 'None'
[0.404s] Level 5:colcon.colcon_core.verb:set package 'robot_bringup' build argument 'catkin_skip_building_tests' from command line to 'False'
[0.404s] DEBUG:colcon.colcon_core.verb:Building package 'robot_bringup' with the following arguments: {'ament_cmake_args': None, 'build_base': '/home/robousr/Robotica-2026-1/Proyecto_Final_ws/build/robot_bringup', 'catkin_cmake_args': None, 'catkin_skip_building_tests': False, 'cmake_args': None, 'cmake_clean_cache': False, 'cmake_clean_first': False, 'cmake_force_configure': False, 'cmake_target': None, 'cmake_target_skip_unavailable': False, 'install_base': '/home/robousr/Robotica-2026-1/Proyecto_Final_ws/install/robot_bringup', 'merge_install': False, 'path': '/home/robousr/Robotica-2026-1/Proyecto_Final_ws/src/robot_bringup', 'symlink_install': False, 'test_result_base': None}
[0.404s] INFO:colcon.colcon_core.executor:Executing jobs using 'parallel' executor
[0.406s] DEBUG:colcon.colcon_parallel_executor.executor.parallel:run_until_complete
[0.406s] INFO:colcon.colcon_ros.task.ament_python.build:Building ROS package in '/home/robousr/Robotica-2026-1/Proyecto_Final_ws/src/robot1_control' with build type 'ament_python'
[0.407s] Level 1:colcon.colcon_core.shell:create_environment_hook('robot1_control', 'ament_prefix_path')
[0.408s] INFO:colcon.colcon_core.plugin_system:Skipping extension 'colcon_core.shell.bat': Not used on non-Windows systems
[0.408s] INFO:colcon.colcon_core.shell:Creating environment hook '/home/robousr/Robotica-2026-1/Proyecto_Final_ws/install/robot1_control/share/robot1_control/hook/ament_prefix_path.ps1'
[0.409s] INFO:colcon.colcon_core.shell:Creating environment descriptor '/home/robousr/Robotica-2026-1/Proyecto_Final_ws/install/robot1_control/share/robot1_control/hook/ament_prefix_path.dsv'
[0.410s] INFO:colcon.colcon_core.shell:Creating environment hook '/home/robousr/Robotica-2026-1/Proyecto_Final_ws/install/robot1_control/share/robot1_control/hook/ament_prefix_path.sh'
[0.411s] INFO:colcon.colcon_core.shell:Skip shell extension 'powershell' for command environment: Not usable outside of PowerShell
[0.411s] DEBUG:colcon.colcon_core.shell:Skip shell extension 'dsv' for command environment
[0.415s] INFO:colcon.colcon_ros.task.ament_python.build:Building ROS package in '/home/robousr/Robotica-2026-1/Proyecto_Final_ws/src/robot1_description' with build type 'ament_python'
[0.415s] Level 1:colcon.colcon_core.shell:create_environment_hook('robot1_description', 'ament_prefix_path')
[0.415s] INFO:colcon.colcon_core.shell:Creating environment hook '/home/robousr/Robotica-2026-1/Proyecto_Final_ws/install/robot1_description/share/robot1_description/hook/ament_prefix_path.ps1'
[0.416s] INFO:colcon.colcon_core.shell:Creating environment descriptor '/home/robousr/Robotica-2026-1/Proyecto_Final_ws/install/robot1_description/share/robot1_description/hook/ament_prefix_path.dsv'
[0.417s] INFO:colcon.colcon_core.shell:Creating environment hook '/home/robousr/Robotica-2026-1/Proyecto_Final_ws/install/robot1_description/share/robot1_description/hook/ament_prefix_path.sh'
[0.418s] INFO:colcon.colcon_core.shell:Skip shell extension 'powershell' for command environment: Not usable outside of PowerShell
[0.418s] DEBUG:colcon.colcon_core.shell:Skip shell extension 'dsv' for command environment
[0.422s] INFO:colcon.colcon_ros.task.ament_python.build:Building ROS package in '/home/robousr/Robotica-2026-1/Proyecto_Final_ws/src/robot2_control' with build type 'ament_python'
[0.422s] Level 1:colcon.colcon_core.shell:create_environment_hook('robot2_control', 'ament_prefix_path')
[0.422s] INFO:colcon.colcon_core.shell:Creating environment hook '/home/robousr/Robotica-2026-1/Proyecto_Final_ws/install/robot2_control/share/robot2_control/hook/ament_prefix_path.ps1'
[0.423s] INFO:colcon.colcon_core.shell:Creating environment descriptor '/home/robousr/Robotica-2026-1/Proyecto_Final_ws/install/robot2_control/share/robot2_control/hook/ament_prefix_path.dsv'
[0.425s] INFO:colcon.colcon_core.shell:Creating environment hook '/home/robousr/Robotica-2026-1/Proyecto_Final_ws/install/robot2_control/share/robot2_control/hook/ament_prefix_path.sh'
[0.426s] INFO:colcon.colcon_core.shell:Skip shell extension 'powershell' for command environment: Not usable outside of PowerShell
[0.426s] DEBUG:colcon.colcon_core.shell:Skip shell extension 'dsv' for command environment
[0.429s] INFO:colcon.colcon_ros.task.ament_python.build:Building ROS package in '/home/robousr/Robotica-2026-1/Proyecto_Final_ws/src/robot2_description' with build type 'ament_python'
[0.429s] Level 1:colcon.colcon_core.shell:create_environment_hook('robot2_description', 'ament_prefix_path')
[0.430s] INFO:colcon.colcon_core.shell:Creating environment hook '/home/robousr/Robotica-2026-1/Proyecto_Final_ws/install/robot2_description/share/robot2_description/hook/ament_prefix_path.ps1'
[0.431s] INFO:colcon.colcon_core.shell:Creating environment descriptor '/home/robousr/Robotica-2026-1/Proyecto_Final_ws/install/robot2_description/share/robot2_description/hook/ament_prefix_path.dsv'
[0.431s] INFO:colcon.colcon_core.shell:Creating environment hook '/home/robousr/Robotica-2026-1/Proyecto_Final_ws/install/robot2_description/share/robot2_description/hook/ament_prefix_path.sh'
[0.433s] INFO:colcon.colcon_core.shell:Skip shell extension 'powershell' for command environment: Not usable outside of PowerShell
[0.433s] DEBUG:colcon.colcon_core.shell:Skip shell extension 'dsv' for command environment
[0.740s] INFO:colcon.colcon_core.task.python.build:Building Python package in '/home/robousr/Robotica-2026-1/Proyecto_Final_ws/src/robot1_control'
[0.741s] INFO:colcon.colcon_core.shell:Skip shell extension 'powershell' for command environment: Not usable outside of PowerShell
[0.741s] DEBUG:colcon.colcon_core.shell:Skip shell extension 'dsv' for command environment
[1.054s] INFO:colcon.colcon_core.task.python.build:Building Python package in '/home/robousr/Robotica-2026-1/Proyecto_Final_ws/src/robot1_description'
[1.055s] INFO:colcon.colcon_core.shell:Skip shell extension 'powershell' for command environment: Not usable outside of PowerShell
[1.055s] DEBUG:colcon.colcon_core.shell:Skip shell extension 'dsv' for command environment
[1.351s] INFO:colcon.colcon_core.task.python.build:Building Python package in '/home/robousr/Robotica-2026-1/Proyecto_Final_ws/src/robot2_control'
[1.351s] INFO:colcon.colcon_core.shell:Skip shell extension 'powershell' for command environment: Not usable outside of PowerShell
[1.351s] DEBUG:colcon.colcon_core.shell:Skip shell extension 'dsv' for command environment
[1.631s] INFO:colcon.colcon_core.task.python.build:Building Python package in '/home/robousr/Robotica-2026-1/Proyecto_Final_ws/src/robot2_description'
[1.631s] INFO:colcon.colcon_core.shell:Skip shell extension 'powershell' for command environment: Not usable outside of PowerShell
[1.631s] DEBUG:colcon.colcon_core.shell:Skip shell extension 'dsv' for command environment
[2.099s] DEBUG:colcon.colcon_core.event_handler.log_command:Invoking command in '/home/robousr/Robotica-2026-1/Proyecto_Final_ws/src/robot1_control': PYTHONPATH=/home/robousr/Robotica-2026-1/Proyecto_Final_ws/build/robot1_control/prefix_override:/usr/lib/python3/dist-packages/colcon_core/task/python/colcon_distutils_commands:/home/robousr/Robotica-2026-1/Proyecto_Final_ws/install/robot1_control/lib/python3.10/site-packages:${PYTHONPATH} /usr/bin/python3 -W ignore:setup.py install is deprecated -W ignore:easy_install command is deprecated setup.py egg_info --egg-base ../../build/robot1_control build --build-base /home/robousr/Robotica-2026-1/Proyecto_Final_ws/build/robot1_control/build install --record /home/robousr/Robotica-2026-1/Proyecto_Final_ws/build/robot1_control/install.log --single-version-externally-managed install_data
[2.111s] DEBUG:colcon.colcon_core.event_handler.log_command:Invoking command in '/home/robousr/Robotica-2026-1/Proyecto_Final_ws/src/robot1_description': PYTHONPATH=/home/robousr/Robotica-2026-1/Proyecto_Final_ws/build/robot1_description/prefix_override:/usr/lib/python3/dist-packages/colcon_core/task/python/colcon_distutils_commands:/home/robousr/Robotica-2026-1/Proyecto_Final_ws/install/robot1_description/lib/python3.10/site-packages:${PYTHONPATH} /usr/bin/python3 -W ignore:setup.py install is deprecated -W ignore:easy_install command is deprecated setup.py egg_info --egg-base ../../build/robot1_description build --build-base /home/robousr/Robotica-2026-1/Proyecto_Final_ws/build/robot1_description/build install --record /home/robousr/Robotica-2026-1/Proyecto_Final_ws/build/robot1_description/install.log --single-version-externally-managed install_data
[2.113s] DEBUG:colcon.colcon_core.event_handler.log_command:Invoking command in '/home/robousr/Robotica-2026-1/Proyecto_Final_ws/src/robot2_description': PYTHONPATH=/home/robousr/Robotica-2026-1/Proyecto_Final_ws/build/robot2_description/prefix_override:/usr/lib/python3/dist-packages/colcon_core/task/python/colcon_distutils_commands:/home/robousr/Robotica-2026-1/Proyecto_Final_ws/install/robot2_description/lib/python3.10/site-packages:${PYTHONPATH} /usr/bin/python3 -W ignore:setup.py install is deprecated -W ignore:easy_install command is deprecated setup.py egg_info --egg-base ../../build/robot2_description build --build-base /home/robousr/Robotica-2026-1/Proyecto_Final_ws/build/robot2_description/build install --record /home/robousr/Robotica-2026-1/Proyecto_Final_ws/build/robot2_description/install.log --single-version-externally-managed install_data
[2.120s] DEBUG:colcon.colcon_core.event_handler.log_command:Invoking command in '/home/robousr/Robotica-2026-1/Proyecto_Final_ws/src/robot2_control': PYTHONPATH=/home/robousr/Robotica-2026-1/Proyecto_Final_ws/build/robot2_control/prefix_override:/usr/lib/python3/dist-packages/colcon_core/task/python/colcon_distutils_commands:/home/robousr/Robotica-2026-1/Proyecto_Final_ws/install/robot2_control/lib/python3.10/site-packages:${PYTHONPATH} /usr/bin/python3 -W ignore:setup.py install is deprecated -W ignore:easy_install command is deprecated setup.py egg_info --egg-base ../../build/robot2_control build --build-base /home/robousr/Robotica-2026-1/Proyecto_Final_ws/build/robot2_control/build install --record /home/robousr/Robotica-2026-1/Proyecto_Final_ws/build/robot2_control/install.log --single-version-externally-managed install_data
[2.500s] DEBUG:colcon.colcon_core.event_handler.log_command:Invoked command in '/home/robousr/Robotica-2026-1/Proyecto_Final_ws/src/robot1_control' returned '0': PYTHONPATH=/home/robousr/Robotica-2026-1/Proyecto_Final_ws/build/robot1_control/prefix_override:/usr/lib/python3/dist-packages/colcon_core/task/python/colcon_distutils_commands:/home/robousr/Robotica-2026-1/Proyecto_Final_ws/install/robot1_control/lib/python3.10/site-packages:${PYTHONPATH} /usr/bin/python3 -W ignore:setup.py install is deprecated -W ignore:easy_install command is deprecated setup.py egg_info --egg-base ../../build/robot1_control build --build-base /home/robousr/Robotica-2026-1/Proyecto_Final_ws/build/robot1_control/build install --record /home/robousr/Robotica-2026-1/Proyecto_Final_ws/build/robot1_control/install.log --single-version-externally-managed install_data
[2.503s] Level 1:colcon.colcon_core.environment:checking '/home/robousr/Robotica-2026-1/Proyecto_Final_ws/install/robot1_control' for CMake module files
[2.503s] Level 1:colcon.colcon_core.environment:checking '/home/robousr/Robotica-2026-1/Proyecto_Final_ws/install/robot1_control' for CMake config files
[2.504s] Level 1:colcon.colcon_core.environment:checking '/home/robousr/Robotica-2026-1/Proyecto_Final_ws/install/robot1_control/lib'
[2.504s] Level 1:colcon.colcon_core.environment:checking '/home/robousr/Robotica-2026-1/Proyecto_Final_ws/install/robot1_control/bin'
[2.504s] Level 1:colcon.colcon_core.environment:checking '/home/robousr/Robotica-2026-1/Proyecto_Final_ws/install/robot1_control/lib/pkgconfig/robot1_control.pc'
[2.505s] Level 1:colcon.colcon_core.environment:checking '/home/robousr/Robotica-2026-1/Proyecto_Final_ws/install/robot1_control/lib/python3.10/site-packages'
[2.505s] Level 1:colcon.colcon_core.shell:create_environment_hook('robot1_control', 'pythonpath')
[2.505s] INFO:colcon.colcon_core.shell:Creating environment hook '/home/robousr/Robotica-2026-1/Proyecto_Final_ws/install/robot1_control/share/robot1_control/hook/pythonpath.ps1'
[2.506s] INFO:colcon.colcon_core.shell:Creating environment descriptor '/home/robousr/Robotica-2026-1/Proyecto_Final_ws/install/robot1_control/share/robot1_control/hook/pythonpath.dsv'
[2.506s] INFO:colcon.colcon_core.shell:Creating environment hook '/home/robousr/Robotica-2026-1/Proyecto_Final_ws/install/robot1_control/share/robot1_control/hook/pythonpath.sh'
[2.507s] Level 1:colcon.colcon_core.environment:checking '/home/robousr/Robotica-2026-1/Proyecto_Final_ws/install/robot1_control/bin'
[2.507s] Level 1:colcon.colcon_core.environment:create_environment_scripts_only(robot1_control)
[2.507s] INFO:colcon.colcon_core.shell:Creating package script '/home/robousr/Robotica-2026-1/Proyecto_Final_ws/install/robot1_control/share/robot1_control/package.ps1'
[2.508s] INFO:colcon.colcon_core.shell:Creating package descriptor '/home/robousr/Robotica-2026-1/Proyecto_Final_ws/install/robot1_control/share/robot1_control/package.dsv'
[2.509s] INFO:colcon.colcon_core.shell:Creating package script '/home/robousr/Robotica-2026-1/Proyecto_Final_ws/install/robot1_control/share/robot1_control/package.sh'
[2.509s] INFO:colcon.colcon_core.shell:Creating package script '/home/robousr/Robotica-2026-1/Proyecto_Final_ws/install/robot1_control/share/robot1_control/package.bash'
[2.510s] INFO:colcon.colcon_core.shell:Creating package script '/home/robousr/Robotica-2026-1/Proyecto_Final_ws/install/robot1_control/share/robot1_control/package.zsh'
[2.511s] Level 1:colcon.colcon_core.environment:create_file_with_runtime_dependencies(/home/robousr/Robotica-2026-1/Proyecto_Final_ws/install/robot1_control/share/colcon-core/packages/robot1_control)
[2.512s] INFO:colcon.colcon_ros.task.ament_python.build:Building ROS package in '/home/robousr/Robotica-2026-1/Proyecto_Final_ws/src/robot_bringup' with build type 'ament_python'
[2.513s] Level 1:colcon.colcon_core.shell:create_environment_hook('robot_bringup', 'ament_prefix_path')
[2.513s] INFO:colcon.colcon_core.shell:Creating environment hook '/home/robousr/Robotica-2026-1/Proyecto_Final_ws/install/robot_bringup/share/robot_bringup/hook/ament_prefix_path.ps1'
[2.514s] INFO:colcon.colcon_core.shell:Creating environment descriptor '/home/robousr/Robotica-2026-1/Proyecto_Final_ws/install/robot_bringup/share/robot_bringup/hook/ament_prefix_path.dsv'
[2.515s] INFO:colcon.colcon_core.shell:Creating environment hook '/home/robousr/Robotica-2026-1/Proyecto_Final_ws/install/robot_bringup/share/robot_bringup/hook/ament_prefix_path.sh'
[2.516s] INFO:colcon.colcon_core.shell:Skip shell extension 'powershell' for command environment: Not usable outside of PowerShell
[2.516s] DEBUG:colcon.colcon_core.shell:Skip shell extension 'dsv' for command environment
[2.520s] Level 1:colcon.colcon_core.environment:checking '/home/robousr/Robotica-2026-1/Proyecto_Final_ws/install/robot2_control' for CMake module files
[2.521s] DEBUG:colcon.colcon_core.event_handler.log_command:Invoked command in '/home/robousr/Robotica-2026-1/Proyecto_Final_ws/src/robot2_control' returned '0': PYTHONPATH=/home/robousr/Robotica-2026-1/Proyecto_Final_ws/build/robot2_control/prefix_override:/usr/lib/python3/dist-packages/colcon_core/task/python/colcon_distutils_commands:/home/robousr/Robotica-2026-1/Proyecto_Final_ws/install/robot2_control/lib/python3.10/site-packages:${PYTHONPATH} /usr/bin/python3 -W ignore:setup.py install is deprecated -W ignore:easy_install command is deprecated setup.py egg_info --egg-base ../../build/robot2_control build --build-base /home/robousr/Robotica-2026-1/Proyecto_Final_ws/build/robot2_control/build install --record /home/robousr/Robotica-2026-1/Proyecto_Final_ws/build/robot2_control/install.log --single-version-externally-managed install_data
[2.521s] Level 1:colcon.colcon_core.environment:checking '/home/robousr/Robotica-2026-1/Proyecto_Final_ws/install/robot2_control' for CMake config files
[2.521s] Level 1:colcon.colcon_core.environment:checking '/home/robousr/Robotica-2026-1/Proyecto_Final_ws/install/robot2_control/lib'
[2.521s] Level 1:colcon.colcon_core.environment:checking '/home/robousr/Robotica-2026-1/Proyecto_Final_ws/install/robot2_control/bin'
[2.521s] Level 1:colcon.colcon_core.environment:checking '/home/robousr/Robotica-2026-1/Proyecto_Final_ws/install/robot2_control/lib/pkgconfig/robot2_control.pc'
[2.522s] Level 1:colcon.colcon_core.environment:checking '/home/robousr/Robotica-2026-1/Proyecto_Final_ws/install/robot2_control/lib/python3.10/site-packages'
[2.522s] Level 1:colcon.colcon_core.shell:create_environment_hook('robot2_control', 'pythonpath')
[2.522s] INFO:colcon.colcon_core.shell:Creating environment hook '/home/robousr/Robotica-2026-1/Proyecto_Final_ws/install/robot2_control/share/robot2_control/hook/pythonpath.ps1'
[2.522s] INFO:colcon.colcon_core.shell:Creating environment descriptor '/home/robousr/Robotica-2026-1/Proyecto_Final_ws/install/robot2_control/share/robot2_control/hook/pythonpath.dsv'
[2.523s] INFO:colcon.colcon_core.shell:Creating environment hook '/home/robousr/Robotica-2026-1/Proyecto_Final_ws/install/robot2_control/share/robot2_control/hook/pythonpath.sh'
[2.524s] Level 1:colcon.colcon_core.environment:checking '/home/robousr/Robotica-2026-1/Proyecto_Final_ws/install/robot2_control/bin'
[2.524s] Level 1:colcon.colcon_core.environment:create_environment_scripts_only(robot2_control)
[2.525s] INFO:colcon.colcon_core.shell:Creating package script '/home/robousr/Robotica-2026-1/Proyecto_Final_ws/install/robot2_control/share/robot2_control/package.ps1'
[2.526s] INFO:colcon.colcon_core.shell:Creating package descriptor '/home/robousr/Robotica-2026-1/Proyecto_Final_ws/install/robot2_control/share/robot2_control/package.dsv'
[2.527s] INFO:colcon.colcon_core.shell:Creating package script '/home/robousr/Robotica-2026-1/Proyecto_Final_ws/install/robot2_control/share/robot2_control/package.sh'
[2.528s] INFO:colcon.colcon_core.shell:Creating package script '/home/robousr/Robotica-2026-1/Proyecto_Final_ws/install/robot2_control/share/robot2_control/package.bash'
[2.528s] INFO:colcon.colcon_core.shell:Creating package script '/home/robousr/Robotica-2026-1/Proyecto_Final_ws/install/robot2_control/share/robot2_control/package.zsh'
[2.528s] Level 1:colcon.colcon_core.environment:create_file_with_runtime_dependencies(/home/robousr/Robotica-2026-1/Proyecto_Final_ws/install/robot2_control/share/colcon-core/packages/robot2_control)
[2.532s] Level 1:colcon.colcon_core.environment:checking '/home/robousr/Robotica-2026-1/Proyecto_Final_ws/install/robot1_description' for CMake module files
[2.533s] Level 1:colcon.colcon_core.environment:checking '/home/robousr/Robotica-2026-1/Proyecto_Final_ws/install/robot1_description' for CMake config files
[2.533s] DEBUG:colcon.colcon_core.event_handler.log_command:Invoked command in '/home/robousr/Robotica-2026-1/Proyecto_Final_ws/src/robot1_description' returned '0': PYTHONPATH=/home/robousr/Robotica-2026-1/Proyecto_Final_ws/build/robot1_description/prefix_override:/usr/lib/python3/dist-packages/colcon_core/task/python/colcon_distutils_commands:/home/robousr/Robotica-2026-1/Proyecto_Final_ws/install/robot1_description/lib/python3.10/site-packages:${PYTHONPATH} /usr/bin/python3 -W ignore:setup.py install is deprecated -W ignore:easy_install command is deprecated setup.py egg_info --egg-base ../../build/robot1_description build --build-base /home/robousr/Robotica-2026-1/Proyecto_Final_ws/build/robot1_description/build install --record /home/robousr/Robotica-2026-1/Proyecto_Final_ws/build/robot1_description/install.log --single-version-externally-managed install_data
[2.534s] Level 1:colcon.colcon_core.environment:checking '/home/robousr/Robotica-2026-1/Proyecto_Final_ws/install/robot1_description/lib'
[2.534s] Level 1:colcon.colcon_core.environment:checking '/home/robousr/Robotica-2026-1/Proyecto_Final_ws/install/robot1_description/bin'
[2.534s] Level 1:colcon.colcon_core.environment:checking '/home/robousr/Robotica-2026-1/Proyecto_Final_ws/install/robot1_description/lib/pkgconfig/robot1_description.pc'
[2.534s] Level 1:colcon.colcon_core.environment:checking '/home/robousr/Robotica-2026-1/Proyecto_Final_ws/install/robot1_description/lib/python3.10/site-packages'
[2.534s] Level 1:colcon.colcon_core.shell:create_environment_hook('robot1_description', 'pythonpath')
[2.535s] INFO:colcon.colcon_core.shell:Creating environment hook '/home/robousr/Robotica-2026-1/Proyecto_Final_ws/install/robot1_description/share/robot1_description/hook/pythonpath.ps1'
[2.535s] INFO:colcon.colcon_core.shell:Creating environment descriptor '/home/robousr/Robotica-2026-1/Proyecto_Final_ws/install/robot1_description/share/robot1_description/hook/pythonpath.dsv'
[2.536s] INFO:colcon.colcon_core.shell:Creating environment hook '/home/robousr/Robotica-2026-1/Proyecto_Final_ws/install/robot1_description/share/robot1_description/hook/pythonpath.sh'
[2.536s] Level 1:colcon.colcon_core.environment:checking '/home/robousr/Robotica-2026-1/Proyecto_Final_ws/install/robot1_description/bin'
[2.536s] Level 1:colcon.colcon_core.environment:create_environment_scripts_only(robot1_description)
[2.537s] INFO:colcon.colcon_core.shell:Creating package script '/home/robousr/Robotica-2026-1/Proyecto_Final_ws/install/robot1_description/share/robot1_description/package.ps1'
[2.537s] INFO:colcon.colcon_core.shell:Creating package descriptor '/home/robousr/Robotica-2026-1/Proyecto_Final_ws/install/robot1_description/share/robot1_description/package.dsv'
[2.538s] INFO:colcon.colcon_core.shell:Creating package script '/home/robousr/Robotica-2026-1/Proyecto_Final_ws/install/robot1_description/share/robot1_description/package.sh'
[2.538s] INFO:colcon.colcon_core.shell:Creating package script '/home/robousr/Robotica-2026-1/Proyecto_Final_ws/install/robot1_description/share/robot1_description/package.bash'
[2.539s] INFO:colcon.colcon_core.shell:Creating package script '/home/robousr/Robotica-2026-1/Proyecto_Final_ws/install/robot1_description/share/robot1_description/package.zsh'
[2.539s] Level 1:colcon.colcon_core.environment:create_file_with_runtime_dependencies(/home/robousr/Robotica-2026-1/Proyecto_Final_ws/install/robot1_description/share/colcon-core/packages/robot1_description)
[2.540s] Level 1:colcon.colcon_core.environment:checking '/home/robousr/Robotica-2026-1/Proyecto_Final_ws/install/robot2_description' for CMake module files
[2.541s] Level 1:colcon.colcon_core.environment:checking '/home/robousr/Robotica-2026-1/Proyecto_Final_ws/install/robot2_description' for CMake config files
[2.542s] DEBUG:colcon.colcon_core.event_handler.log_command:Invoked command in '/home/robousr/Robotica-2026-1/Proyecto_Final_ws/src/robot2_description' returned '0': PYTHONPATH=/home/robousr/Robotica-2026-1/Proyecto_Final_ws/build/robot2_description/prefix_override:/usr/lib/python3/dist-packages/colcon_core/task/python/colcon_distutils_commands:/home/robousr/Robotica-2026-1/Proyecto_Final_ws/install/robot2_description/lib/python3.10/site-packages:${PYTHONPATH} /usr/bin/python3 -W ignore:setup.py install is deprecated -W ignore:easy_install command is deprecated setup.py egg_info --egg-base ../../build/robot2_description build --build-base /home/robousr/Robotica-2026-1/Proyecto_Final_ws/build/robot2_description/build install --record /home/robousr/Robotica-2026-1/Proyecto_Final_ws/build/robot2_description/install.log --single-version-externally-managed install_data
[2.543s] Level 1:colcon.colcon_core.environment:checking '/home/robousr/Robotica-2026-1/Proyecto_Final_ws/install/robot2_description/lib'
[2.543s] Level 1:colcon.colcon_core.environment:checking '/home/robousr/Robotica-2026-1/Proyecto_Final_ws/install/robot2_description/bin'
[2.543s] Level 1:colcon.colcon_core.environment:checking '/home/robousr/Robotica-2026-1/Proyecto_Final_ws/install/robot2_description/lib/pkgconfig/robot2_description.pc'
[2.543s] Level 1:colcon.colcon_core.environment:checking '/home/robousr/Robotica-2026-1/Proyecto_Final_ws/install/robot2_description/lib/python3.10/site-packages'
[2.543s] Level 1:colcon.colcon_core.shell:create_environment_hook('robot2_description', 'pythonpath')
[2.544s] INFO:colcon.colcon_core.shell:Creating environment hook '/home/robousr/Robotica-2026-1/Proyecto_Final_ws/install/robot2_description/share/robot2_description/hook/pythonpath.ps1'
[2.545s] INFO:colcon.colcon_core.shell:Creating environment descriptor '/home/robousr/Robotica-2026-1/Proyecto_Final_ws/install/robot2_description/share/robot2_description/hook/pythonpath.dsv'
[2.546s] INFO:colcon.colcon_core.shell:Creating environment hook '/home/robousr/Robotica-2026-1/Proyecto_Final_ws/install/robot2_description/share/robot2_description/hook/pythonpath.sh'
[2.547s] Level 1:colcon.colcon_core.environment:checking '/home/robousr/Robotica-2026-1/Proyecto_Final_ws/install/robot2_description/bin'
[2.547s] Level 1:colcon.colcon_core.environment:create_environment_scripts_only(robot2_description)
[2.547s] INFO:colcon.colcon_core.shell:Creating package script '/home/robousr/Robotica-2026-1/Proyecto_Final_ws/install/robot2_description/share/robot2_description/package.ps1'
[2.548s] INFO:colcon.colcon_core.shell:Creating package descriptor '/home/robousr/Robotica-2026-1/Proyecto_Final_ws/install/robot2_description/share/robot2_description/package.dsv'
[2.548s] INFO:colcon.colcon_core.shell:Creating package script '/home/robousr/Robotica-2026-1/Proyecto_Final_ws/install/robot2_description/share/robot2_description/package.sh'
[2.549s] INFO:colcon.colcon_core.shell:Creating package script '/home/robousr/Robotica-2026-1/Proyecto_Final_ws/install/robot2_description/share/robot2_description/package.bash'
[2.549s] INFO:colcon.colcon_core.shell:Creating package script '/home/robousr/Robotica-2026-1/Proyecto_Final_ws/install/robot2_description/share/robot2_description/package.zsh'
[2.550s] Level 1:colcon.colcon_core.environment:create_file_with_runtime_dependencies(/home/robousr/Robotica-2026-1/Proyecto_Final_ws/install/robot2_description/share/colcon-core/packages/robot2_description)
[2.829s] INFO:colcon.colcon_core.task.python.build:Building Python package in '/home/robousr/Robotica-2026-1/Proyecto_Final_ws/src/robot_bringup'
[2.829s] INFO:colcon.colcon_core.shell:Skip shell extension 'powershell' for command environment: Not usable outside of PowerShell
[2.829s] DEBUG:colcon.colcon_core.shell:Skip shell extension 'dsv' for command environment
[3.198s] DEBUG:colcon.colcon_core.event_handler.log_command:Invoking command in '/home/robousr/Robotica-2026-1/Proyecto_Final_ws/src/robot_bringup': PYTHONPATH=/home/robousr/Robotica-2026-1/Proyecto_Final_ws/build/robot_bringup/prefix_override:/usr/lib/python3/dist-packages/colcon_core/task/python/colcon_distutils_commands:/home/robousr/Robotica-2026-1/Proyecto_Final_ws/install/robot_bringup/lib/python3.10/site-packages:${PYTHONPATH} /usr/bin/python3 -W ignore:setup.py install is deprecated -W ignore:easy_install command is deprecated setup.py egg_info --egg-base ../../build/robot_bringup build --build-base /home/robousr/Robotica-2026-1/Proyecto_Final_ws/build/robot_bringup/build install --record /home/robousr/Robotica-2026-1/Proyecto_Final_ws/build/robot_bringup/install.log --single-version-externally-managed install_data
[3.501s] Level 1:colcon.colcon_core.environment:checking '/home/robousr/Robotica-2026-1/Proyecto_Final_ws/install/robot_bringup' for CMake module files
[3.502s] DEBUG:colcon.colcon_core.event_handler.log_command:Invoked command in '/home/robousr/Robotica-2026-1/Proyecto_Final_ws/src/robot_bringup' returned '0': PYTHONPATH=/home/robousr/Robotica-2026-1/Proyecto_Final_ws/build/robot_bringup/prefix_override:/usr/lib/python3/dist-packages/colcon_core/task/python/colcon_distutils_commands:/home/robousr/Robotica-2026-1/Proyecto_Final_ws/install/robot_bringup/lib/python3.10/site-packages:${PYTHONPATH} /usr/bin/python3 -W ignore:setup.py install is deprecated -W ignore:easy_install command is deprecated setup.py egg_info --egg-base ../../build/robot_bringup build --build-base /home/robousr/Robotica-2026-1/Proyecto_Final_ws/build/robot_bringup/build install --record /home/robousr/Robotica-2026-1/Proyecto_Final_ws/build/robot_bringup/install.log --single-version-externally-managed install_data
[3.502s] Level 1:colcon.colcon_core.environment:checking '/home/robousr/Robotica-2026-1/Proyecto_Final_ws/install/robot_bringup' for CMake config files
[3.503s] Level 1:colcon.colcon_core.environment:checking '/home/robousr/Robotica-2026-1/Proyecto_Final_ws/install/robot_bringup/lib'
[3.503s] Level 1:colcon.colcon_core.environment:checking '/home/robousr/Robotica-2026-1/Proyecto_Final_ws/install/robot_bringup/bin'
[3.503s] Level 1:colcon.colcon_core.environment:checking '/home/robousr/Robotica-2026-1/Proyecto_Final_ws/install/robot_bringup/lib/pkgconfig/robot_bringup.pc'
[3.503s] Level 1:colcon.colcon_core.environment:checking '/home/robousr/Robotica-2026-1/Proyecto_Final_ws/install/robot_bringup/lib/python3.10/site-packages'
[3.503s] Level 1:colcon.colcon_core.shell:create_environment_hook('robot_bringup', 'pythonpath')
[3.504s] INFO:colcon.colcon_core.shell:Creating environment hook '/home/robousr/Robotica-2026-1/Proyecto_Final_ws/install/robot_bringup/share/robot_bringup/hook/pythonpath.ps1'
[3.504s] INFO:colcon.colcon_core.shell:Creating environment descriptor '/home/robousr/Robotica-2026-1/Proyecto_Final_ws/install/robot_bringup/share/robot_bringup/hook/pythonpath.dsv'
[3.504s] INFO:colcon.colcon_core.shell:Creating environment hook '/home/robousr/Robotica-2026-1/Proyecto_Final_ws/install/robot_bringup/share/robot_bringup/hook/pythonpath.sh'
[3.505s] Level 1:colcon.colcon_core.environment:checking '/home/robousr/Robotica-2026-1/Proyecto_Final_ws/install/robot_bringup/bin'
[3.505s] Level 1:colcon.colcon_core.environment:create_environment_scripts_only(robot_bringup)
[3.505s] INFO:colcon.colcon_core.shell:Creating package script '/home/robousr/Robotica-2026-1/Proyecto_Final_ws/install/robot_bringup/share/robot_bringup/package.ps1'
[3.506s] INFO:colcon.colcon_core.shell:Creating package descriptor '/home/robousr/Robotica-2026-1/Proyecto_Final_ws/install/robot_bringup/share/robot_bringup/package.dsv'
[3.506s] INFO:colcon.colcon_core.shell:Creating package script '/home/robousr/Robotica-2026-1/Proyecto_Final_ws/install/robot_bringup/share/robot_bringup/package.sh'
[3.507s] INFO:colcon.colcon_core.shell:Creating package script '/home/robousr/Robotica-2026-1/Proyecto_Final_ws/install/robot_bringup/share/robot_bringup/package.bash'
[3.507s] INFO:colcon.colcon_core.shell:Creating package script '/home/robousr/Robotica-2026-1/Proyecto_Final_ws/install/robot_bringup/share/robot_bringup/package.zsh'
[3.507s] Level 1:colcon.colcon_core.environment:create_file_with_runtime_dependencies(/home/robousr/Robotica-2026-1/Proyecto_Final_ws/install/robot_bringup/share/colcon-core/packages/robot_bringup)
[3.509s] DEBUG:colcon.colcon_parallel_executor.executor.parallel:closing loop
[3.509s] DEBUG:colcon.colcon_parallel_executor.executor.parallel:loop closed
[3.510s] DEBUG:colcon.colcon_parallel_executor.executor.parallel:run_until_complete finished with '0'
[3.510s] DEBUG:colcon.colcon_core.event_reactor:joining thread
[3.518s] INFO:colcon.colcon_core.plugin_system:Skipping extension 'colcon_notification.desktop_notification.terminal_notifier': Not used on non-Darwin systems
[3.518s] INFO:colcon.colcon_core.plugin_system:Skipping extension 'colcon_notification.desktop_notification.win32': Not used on non-Windows systems
[3.518s] INFO:colcon.colcon_notification.desktop_notification:Sending desktop notification using 'notify2'
[3.533s] DEBUG:colcon.colcon_core.event_reactor:joined thread
[3.534s] INFO:colcon.colcon_core.shell:Creating prefix script '/home/robousr/Robotica-2026-1/Proyecto_Final_ws/install/local_setup.ps1'
[3.535s] INFO:colcon.colcon_core.shell:Creating prefix util module '/home/robousr/Robotica-2026-1/Proyecto_Final_ws/install/_local_setup_util_ps1.py'
[3.537s] INFO:colcon.colcon_core.shell:Creating prefix chain script '/home/robousr/Robotica-2026-1/Proyecto_Final_ws/install/setup.ps1'
[3.538s] INFO:colcon.colcon_core.shell:Creating prefix script '/home/robousr/Robotica-2026-1/Proyecto_Final_ws/install/local_setup.sh'
[3.539s] INFO:colcon.colcon_core.shell:Creating prefix util module '/home/robousr/Robotica-2026-1/Proyecto_Final_ws/install/_local_setup_util_sh.py'
[3.540s] INFO:colcon.colcon_core.shell:Creating prefix chain script '/home/robousr/Robotica-2026-1/Proyecto_Final_ws/install/setup.sh'
[3.541s] INFO:colcon.colcon_core.shell:Creating prefix script '/home/robousr/Robotica-2026-1/Proyecto_Final_ws/install/local_setup.bash'
[3.541s] INFO:colcon.colcon_core.shell:Creating prefix chain script '/home/robousr/Robotica-2026-1/Proyecto_Final_ws/install/setup.bash'
[3.542s] INFO:colcon.colcon_core.shell:Creating prefix script '/home/robousr/Robotica-2026-1/Proyecto_Final_ws/install/local_setup.zsh'
[3.543s] INFO:colcon.colcon_core.shell:Creating prefix chain script '/home/robousr/Robotica-2026-1/Proyecto_Final_ws/install/setup.zsh'
