[0.951s] Invoking command in '/home/robousr/Desktop/Robotica_Semestre-2026-1/Proyecto_Final_ws/build/robot_bringup': PYTHONPATH=/home/robousr/Desktop/Robotica_Semestre-2026-1/Proyecto_Final_ws/build/robot_bringup/prefix_override:/usr/lib/python3/dist-packages/colcon_core/task/python/colcon_distutils_commands:/home/robousr/Desktop/Robotica_Semestre-2026-1/Proyecto_Final_ws/install/robot_bringup/lib/python3.10/site-packages:${PYTHONPATH} /usr/bin/python3 -W ignore:setup.py install is deprecated -W ignore:easy_install command is deprecated setup.py develop --editable --build-directory /home/robousr/Desktop/Robotica_Semestre-2026-1/Proyecto_Final_ws/build/robot_bringup/build --no-deps symlink_data
[1.240s] running develop
[1.409s] running egg_info
[1.409s] creating robot_bringup.egg-info
[1.411s] writing robot_bringup.egg-info/PKG-INFO
[1.411s] writing dependency_links to robot_bringup.egg-info/dependency_links.txt
[1.411s] writing entry points to robot_bringup.egg-info/entry_points.txt
[1.411s] writing requirements to robot_bringup.egg-info/requires.txt
[1.411s] writing top-level names to robot_bringup.egg-info/top_level.txt
[1.411s] writing manifest file 'robot_bringup.egg-info/SOURCES.txt'
[1.412s] reading manifest file 'robot_bringup.egg-info/SOURCES.txt'
[1.414s] writing manifest file 'robot_bringup.egg-info/SOURCES.txt'
[1.416s] running build_ext
[1.416s] Creating /home/robousr/Desktop/Robotica_Semestre-2026-1/Proyecto_Final_ws/install/robot_bringup/lib/python3.10/site-packages/robot-bringup.egg-link (link to .)
[1.417s] 
[1.417s] Installed /home/robousr/Desktop/Robotica_Semestre-2026-1/Proyecto_Final_ws/build/robot_bringup
[1.417s] running symlink_data
[1.417s] creating /home/robousr/Desktop/Robotica_Semestre-2026-1/Proyecto_Final_ws/install/robot_bringup/share/ament_index
[1.417s] creating /home/robousr/Desktop/Robotica_Semestre-2026-1/Proyecto_Final_ws/install/robot_bringup/share/ament_index/resource_index
[1.417s] creating /home/robousr/Desktop/Robotica_Semestre-2026-1/Proyecto_Final_ws/install/robot_bringup/share/ament_index/resource_index/packages
[1.417s] symbolically linking /home/robousr/Desktop/Robotica_Semestre-2026-1/Proyecto_Final_ws/build/robot_bringup/resource/robot_bringup -> /home/robousr/Desktop/Robotica_Semestre-2026-1/Proyecto_Final_ws/install/robot_bringup/share/ament_index/resource_index/packages
[1.417s] symbolically linking /home/robousr/Desktop/Robotica_Semestre-2026-1/Proyecto_Final_ws/build/robot_bringup/package.xml -> /home/robousr/Desktop/Robotica_Semestre-2026-1/Proyecto_Final_ws/install/robot_bringup/share/robot_bringup
[1.417s] creating /home/robousr/Desktop/Robotica_Semestre-2026-1/Proyecto_Final_ws/install/robot_bringup/share/robot_bringup/launch
[1.417s] symbolically linking /home/robousr/Desktop/Robotica_Semestre-2026-1/Proyecto_Final_ws/build/robot_bringup/launch/robot2.launch.py -> /home/robousr/Desktop/Robotica_Semestre-2026-1/Proyecto_Final_ws/install/robot_bringup/share/robot_bringup/launch
[1.417s] symbolically linking /home/robousr/Desktop/Robotica_Semestre-2026-1/Proyecto_Final_ws/build/robot_bringup/launch/robot1.launch.py -> /home/robousr/Desktop/Robotica_Semestre-2026-1/Proyecto_Final_ws/install/robot_bringup/share/robot_bringup/launch
[1.455s] Invoked command in '/home/robousr/Desktop/Robotica_Semestre-2026-1/Proyecto_Final_ws/build/robot_bringup' returned '0': PYTHONPATH=/home/robousr/Desktop/Robotica_Semestre-2026-1/Proyecto_Final_ws/build/robot_bringup/prefix_override:/usr/lib/python3/dist-packages/colcon_core/task/python/colcon_distutils_commands:/home/robousr/Desktop/Robotica_Semestre-2026-1/Proyecto_Final_ws/install/robot_bringup/lib/python3.10/site-packages:${PYTHONPATH} /usr/bin/python3 -W ignore:setup.py install is deprecated -W ignore:easy_install command is deprecated setup.py develop --editable --build-directory /home/robousr/Desktop/Robotica_Semestre-2026-1/Proyecto_Final_ws/build/robot_bringup/build --no-deps symlink_data
