[1.626s] Invoking command in '/home/robousr/Robotica-2026-1/Proyecto_Final_ws/src/robot2_description': PYTHONPATH=/home/robousr/Robotica-2026-1/Proyecto_Final_ws/build/robot2_description/prefix_override:/usr/lib/python3/dist-packages/colcon_core/task/python/colcon_distutils_commands:/home/robousr/Robotica-2026-1/Proyecto_Final_ws/install/robot2_description/lib/python3.10/site-packages:${PYTHONPATH} /usr/bin/python3 -W ignore:setup.py install is deprecated -W ignore:easy_install command is deprecated setup.py egg_info --egg-base ../../build/robot2_description build --build-base /home/robousr/Robotica-2026-1/Proyecto_Final_ws/build/robot2_description/build install --record /home/robousr/Robotica-2026-1/Proyecto_Final_ws/build/robot2_description/install.log --single-version-externally-managed install_data
[1.953s] running egg_info
[1.954s] creating ../../build/robot2_description/robot2_description.egg-info
[1.954s] writing ../../build/robot2_description/robot2_description.egg-info/PKG-INFO
[1.954s] writing dependency_links to ../../build/robot2_description/robot2_description.egg-info/dependency_links.txt
[1.954s] writing entry points to ../../build/robot2_description/robot2_description.egg-info/entry_points.txt
[1.954s] writing requirements to ../../build/robot2_description/robot2_description.egg-info/requires.txt
[1.954s] writing top-level names to ../../build/robot2_description/robot2_description.egg-info/top_level.txt
[1.954s] writing manifest file '../../build/robot2_description/robot2_description.egg-info/SOURCES.txt'
[1.958s] reading manifest file '../../build/robot2_description/robot2_description.egg-info/SOURCES.txt'
[1.960s] writing manifest file '../../build/robot2_description/robot2_description.egg-info/SOURCES.txt'
[1.960s] running build
[1.960s] running build_py
[1.960s] creating /home/robousr/Robotica-2026-1/Proyecto_Final_ws/build/robot2_description/build
[1.960s] creating /home/robousr/Robotica-2026-1/Proyecto_Final_ws/build/robot2_description/build/lib
[1.960s] creating /home/robousr/Robotica-2026-1/Proyecto_Final_ws/build/robot2_description/build/lib/robot2_description
[1.960s] copying robot2_description/__init__.py -> /home/robousr/Robotica-2026-1/Proyecto_Final_ws/build/robot2_description/build/lib/robot2_description
[1.960s] running install
[1.961s] running install_lib
[1.966s] creating /home/robousr/Robotica-2026-1/Proyecto_Final_ws/install/robot2_description/lib/python3.10/site-packages/robot2_description
[1.966s] copying /home/robousr/Robotica-2026-1/Proyecto_Final_ws/build/robot2_description/build/lib/robot2_description/__init__.py -> /home/robousr/Robotica-2026-1/Proyecto_Final_ws/install/robot2_description/lib/python3.10/site-packages/robot2_description
[1.966s] byte-compiling /home/robousr/Robotica-2026-1/Proyecto_Final_ws/install/robot2_description/lib/python3.10/site-packages/robot2_description/__init__.py to __init__.cpython-310.pyc
[1.966s] running install_data
[1.966s] creating /home/robousr/Robotica-2026-1/Proyecto_Final_ws/install/robot2_description/share/ament_index
[1.966s] creating /home/robousr/Robotica-2026-1/Proyecto_Final_ws/install/robot2_description/share/ament_index/resource_index
[1.966s] creating /home/robousr/Robotica-2026-1/Proyecto_Final_ws/install/robot2_description/share/ament_index/resource_index/packages
[1.967s] copying resource/robot2_description -> /home/robousr/Robotica-2026-1/Proyecto_Final_ws/install/robot2_description/share/ament_index/resource_index/packages
[1.969s] copying package.xml -> /home/robousr/Robotica-2026-1/Proyecto_Final_ws/install/robot2_description/share/robot2_description
[1.969s] creating /home/robousr/Robotica-2026-1/Proyecto_Final_ws/install/robot2_description/share/robot2_description/urdf
[1.969s] copying urdf/robot2.urdf -> /home/robousr/Robotica-2026-1/Proyecto_Final_ws/install/robot2_description/share/robot2_description/urdf
[1.969s] creating /home/robousr/Robotica-2026-1/Proyecto_Final_ws/install/robot2_description/share/robot2_description/rviz
[1.969s] copying rviz/robot2_config.rviz -> /home/robousr/Robotica-2026-1/Proyecto_Final_ws/install/robot2_description/share/robot2_description/rviz
[1.969s] running install_egg_info
[1.969s] Copying ../../build/robot2_description/robot2_description.egg-info to /home/robousr/Robotica-2026-1/Proyecto_Final_ws/install/robot2_description/lib/python3.10/site-packages/robot2_description-0.0.0-py3.10.egg-info
[1.972s] running install_scripts
[1.992s] writing list of installed files to '/home/robousr/Robotica-2026-1/Proyecto_Final_ws/build/robot2_description/install.log'
[2.332s] Invoked command in '/home/robousr/Robotica-2026-1/Proyecto_Final_ws/src/robot2_description' returned '0': PYTHONPATH=/home/robousr/Robotica-2026-1/Proyecto_Final_ws/build/robot2_description/prefix_override:/usr/lib/python3/dist-packages/colcon_core/task/python/colcon_distutils_commands:/home/robousr/Robotica-2026-1/Proyecto_Final_ws/install/robot2_description/lib/python3.10/site-packages:${PYTHONPATH} /usr/bin/python3 -W ignore:setup.py install is deprecated -W ignore:easy_install command is deprecated setup.py egg_info --egg-base ../../build/robot2_description build --build-base /home/robousr/Robotica-2026-1/Proyecto_Final_ws/build/robot2_description/build install --record /home/robousr/Robotica-2026-1/Proyecto_Final_ws/build/robot2_description/install.log --single-version-externally-managed install_data
